This file contains any messages produced by compilers while
running configure, to aid debugging if configure makes a mistake.

It was created by iptables configure 1.4.12.1, which was
generated by GNU Autoconf 2.67.  Invocation command line was

  $ ./configure --prefix=/home/michael/2011_04_14_WNDR4500_Alpha/ap/gpl/iptables-1.4.12.1/tmp --host=mipsel-linux --with-ksource=../../../src/linux/linux-2.6 --disable-shared

## --------- ##
## Platform. ##
## --------- ##

hostname = localhost.localdomain
uname -m = i686
uname -r = 2.6.27.41-170.2.117.fc10.i686.PAE
uname -s = Linux
uname -v = #1 SMP Thu Dec 10 10:48:30 EST 2009

/usr/bin/uname -p = unknown
/bin/uname -X     = unknown

/bin/arch              = i686
/usr/bin/arch -k       = unknown
/usr/convex/getsysinfo = unknown
/usr/bin/hostinfo      = unknown
/bin/machine           = unknown
/usr/bin/oslevel       = unknown
/bin/universe          = unknown

PATH: /projects/hnd/tools/linux/hndtools-mipsel-linux-uclibc-4.2.3/bin
PATH: /opt/brcm/hndtools-mipsel-linux-3.2.3/bin
PATH: /opt/brcm/hndtools-mipsel-uclibc-3.2.3/bin
PATH: /usr/lib/qt-3.3/bin
PATH: /usr/kerberos/bin
PATH: /usr/lib/ccache
PATH: /usr/local/bin
PATH: /bin
PATH: /usr/bin
PATH: /usr/local/sbin
PATH: /usr/sbin
PATH: /sbin
PATH: /projects/hnd/tools/linux/hndtools-mipsel-linux-uclibc-4.2.3/bin
PATH: /home/michael/bin
PATH: /usr/local/arm/4.2.2-eabi/usr/bin/
PATH: .
PATH: /home/michael/
PATH: .
PATH: /home/michael/bin


## ----------- ##
## Core tests. ##
## ----------- ##

configure:2596: checking for a BSD-compatible install
configure:2664: result: /usr/bin/install -c
configure:2677: checking whether build environment is sane
configure:2727: result: yes
configure:2776: checking for mipsel-linux-strip
configure:2792: found /opt/brcm/hndtools-mipsel-linux-3.2.3/bin/mipsel-linux-strip
configure:2803: result: mipsel-linux-strip
configure:2868: checking for a thread-safe mkdir -p
configure:2907: result: /bin/mkdir -p
configure:2920: checking for gawk
configure:2936: found /bin/gawk
configure:2947: result: gawk
configure:2958: checking whether make sets $(MAKE)
configure:2980: result: yes
configure:3068: checking for mipsel-linux-gcc
configure:3095: result: mipsel-uclibc-linux26-gcc
configure:3364: checking for C compiler version
configure:3373: mipsel-uclibc-linux26-gcc --version >&5
mipsel-uclibc-linux26-gcc (GCC) 4.2.3
Copyright (C) 2007 Free Software Foundation, Inc.
This is free software; see the source for copying conditions.  There is NO
warranty; not even for MERCHANTABILITY or FITNESS FOR A PARTICULAR PURPOSE.

configure:3384: $? = 0
configure:3373: mipsel-uclibc-linux26-gcc -v >&5
Using built-in specs.
Target: mipsel-linux-uclibc
Configured with: /home/gracecsm/toolchains/src/toolchains/linux-2.6/buildroot/toolchain_build_mipsel/gcc-4.2.3/configure --prefix=/projects/hnd/tools/linux/hndtools-mipsel-linux-uclibc-4.2.3 --build=i386-pc-linux-gnu --host=i386-pc-linux-gnu --target=mipsel-linux-uclibc --enable-languages=c,c++ --disable-__cxa_atexit --enable-target-optspace --with-gnu-ld --with-gmp=/home/gracecsm/toolchains/src/toolchains/linux-2.6/buildroot/toolchain_build_mipsel/gmp --with-mpfr=/home/gracecsm/toolchains/src/toolchains/linux-2.6/buildroot/toolchain_build_mipsel/mpfr --enable-shared --disable-nls --enable-threads --disable-multilib --with-abi=32 --with-tune=mips32
Thread model: posix
gcc version 4.2.3
configure:3384: $? = 0
configure:3373: mipsel-uclibc-linux26-gcc -V >&5
mipsel-uclibc-linux26-gcc: '-V' option must have argument
configure:3384: $? = 1
configure:3373: mipsel-uclibc-linux26-gcc -qversion >&5
mipsel-uclibc-linux26-gcc: unrecognized option '-qversion'
mipsel-uclibc-linux26-gcc: no input files
configure:3384: $? = 1
configure:3404: checking whether the C compiler works
configure:3426: mipsel-uclibc-linux26-gcc    conftest.c  >&5
configure:3430: $? = 0
configure:3478: result: yes
configure:3481: checking for C compiler default output file name
configure:3483: result: a.out
configure:3489: checking for suffix of executables
configure:3496: mipsel-uclibc-linux26-gcc -o conftest    conftest.c  >&5
configure:3500: $? = 0
configure:3522: result: 
configure:3544: checking whether we are cross compiling
configure:3552: mipsel-uclibc-linux26-gcc -o conftest    conftest.c  >&5
configure:3556: $? = 0
configure:3563: ./conftest
./configure: line 3565: ./conftest: cannot execute binary file
configure:3567: $? = 126
configure:3582: result: yes
configure:3587: checking for suffix of object files
configure:3609: mipsel-uclibc-linux26-gcc -c   conftest.c >&5
configure:3613: $? = 0
configure:3634: result: o
configure:3638: checking whether we are using the GNU C compiler
configure:3657: mipsel-uclibc-linux26-gcc -c   conftest.c >&5
configure:3657: $? = 0
configure:3666: result: yes
configure:3675: checking whether mipsel-uclibc-linux26-gcc accepts -g
configure:3695: mipsel-uclibc-linux26-gcc -c -g  conftest.c >&5
configure:3695: $? = 0
configure:3736: result: yes
configure:3753: checking for mipsel-uclibc-linux26-gcc option to accept ISO C89
configure:3817: mipsel-uclibc-linux26-gcc  -c -g -O2  conftest.c >&5
configure:3817: $? = 0
configure:3830: result: none needed
configure:3861: checking for style of include used by make
configure:3889: result: GNU
configure:3914: checking dependency style of mipsel-uclibc-linux26-gcc
configure:4024: result: gcc3
configure:4040: checking whether mipsel-uclibc-linux26-gcc and cc understand -c and -o together
configure:4071: mipsel-uclibc-linux26-gcc -c conftest.c -o conftest2.o >&5
configure:4075: $? = 0
configure:4081: mipsel-uclibc-linux26-gcc -c conftest.c -o conftest2.o >&5
configure:4085: $? = 0
configure:4096: cc -c conftest.c >&5
configure:4100: $? = 0
configure:4108: cc -c conftest.c -o conftest2.o >&5
configure:4112: $? = 0
configure:4118: cc -c conftest.c -o conftest2.o >&5
configure:4122: $? = 0
configure:4140: result: yes
configure:4225: checking build system type
configure:4239: result: i686-pc-linux-gnu
configure:4259: checking host system type
configure:4272: result: mipsel-unknown-linux-gnu
configure:4292: checking for a sed that does not truncate output
configure:4356: result: /bin/sed
configure:4374: checking for grep that handles long lines and -e
configure:4432: result: /bin/grep
configure:4437: checking for egrep
configure:4499: result: /bin/grep -E
configure:4504: checking for fgrep
configure:4566: result: /bin/grep -F
configure:4601: checking for ld used by mipsel-uclibc-linux26-gcc
configure:4668: result: mipsel-uclibc-linux26-ld
configure:4675: checking if the linker (mipsel-uclibc-linux26-ld) is GNU ld
configure:4690: result: yes
configure:4702: checking for BSD- or MS-compatible name lister (nm)
configure:4751: result: mipsel-uclibc-linux26-nm
configure:4869: checking the name lister (mipsel-uclibc-linux26-nm) interface
configure:4876: mipsel-uclibc-linux26-gcc -c -g -O2  conftest.c >&5
configure:4879: mipsel-uclibc-linux26-nm "conftest.o"
configure:4882: output
00000000 B some_variable
configure:4889: result: BSD nm
configure:4892: checking whether ln -s works
configure:4896: result: yes
configure:4904: checking the maximum length of command line arguments
configure:5024: result: 1966080
configure:5041: checking whether the shell understands some XSI constructs
configure:5051: result: yes
configure:5055: checking whether the shell understands "+="
configure:5061: result: yes
configure:5096: checking for mipsel-uclibc-linux26-ld option to reload object files
configure:5103: result: -r
configure:5132: checking for mipsel-linux-objdump
configure:5148: found /opt/brcm/hndtools-mipsel-linux-3.2.3/bin/mipsel-linux-objdump
configure:5159: result: mipsel-linux-objdump
configure:5231: checking how to recognize dependent libraries
configure:5427: result: pass_all
configure:5447: checking for mipsel-linux-ar
configure:5474: result: mipsel-uclibc-linux26-ar
configure:5552: checking for mipsel-linux-strip
configure:5579: result: mipsel-linux-strip
configure:5651: checking for mipsel-linux-ranlib
configure:5678: result: mipsel-uclibc-linux26-ranlib
configure:5808: checking command to parse mipsel-uclibc-linux26-nm output from mipsel-uclibc-linux26-gcc object
configure:5926: mipsel-uclibc-linux26-gcc -c -g -O2  conftest.c >&5
configure:5929: $? = 0
configure:5933: mipsel-uclibc-linux26-nm conftest.o \| sed -n -e 's/^.*[	 ]\([ABCDGIRSTW][ABCDGIRSTW]*\)[	 ][	 ]*\([_A-Za-z][_A-Za-z0-9]*\)$/\1 \2 \2/p' \> conftest.nm
configure:5936: $? = 0
configure:5990: mipsel-uclibc-linux26-gcc -o conftest -g -O2   conftest.c conftstm.o >&5
configure:5993: $? = 0
configure:6031: result: ok
configure:6840: checking how to run the C preprocessor
configure:6871: mipsel-uclibc-linux26-gcc -E  conftest.c
configure:6871: $? = 0
configure:6885: mipsel-uclibc-linux26-gcc -E  conftest.c
conftest.c:11:28: error: ac_nonexistent.h: No such file or directory
configure:6885: $? = 1
configure: failed program was:
| /* confdefs.h */
| #define PACKAGE_NAME "iptables"
| #define PACKAGE_TARNAME "iptables"
| #define PACKAGE_VERSION "1.4.12.1"
| #define PACKAGE_STRING "iptables 1.4.12.1"
| #define PACKAGE_BUGREPORT ""
| #define PACKAGE_URL ""
| #define PACKAGE "iptables"
| #define VERSION "1.4.12.1"
| /* end confdefs.h.  */
| #include <ac_nonexistent.h>
configure:6910: result: mipsel-uclibc-linux26-gcc -E
configure:6930: mipsel-uclibc-linux26-gcc -E  conftest.c
configure:6930: $? = 0
configure:6944: mipsel-uclibc-linux26-gcc -E  conftest.c
conftest.c:11:28: error: ac_nonexistent.h: No such file or directory
configure:6944: $? = 1
configure: failed program was:
| /* confdefs.h */
| #define PACKAGE_NAME "iptables"
| #define PACKAGE_TARNAME "iptables"
| #define PACKAGE_VERSION "1.4.12.1"
| #define PACKAGE_STRING "iptables 1.4.12.1"
| #define PACKAGE_BUGREPORT ""
| #define PACKAGE_URL ""
| #define PACKAGE "iptables"
| #define VERSION "1.4.12.1"
| /* end confdefs.h.  */
| #include <ac_nonexistent.h>
configure:6973: checking for ANSI C header files
configure:6993: mipsel-uclibc-linux26-gcc -c -g -O2  conftest.c >&5
configure:6993: $? = 0
configure:7077: result: yes
configure:7090: checking for sys/types.h
configure:7090: mipsel-uclibc-linux26-gcc -c -g -O2  conftest.c >&5
configure:7090: $? = 0
configure:7090: result: yes
configure:7090: checking for sys/stat.h
configure:7090: mipsel-uclibc-linux26-gcc -c -g -O2  conftest.c >&5
configure:7090: $? = 0
configure:7090: result: yes
configure:7090: checking for stdlib.h
configure:7090: mipsel-uclibc-linux26-gcc -c -g -O2  conftest.c >&5
configure:7090: $? = 0
configure:7090: result: yes
configure:7090: checking for string.h
configure:7090: mipsel-uclibc-linux26-gcc -c -g -O2  conftest.c >&5
configure:7090: $? = 0
configure:7090: result: yes
configure:7090: checking for memory.h
configure:7090: mipsel-uclibc-linux26-gcc -c -g -O2  conftest.c >&5
configure:7090: $? = 0
configure:7090: result: yes
configure:7090: checking for strings.h
configure:7090: mipsel-uclibc-linux26-gcc -c -g -O2  conftest.c >&5
configure:7090: $? = 0
configure:7090: result: yes
configure:7090: checking for inttypes.h
configure:7090: mipsel-uclibc-linux26-gcc -c -g -O2  conftest.c >&5
configure:7090: $? = 0
configure:7090: result: yes
configure:7090: checking for stdint.h
configure:7090: mipsel-uclibc-linux26-gcc -c -g -O2  conftest.c >&5
configure:7090: $? = 0
configure:7090: result: yes
configure:7090: checking for unistd.h
configure:7090: mipsel-uclibc-linux26-gcc -c -g -O2  conftest.c >&5
configure:7090: $? = 0
configure:7090: result: yes
configure:7104: checking for dlfcn.h
configure:7104: mipsel-uclibc-linux26-gcc -c -g -O2  conftest.c >&5
configure:7104: $? = 0
configure:7104: result: yes
configure:7258: checking for objdir
configure:7273: result: .libs
configure:7569: checking if mipsel-uclibc-linux26-gcc supports -fno-rtti -fno-exceptions
configure:7587: mipsel-uclibc-linux26-gcc -c -g -O2  -fno-rtti -fno-exceptions conftest.c >&5
cc1: warning: command line option "-fno-rtti" is valid for C++/ObjC++ but not for C
configure:7591: $? = 0
configure:7604: result: no
configure:7624: checking for mipsel-uclibc-linux26-gcc option to produce PIC
configure:7896: result: -fPIC -DPIC
configure:7908: checking if mipsel-uclibc-linux26-gcc PIC flag -fPIC -DPIC works
configure:7926: mipsel-uclibc-linux26-gcc -c -g -O2  -fPIC -DPIC -DPIC conftest.c >&5
configure:7930: $? = 0
configure:7943: result: yes
configure:7967: checking if mipsel-uclibc-linux26-gcc static flag -static works
configure:7995: result: yes
configure:8010: checking if mipsel-uclibc-linux26-gcc supports -c -o file.o
configure:8031: mipsel-uclibc-linux26-gcc -c -g -O2  -o out/conftest2.o conftest.c >&5
configure:8035: $? = 0
configure:8057: result: yes
configure:8065: checking if mipsel-uclibc-linux26-gcc supports -c -o file.o
configure:8112: result: yes
configure:8145: checking whether the mipsel-uclibc-linux26-gcc linker (mipsel-uclibc-linux26-ld) supports shared libraries
configure:9136: result: yes
configure:9375: checking dynamic linker characteristics
configure:9808: mipsel-uclibc-linux26-gcc -o conftest -g -O2   -Wl,-rpath -Wl,/foo conftest.c  >&5
configure:9808: $? = 0
configure:10038: result: GNU/Linux ld.so
configure:10140: checking how to hardcode library paths into programs
configure:10165: result: immediate
configure:10685: checking whether stripping libraries is possible
configure:10690: result: yes
configure:10725: checking if libtool supports shared libraries
configure:10727: result: yes
configure:10730: checking whether to build shared libraries
configure:10751: result: no
configure:10754: checking whether to build static libraries
configure:10758: result: yes
configure:10864: checking whether the linker accepts -Wl,--no-as-needed
configure:10883: mipsel-uclibc-linux26-gcc -o conftest -g -O2  -Wl,--no-as-needed conftest.c  >&5
configure:10883: $? = 0
configure:10894: result: yes
configure:10909: checking linux/dccp.h usability
configure:10909: mipsel-uclibc-linux26-gcc -c -g -O2  conftest.c >&5
configure:10909: $? = 0
configure:10909: result: yes
configure:10909: checking linux/dccp.h presence
configure:10909: mipsel-uclibc-linux26-gcc -E  conftest.c
configure:10909: $? = 0
configure:10909: result: yes
configure:10909: checking for linux/dccp.h
configure:10909: result: yes
configure:10909: checking linux/ip_vs.h usability
configure:10909: mipsel-uclibc-linux26-gcc -c -g -O2  conftest.c >&5
conftest.c:57:25: error: linux/ip_vs.h: No such file or directory
configure:10909: $? = 1
configure: failed program was:
| /* confdefs.h */
| #define PACKAGE_NAME "iptables"
| #define PACKAGE_TARNAME "iptables"
| #define PACKAGE_VERSION "1.4.12.1"
| #define PACKAGE_STRING "iptables 1.4.12.1"
| #define PACKAGE_BUGREPORT ""
| #define PACKAGE_URL ""
| #define PACKAGE "iptables"
| #define VERSION "1.4.12.1"
| #define STDC_HEADERS 1
| #define HAVE_SYS_TYPES_H 1
| #define HAVE_SYS_STAT_H 1
| #define HAVE_STDLIB_H 1
| #define HAVE_STRING_H 1
| #define HAVE_MEMORY_H 1
| #define HAVE_STRINGS_H 1
| #define HAVE_INTTYPES_H 1
| #define HAVE_STDINT_H 1
| #define HAVE_UNISTD_H 1
| #define HAVE_DLFCN_H 1
| #define LT_OBJDIR ".libs/"
| #define HAVE_LINUX_DCCP_H 1
| /* end confdefs.h.  */
| #include <stdio.h>
| #ifdef HAVE_SYS_TYPES_H
| # include <sys/types.h>
| #endif
| #ifdef HAVE_SYS_STAT_H
| # include <sys/stat.h>
| #endif
| #ifdef STDC_HEADERS
| # include <stdlib.h>
| # include <stddef.h>
| #else
| # ifdef HAVE_STDLIB_H
| #  include <stdlib.h>
| # endif
| #endif
| #ifdef HAVE_STRING_H
| # if !defined STDC_HEADERS && defined HAVE_MEMORY_H
| #  include <memory.h>
| # endif
| # include <string.h>
| #endif
| #ifdef HAVE_STRINGS_H
| # include <strings.h>
| #endif
| #ifdef HAVE_INTTYPES_H
| # include <inttypes.h>
| #endif
| #ifdef HAVE_STDINT_H
| # include <stdint.h>
| #endif
| #ifdef HAVE_UNISTD_H
| # include <unistd.h>
| #endif
| #include <linux/ip_vs.h>
configure:10909: result: no
configure:10909: checking linux/ip_vs.h presence
configure:10909: mipsel-uclibc-linux26-gcc -E  conftest.c
conftest.c:24:25: error: linux/ip_vs.h: No such file or directory
configure:10909: $? = 1
configure: failed program was:
| /* confdefs.h */
| #define PACKAGE_NAME "iptables"
| #define PACKAGE_TARNAME "iptables"
| #define PACKAGE_VERSION "1.4.12.1"
| #define PACKAGE_STRING "iptables 1.4.12.1"
| #define PACKAGE_BUGREPORT ""
| #define PACKAGE_URL ""
| #define PACKAGE "iptables"
| #define VERSION "1.4.12.1"
| #define STDC_HEADERS 1
| #define HAVE_SYS_TYPES_H 1
| #define HAVE_SYS_STAT_H 1
| #define HAVE_STDLIB_H 1
| #define HAVE_STRING_H 1
| #define HAVE_MEMORY_H 1
| #define HAVE_STRINGS_H 1
| #define HAVE_INTTYPES_H 1
| #define HAVE_STDINT_H 1
| #define HAVE_UNISTD_H 1
| #define HAVE_DLFCN_H 1
| #define LT_OBJDIR ".libs/"
| #define HAVE_LINUX_DCCP_H 1
| /* end confdefs.h.  */
| #include <linux/ip_vs.h>
configure:10909: result: no
configure:10909: checking for linux/ip_vs.h
configure:10909: result: no
configure:10909: checking linux/magic.h usability
configure:10909: mipsel-uclibc-linux26-gcc -c -g -O2  conftest.c >&5
configure:10909: $? = 0
configure:10909: result: yes
configure:10909: checking linux/magic.h presence
configure:10909: mipsel-uclibc-linux26-gcc -E  conftest.c
configure:10909: $? = 0
configure:10909: result: yes
configure:10909: checking for linux/magic.h
configure:10909: result: yes
configure:10909: checking linux/proc_fs.h usability
configure:10909: mipsel-uclibc-linux26-gcc -c -g -O2  conftest.c >&5
conftest.c:58:27: error: linux/proc_fs.h: No such file or directory
configure:10909: $? = 1
configure: failed program was:
| /* confdefs.h */
| #define PACKAGE_NAME "iptables"
| #define PACKAGE_TARNAME "iptables"
| #define PACKAGE_VERSION "1.4.12.1"
| #define PACKAGE_STRING "iptables 1.4.12.1"
| #define PACKAGE_BUGREPORT ""
| #define PACKAGE_URL ""
| #define PACKAGE "iptables"
| #define VERSION "1.4.12.1"
| #define STDC_HEADERS 1
| #define HAVE_SYS_TYPES_H 1
| #define HAVE_SYS_STAT_H 1
| #define HAVE_STDLIB_H 1
| #define HAVE_STRING_H 1
| #define HAVE_MEMORY_H 1
| #define HAVE_STRINGS_H 1
| #define HAVE_INTTYPES_H 1
| #define HAVE_STDINT_H 1
| #define HAVE_UNISTD_H 1
| #define HAVE_DLFCN_H 1
| #define LT_OBJDIR ".libs/"
| #define HAVE_LINUX_DCCP_H 1
| #define HAVE_LINUX_MAGIC_H 1
| /* end confdefs.h.  */
| #include <stdio.h>
| #ifdef HAVE_SYS_TYPES_H
| # include <sys/types.h>
| #endif
| #ifdef HAVE_SYS_STAT_H
| # include <sys/stat.h>
| #endif
| #ifdef STDC_HEADERS
| # include <stdlib.h>
| # include <stddef.h>
| #else
| # ifdef HAVE_STDLIB_H
| #  include <stdlib.h>
| # endif
| #endif
| #ifdef HAVE_STRING_H
| # if !defined STDC_HEADERS && defined HAVE_MEMORY_H
| #  include <memory.h>
| # endif
| # include <string.h>
| #endif
| #ifdef HAVE_STRINGS_H
| # include <strings.h>
| #endif
| #ifdef HAVE_INTTYPES_H
| # include <inttypes.h>
| #endif
| #ifdef HAVE_STDINT_H
| # include <stdint.h>
| #endif
| #ifdef HAVE_UNISTD_H
| # include <unistd.h>
| #endif
| #include <linux/proc_fs.h>
configure:10909: result: no
configure:10909: checking linux/proc_fs.h presence
configure:10909: mipsel-uclibc-linux26-gcc -E  conftest.c
conftest.c:25:27: error: linux/proc_fs.h: No such file or directory
configure:10909: $? = 1
configure: failed program was:
| /* confdefs.h */
| #define PACKAGE_NAME "iptables"
| #define PACKAGE_TARNAME "iptables"
| #define PACKAGE_VERSION "1.4.12.1"
| #define PACKAGE_STRING "iptables 1.4.12.1"
| #define PACKAGE_BUGREPORT ""
| #define PACKAGE_URL ""
| #define PACKAGE "iptables"
| #define VERSION "1.4.12.1"
| #define STDC_HEADERS 1
| #define HAVE_SYS_TYPES_H 1
| #define HAVE_SYS_STAT_H 1
| #define HAVE_STDLIB_H 1
| #define HAVE_STRING_H 1
| #define HAVE_MEMORY_H 1
| #define HAVE_STRINGS_H 1
| #define HAVE_INTTYPES_H 1
| #define HAVE_STDINT_H 1
| #define HAVE_UNISTD_H 1
| #define HAVE_DLFCN_H 1
| #define LT_OBJDIR ".libs/"
| #define HAVE_LINUX_DCCP_H 1
| #define HAVE_LINUX_MAGIC_H 1
| /* end confdefs.h.  */
| #include <linux/proc_fs.h>
configure:10909: result: no
configure:10909: checking for linux/proc_fs.h
configure:10909: result: no
configure:10931: checking size of struct ip6_hdr
configure:10936: mipsel-uclibc-linux26-gcc -c -g -O2  conftest.c >&5
configure:10936: $? = 0
configure:10936: mipsel-uclibc-linux26-gcc -c -g -O2  conftest.c >&5
conftest.c: In function 'main':
conftest.c:30: error: size of array 'test_array' is negative
configure:10936: $? = 1
configure: failed program was:
| /* confdefs.h */
| #define PACKAGE_NAME "iptables"
| #define PACKAGE_TARNAME "iptables"
| #define PACKAGE_VERSION "1.4.12.1"
| #define PACKAGE_STRING "iptables 1.4.12.1"
| #define PACKAGE_BUGREPORT ""
| #define PACKAGE_URL ""
| #define PACKAGE "iptables"
| #define VERSION "1.4.12.1"
| #define STDC_HEADERS 1
| #define HAVE_SYS_TYPES_H 1
| #define HAVE_SYS_STAT_H 1
| #define HAVE_STDLIB_H 1
| #define HAVE_STRING_H 1
| #define HAVE_MEMORY_H 1
| #define HAVE_STRINGS_H 1
| #define HAVE_INTTYPES_H 1
| #define HAVE_STDINT_H 1
| #define HAVE_UNISTD_H 1
| #define HAVE_DLFCN_H 1
| #define LT_OBJDIR ".libs/"
| #define HAVE_LINUX_DCCP_H 1
| #define HAVE_LINUX_MAGIC_H 1
| /* end confdefs.h.  */
| #include <netinet/ip6.h>
| 
| int
| main ()
| {
| static int test_array [1 - 2 * !(((long int) (sizeof (struct ip6_hdr))) <= 0)];
| test_array [0] = 0
| 
|   ;
|   return 0;
| }
configure:10936: mipsel-uclibc-linux26-gcc -c -g -O2  conftest.c >&5
conftest.c: In function 'main':
conftest.c:30: error: size of array 'test_array' is negative
configure:10936: $? = 1
configure: failed program was:
| /* confdefs.h */
| #define PACKAGE_NAME "iptables"
| #define PACKAGE_TARNAME "iptables"
| #define PACKAGE_VERSION "1.4.12.1"
| #define PACKAGE_STRING "iptables 1.4.12.1"
| #define PACKAGE_BUGREPORT ""
| #define PACKAGE_URL ""
| #define PACKAGE "iptables"
| #define VERSION "1.4.12.1"
| #define STDC_HEADERS 1
| #define HAVE_SYS_TYPES_H 1
| #define HAVE_SYS_STAT_H 1
| #define HAVE_STDLIB_H 1
| #define HAVE_STRING_H 1
| #define HAVE_MEMORY_H 1
| #define HAVE_STRINGS_H 1
| #define HAVE_INTTYPES_H 1
| #define HAVE_STDINT_H 1
| #define HAVE_UNISTD_H 1
| #define HAVE_DLFCN_H 1
| #define LT_OBJDIR ".libs/"
| #define HAVE_LINUX_DCCP_H 1
| #define HAVE_LINUX_MAGIC_H 1
| /* end confdefs.h.  */
| #include <netinet/ip6.h>
| 
| int
| main ()
| {
| static int test_array [1 - 2 * !(((long int) (sizeof (struct ip6_hdr))) <= 1)];
| test_array [0] = 0
| 
|   ;
|   return 0;
| }
configure:10936: mipsel-uclibc-linux26-gcc -c -g -O2  conftest.c >&5
conftest.c: In function 'main':
conftest.c:30: error: size of array 'test_array' is negative
configure:10936: $? = 1
configure: failed program was:
| /* confdefs.h */
| #define PACKAGE_NAME "iptables"
| #define PACKAGE_TARNAME "iptables"
| #define PACKAGE_VERSION "1.4.12.1"
| #define PACKAGE_STRING "iptables 1.4.12.1"
| #define PACKAGE_BUGREPORT ""
| #define PACKAGE_URL ""
| #define PACKAGE "iptables"
| #define VERSION "1.4.12.1"
| #define STDC_HEADERS 1
| #define HAVE_SYS_TYPES_H 1
| #define HAVE_SYS_STAT_H 1
| #define HAVE_STDLIB_H 1
| #define HAVE_STRING_H 1
| #define HAVE_MEMORY_H 1
| #define HAVE_STRINGS_H 1
| #define HAVE_INTTYPES_H 1
| #define HAVE_STDINT_H 1
| #define HAVE_UNISTD_H 1
| #define HAVE_DLFCN_H 1
| #define LT_OBJDIR ".libs/"
| #define HAVE_LINUX_DCCP_H 1
| #define HAVE_LINUX_MAGIC_H 1
| /* end confdefs.h.  */
| #include <netinet/ip6.h>
| 
| int
| main ()
| {
| static int test_array [1 - 2 * !(((long int) (sizeof (struct ip6_hdr))) <= 3)];
| test_array [0] = 0
| 
|   ;
|   return 0;
| }
configure:10936: mipsel-uclibc-linux26-gcc -c -g -O2  conftest.c >&5
conftest.c: In function 'main':
conftest.c:30: error: size of array 'test_array' is negative
configure:10936: $? = 1
configure: failed program was:
| /* confdefs.h */
| #define PACKAGE_NAME "iptables"
| #define PACKAGE_TARNAME "iptables"
| #define PACKAGE_VERSION "1.4.12.1"
| #define PACKAGE_STRING "iptables 1.4.12.1"
| #define PACKAGE_BUGREPORT ""
| #define PACKAGE_URL ""
| #define PACKAGE "iptables"
| #define VERSION "1.4.12.1"
| #define STDC_HEADERS 1
| #define HAVE_SYS_TYPES_H 1
| #define HAVE_SYS_STAT_H 1
| #define HAVE_STDLIB_H 1
| #define HAVE_STRING_H 1
| #define HAVE_MEMORY_H 1
| #define HAVE_STRINGS_H 1
| #define HAVE_INTTYPES_H 1
| #define HAVE_STDINT_H 1
| #define HAVE_UNISTD_H 1
| #define HAVE_DLFCN_H 1
| #define LT_OBJDIR ".libs/"
| #define HAVE_LINUX_DCCP_H 1
| #define HAVE_LINUX_MAGIC_H 1
| /* end confdefs.h.  */
| #include <netinet/ip6.h>
| 
| int
| main ()
| {
| static int test_array [1 - 2 * !(((long int) (sizeof (struct ip6_hdr))) <= 7)];
| test_array [0] = 0
| 
|   ;
|   return 0;
| }
configure:10936: mipsel-uclibc-linux26-gcc -c -g -O2  conftest.c >&5
conftest.c: In function 'main':
conftest.c:30: error: size of array 'test_array' is negative
configure:10936: $? = 1
configure: failed program was:
| /* confdefs.h */
| #define PACKAGE_NAME "iptables"
| #define PACKAGE_TARNAME "iptables"
| #define PACKAGE_VERSION "1.4.12.1"
| #define PACKAGE_STRING "iptables 1.4.12.1"
| #define PACKAGE_BUGREPORT ""
| #define PACKAGE_URL ""
| #define PACKAGE "iptables"
| #define VERSION "1.4.12.1"
| #define STDC_HEADERS 1
| #define HAVE_SYS_TYPES_H 1
| #define HAVE_SYS_STAT_H 1
| #define HAVE_STDLIB_H 1
| #define HAVE_STRING_H 1
| #define HAVE_MEMORY_H 1
| #define HAVE_STRINGS_H 1
| #define HAVE_INTTYPES_H 1
| #define HAVE_STDINT_H 1
| #define HAVE_UNISTD_H 1
| #define HAVE_DLFCN_H 1
| #define LT_OBJDIR ".libs/"
| #define HAVE_LINUX_DCCP_H 1
| #define HAVE_LINUX_MAGIC_H 1
| /* end confdefs.h.  */
| #include <netinet/ip6.h>
| 
| int
| main ()
| {
| static int test_array [1 - 2 * !(((long int) (sizeof (struct ip6_hdr))) <= 15)];
| test_array [0] = 0
| 
|   ;
|   return 0;
| }
configure:10936: mipsel-uclibc-linux26-gcc -c -g -O2  conftest.c >&5
conftest.c: In function 'main':
conftest.c:30: error: size of array 'test_array' is negative
configure:10936: $? = 1
configure: failed program was:
| /* confdefs.h */
| #define PACKAGE_NAME "iptables"
| #define PACKAGE_TARNAME "iptables"
| #define PACKAGE_VERSION "1.4.12.1"
| #define PACKAGE_STRING "iptables 1.4.12.1"
| #define PACKAGE_BUGREPORT ""
| #define PACKAGE_URL ""
| #define PACKAGE "iptables"
| #define VERSION "1.4.12.1"
| #define STDC_HEADERS 1
| #define HAVE_SYS_TYPES_H 1
| #define HAVE_SYS_STAT_H 1
| #define HAVE_STDLIB_H 1
| #define HAVE_STRING_H 1
| #define HAVE_MEMORY_H 1
| #define HAVE_STRINGS_H 1
| #define HAVE_INTTYPES_H 1
| #define HAVE_STDINT_H 1
| #define HAVE_UNISTD_H 1
| #define HAVE_DLFCN_H 1
| #define LT_OBJDIR ".libs/"
| #define HAVE_LINUX_DCCP_H 1
| #define HAVE_LINUX_MAGIC_H 1
| /* end confdefs.h.  */
| #include <netinet/ip6.h>
| 
| int
| main ()
| {
| static int test_array [1 - 2 * !(((long int) (sizeof (struct ip6_hdr))) <= 31)];
| test_array [0] = 0
| 
|   ;
|   return 0;
| }
configure:10936: mipsel-uclibc-linux26-gcc -c -g -O2  conftest.c >&5
configure:10936: $? = 0
configure:10936: mipsel-uclibc-linux26-gcc -c -g -O2  conftest.c >&5
configure:10936: $? = 0
configure:10936: mipsel-uclibc-linux26-gcc -c -g -O2  conftest.c >&5
conftest.c: In function 'main':
conftest.c:30: error: size of array 'test_array' is negative
configure:10936: $? = 1
configure: failed program was:
| /* confdefs.h */
| #define PACKAGE_NAME "iptables"
| #define PACKAGE_TARNAME "iptables"
| #define PACKAGE_VERSION "1.4.12.1"
| #define PACKAGE_STRING "iptables 1.4.12.1"
| #define PACKAGE_BUGREPORT ""
| #define PACKAGE_URL ""
| #define PACKAGE "iptables"
| #define VERSION "1.4.12.1"
| #define STDC_HEADERS 1
| #define HAVE_SYS_TYPES_H 1
| #define HAVE_SYS_STAT_H 1
| #define HAVE_STDLIB_H 1
| #define HAVE_STRING_H 1
| #define HAVE_MEMORY_H 1
| #define HAVE_STRINGS_H 1
| #define HAVE_INTTYPES_H 1
| #define HAVE_STDINT_H 1
| #define HAVE_UNISTD_H 1
| #define HAVE_DLFCN_H 1
| #define LT_OBJDIR ".libs/"
| #define HAVE_LINUX_DCCP_H 1
| #define HAVE_LINUX_MAGIC_H 1
| /* end confdefs.h.  */
| #include <netinet/ip6.h>
| 
| int
| main ()
| {
| static int test_array [1 - 2 * !(((long int) (sizeof (struct ip6_hdr))) <= 39)];
| test_array [0] = 0
| 
|   ;
|   return 0;
| }
configure:10936: mipsel-uclibc-linux26-gcc -c -g -O2  conftest.c >&5
configure:10936: $? = 0
configure:10936: mipsel-uclibc-linux26-gcc -c -g -O2  conftest.c >&5
configure:10936: $? = 0
configure:10936: mipsel-uclibc-linux26-gcc -c -g -O2  conftest.c >&5
configure:10936: $? = 0
configure:10951: result: 40
configure:11029: checking for mipsel-linux-pkg-config
configure:11062: result: no
configure:11072: checking for pkg-config
configure:11090: found /usr/bin/pkg-config
configure:11102: result: /usr/bin/pkg-config
configure:11114: WARNING: using cross tools not prefixed with host triplet
configure:11127: checking pkg-config is at least version 0.9.0
configure:11130: result: yes
configure:11140: checking for libnfnetlink
configure:11147: $PKG_CONFIG --exists --print-errors "libnfnetlink >= 1.0"
Package libnfnetlink was not found in the pkg-config search path.
Perhaps you should add the directory containing `libnfnetlink.pc'
to the PKG_CONFIG_PATH environment variable
No package 'libnfnetlink' found
configure:11150: $? = 1
configure:11163: $PKG_CONFIG --exists --print-errors "libnfnetlink >= 1.0"
Package libnfnetlink was not found in the pkg-config search path.
Perhaps you should add the directory containing `libnfnetlink.pc'
to the PKG_CONFIG_PATH environment variable
No package 'libnfnetlink' found
configure:11166: $? = 1
configure:11179: result: no
No package 'libnfnetlink' found
configure:11396: creating ./config.status

## ---------------------- ##
## Running config.status. ##
## ---------------------- ##

This file was extended by iptables config.status 1.4.12.1, which was
generated by GNU Autoconf 2.67.  Invocation command line was

  CONFIG_FILES    = 
  CONFIG_HEADERS  = 
  CONFIG_LINKS    = 
  CONFIG_COMMANDS = 
  $ ./config.status 

on localhost.localdomain

config.status:1116: creating Makefile
config.status:1116: creating extensions/GNUmakefile
config.status:1116: creating include/Makefile
config.status:1116: creating iptables/Makefile
config.status:1116: creating iptables/xtables.pc
config.status:1116: creating libipq/Makefile
config.status:1116: creating libipq/libipq.pc
config.status:1116: creating libiptc/Makefile
config.status:1116: creating libiptc/libiptc.pc
config.status:1116: creating utils/Makefile
config.status:1116: creating include/xtables.h
config.status:1116: creating include/iptables/internal.h
config.status:1116: creating config.h
config.status:1344: executing depfiles commands
config.status:1344: executing libtool commands

## ---------------- ##
## Cache variables. ##
## ---------------- ##

ac_cv_build=i686-pc-linux-gnu
ac_cv_c_compiler_gnu=yes
ac_cv_env_CC_set=set
ac_cv_env_CC_value=mipsel-uclibc-linux26-gcc
ac_cv_env_CFLAGS_set=
ac_cv_env_CFLAGS_value=
ac_cv_env_CPPFLAGS_set=
ac_cv_env_CPPFLAGS_value=
ac_cv_env_CPP_set=
ac_cv_env_CPP_value=
ac_cv_env_LDFLAGS_set=
ac_cv_env_LDFLAGS_value=
ac_cv_env_LIBS_set=
ac_cv_env_LIBS_value=
ac_cv_env_PKG_CONFIG_LIBDIR_set=
ac_cv_env_PKG_CONFIG_LIBDIR_value=
ac_cv_env_PKG_CONFIG_PATH_set=
ac_cv_env_PKG_CONFIG_PATH_value=
ac_cv_env_PKG_CONFIG_set=
ac_cv_env_PKG_CONFIG_value=
ac_cv_env_build_alias_set=
ac_cv_env_build_alias_value=
ac_cv_env_host_alias_set=set
ac_cv_env_host_alias_value=mipsel-linux
ac_cv_env_libnfnetlink_CFLAGS_set=
ac_cv_env_libnfnetlink_CFLAGS_value=
ac_cv_env_libnfnetlink_LIBS_set=
ac_cv_env_libnfnetlink_LIBS_value=
ac_cv_env_target_alias_set=
ac_cv_env_target_alias_value=
ac_cv_header_dlfcn_h=yes
ac_cv_header_inttypes_h=yes
ac_cv_header_linux_dccp_h=yes
ac_cv_header_linux_ip_vs_h=no
ac_cv_header_linux_magic_h=yes
ac_cv_header_linux_proc_fs_h=no
ac_cv_header_memory_h=yes
ac_cv_header_stdc=yes
ac_cv_header_stdint_h=yes
ac_cv_header_stdlib_h=yes
ac_cv_header_string_h=yes
ac_cv_header_strings_h=yes
ac_cv_header_sys_stat_h=yes
ac_cv_header_sys_types_h=yes
ac_cv_header_unistd_h=yes
ac_cv_host=mipsel-unknown-linux-gnu
ac_cv_objext=o
ac_cv_path_EGREP='/bin/grep -E'
ac_cv_path_FGREP='/bin/grep -F'
ac_cv_path_GREP=/bin/grep
ac_cv_path_SED=/bin/sed
ac_cv_path_ac_pt_PKG_CONFIG=/usr/bin/pkg-config
ac_cv_path_install='/usr/bin/install -c'
ac_cv_path_mkdir=/bin/mkdir
ac_cv_prog_AR=mipsel-uclibc-linux26-ar
ac_cv_prog_AWK=gawk
ac_cv_prog_CC=mipsel-uclibc-linux26-gcc
ac_cv_prog_CPP='mipsel-uclibc-linux26-gcc -E'
ac_cv_prog_OBJDUMP=mipsel-linux-objdump
ac_cv_prog_RANLIB=mipsel-uclibc-linux26-ranlib
ac_cv_prog_STRIP=mipsel-linux-strip
ac_cv_prog_cc_c89=
ac_cv_prog_cc_g=yes
ac_cv_prog_cc_mipsel_uclibc_linux26_gcc_c_o=yes
ac_cv_prog_make_make_set=yes
ac_cv_sizeof_struct_ip6_hdr=40
am_cv_CC_dependencies_compiler_type=gcc3
ax_cv_linker_flags__Wl___no_as_needed=yes
lt_cv_deplibs_check_method=pass_all
lt_cv_file_magic_cmd='$MAGIC_CMD'
lt_cv_file_magic_test_file=
lt_cv_ld_reload_flag=-r
lt_cv_nm_interface='BSD nm'
lt_cv_objdir=.libs
lt_cv_path_LD=mipsel-uclibc-linux26-ld
lt_cv_path_NM=mipsel-uclibc-linux26-nm
lt_cv_prog_compiler_c_o=yes
lt_cv_prog_compiler_pic_works=yes
lt_cv_prog_compiler_rtti_exceptions=no
lt_cv_prog_compiler_static_works=yes
lt_cv_prog_gnu_ld=yes
lt_cv_sys_global_symbol_pipe='sed -n -e '\''s/^.*[	 ]\([ABCDGIRSTW][ABCDGIRSTW]*\)[	 ][	 ]*\([_A-Za-z][_A-Za-z0-9]*\)$/\1 \2 \2/p'\'''
lt_cv_sys_global_symbol_to_c_name_address='sed -n -e '\''s/^: \([^ ]*\) $/  {\"\1\", (void *) 0},/p'\'' -e '\''s/^[ABCDGIRSTW]* \([^ ]*\) \([^ ]*\)$/  {"\2", (void *) \&\2},/p'\'''
lt_cv_sys_global_symbol_to_c_name_address_lib_prefix='sed -n -e '\''s/^: \([^ ]*\) $/  {\"\1\", (void *) 0},/p'\'' -e '\''s/^[ABCDGIRSTW]* \([^ ]*\) \(lib[^ ]*\)$/  {"\2", (void *) \&\2},/p'\'' -e '\''s/^[ABCDGIRSTW]* \([^ ]*\) \([^ ]*\)$/  {"lib\2", (void *) \&\2},/p'\'''
lt_cv_sys_global_symbol_to_cdecl='sed -n -e '\''s/^T .* \(.*\)$/extern int \1();/p'\'' -e '\''s/^[ABCDGIRSTW]* .* \(.*\)$/extern char \1;/p'\'''
lt_cv_sys_max_cmd_len=1966080

## ----------------- ##
## Output variables. ##
## ----------------- ##

ACLOCAL='${SHELL} /home/michael/2011_04_14_WNDR4500_Alpha/ap/gpl/iptables-1.4.12.1/missing --run aclocal-1.11'
AMDEPBACKSLASH='\'
AMDEP_FALSE='#'
AMDEP_TRUE=''
AMTAR='${SHELL} /home/michael/2011_04_14_WNDR4500_Alpha/ap/gpl/iptables-1.4.12.1/missing --run tar'
AR='mipsel-uclibc-linux26-ar'
AUTOCONF='${SHELL} /home/michael/2011_04_14_WNDR4500_Alpha/ap/gpl/iptables-1.4.12.1/missing --run autoconf'
AUTOHEADER='${SHELL} /home/michael/2011_04_14_WNDR4500_Alpha/ap/gpl/iptables-1.4.12.1/missing --run autoheader'
AUTOMAKE='${SHELL} /home/michael/2011_04_14_WNDR4500_Alpha/ap/gpl/iptables-1.4.12.1/missing --run automake-1.11'
AWK='gawk'
CC='mipsel-uclibc-linux26-gcc'
CCDEPMODE='depmode=gcc3'
CFLAGS='-g -O2'
CPP='mipsel-uclibc-linux26-gcc -E'
CPPFLAGS=''
CYGPATH_W='echo'
DEFS='-DHAVE_CONFIG_H'
DEPDIR='.deps'
DSYMUTIL=''
DUMPBIN=''
ECHO_C=''
ECHO_N='-n'
ECHO_T=''
EGREP='/bin/grep -E'
ENABLE_DEVEL_FALSE='#'
ENABLE_DEVEL_TRUE=''
ENABLE_IPV4_FALSE='#'
ENABLE_IPV4_TRUE=''
ENABLE_IPV6_FALSE='#'
ENABLE_IPV6_TRUE=''
ENABLE_LARGEFILE_FALSE='#'
ENABLE_LARGEFILE_TRUE=''
ENABLE_LIBIPQ_FALSE=''
ENABLE_LIBIPQ_TRUE='#'
ENABLE_SHARED_FALSE=''
ENABLE_SHARED_TRUE='#'
ENABLE_STATIC_FALSE='#'
ENABLE_STATIC_TRUE=''
EXEEXT=''
FGREP='/bin/grep -F'
GREP='/bin/grep'
HAVE_LIBNFNETLINK_FALSE=''
HAVE_LIBNFNETLINK_TRUE='#'
INSTALL_DATA='${INSTALL} -m 644'
INSTALL_PROGRAM='${INSTALL}'
INSTALL_SCRIPT='${INSTALL}'
INSTALL_STRIP_PROGRAM='$(install_sh) -c -s'
LD='mipsel-uclibc-linux26-ld'
LDFLAGS=''
LIBOBJS=''
LIBS=''
LIBTOOL='$(SHELL) $(top_builddir)/libtool'
LIPO=''
LN_S='ln -s'
LTLIBOBJS=''
MAKEINFO='${SHELL} /home/michael/2011_04_14_WNDR4500_Alpha/ap/gpl/iptables-1.4.12.1/missing --run makeinfo'
MKDIR_P='/bin/mkdir -p'
NM='mipsel-uclibc-linux26-nm'
NMEDIT=''
OBJDUMP='mipsel-linux-objdump'
OBJEXT='o'
OTOOL64=''
OTOOL=''
PACKAGE='iptables'
PACKAGE_BUGREPORT=''
PACKAGE_NAME='iptables'
PACKAGE_STRING='iptables 1.4.12.1'
PACKAGE_TARNAME='iptables'
PACKAGE_URL=''
PACKAGE_VERSION='1.4.12.1'
PATH_SEPARATOR=':'
PKG_CONFIG='/usr/bin/pkg-config'
PKG_CONFIG_LIBDIR=''
PKG_CONFIG_PATH=''
RANLIB='mipsel-uclibc-linux26-ranlib'
SED='/bin/sed'
SET_MAKE=''
SHELL='/bin/sh'
STRIP='mipsel-linux-strip'
VERSION='1.4.12.1'
ac_ct_CC=''
ac_ct_DUMPBIN=''
am__EXEEXT_FALSE=''
am__EXEEXT_TRUE='#'
am__fastdepCC_FALSE='#'
am__fastdepCC_TRUE=''
am__include='include'
am__isrc=''
am__leading_dot='.'
am__quote=''
am__tar='${AMTAR} chof - "$$tardir"'
am__untar='${AMTAR} xf -'
bindir='${exec_prefix}/bin'
blacklist_modules=' ipvs'
build='i686-pc-linux-gnu'
build_alias=''
build_cpu='i686'
build_os='linux-gnu'
build_vendor='pc'
datadir='${datarootdir}'
datarootdir='${prefix}/share'
docdir='${datarootdir}/doc/${PACKAGE_TARNAME}'
dvidir='${docdir}'
exec_prefix='${prefix}'
host='mipsel-unknown-linux-gnu'
host_alias='mipsel-linux'
host_cpu='mipsel'
host_os='linux-gnu'
host_vendor='unknown'
htmldir='${docdir}'
includedir='${prefix}/include'
infodir='${datarootdir}/info'
install_sh='${SHELL} /home/michael/2011_04_14_WNDR4500_Alpha/ap/gpl/iptables-1.4.12.1/install-sh'
kbuilddir=''
kinclude_CPPFLAGS=' -I../../../src/linux/linux-2.6/include'
ksourcedir='../../../src/linux/linux-2.6'
libdir='${exec_prefix}/lib'
libexecdir='${exec_prefix}/libexec'
libiptc_LDFLAGS2='-Wl,--no-as-needed'
libnfnetlink_CFLAGS=''
libnfnetlink_LIBS=''
libxtables_vage='0'
libxtables_vcurrent='7'
libxtables_vmajor='7'
localedir='${datarootdir}/locale'
localstatedir='${prefix}/var'
lt_ECHO='echo'
mandir='${datarootdir}/man'
mkdir_p='/bin/mkdir -p'
oldincludedir='/usr/include'
pdfdir='${docdir}'
pkgconfigdir='${libdir}/pkgconfig'
pkgdatadir='${datadir}/xtables'
prefix='/home/michael/2011_04_14_WNDR4500_Alpha/ap/gpl/iptables-1.4.12.1/tmp'
program_transform_name='s,x,x,'
psdir='${docdir}'
regular_CFLAGS='-Wall -Waggregate-return -Wmissing-declarations 	-Wmissing-prototypes -Wredundant-decls -Wshadow -Wstrict-prototypes 	-Winline -pipe'
regular_CPPFLAGS='-D_LARGEFILE_SOURCE=1 -D_LARGE_FILES -D_FILE_OFFSET_BITS=64 -D_REENTRANT 	-DXTABLES_LIBDIR=\"${xtlibdir}\" -DXTABLES_INTERNAL'
sbindir='${exec_prefix}/sbin'
sharedstatedir='${prefix}/com'
sysconfdir='${prefix}/etc'
target_alias=''
xtlibdir='${exec_prefix}/lib/xtables'

## ----------- ##
## confdefs.h. ##
## ----------- ##

/* confdefs.h */
#define PACKAGE_NAME "iptables"
#define PACKAGE_TARNAME "iptables"
#define PACKAGE_VERSION "1.4.12.1"
#define PACKAGE_STRING "iptables 1.4.12.1"
#define PACKAGE_BUGREPORT ""
#define PACKAGE_URL ""
#define PACKAGE "iptables"
#define VERSION "1.4.12.1"
#define STDC_HEADERS 1
#define HAVE_SYS_TYPES_H 1
#define HAVE_SYS_STAT_H 1
#define HAVE_STDLIB_H 1
#define HAVE_STRING_H 1
#define HAVE_MEMORY_H 1
#define HAVE_STRINGS_H 1
#define HAVE_INTTYPES_H 1
#define HAVE_STDINT_H 1
#define HAVE_UNISTD_H 1
#define HAVE_DLFCN_H 1
#define LT_OBJDIR ".libs/"
#define HAVE_LINUX_DCCP_H 1
#define HAVE_LINUX_MAGIC_H 1
#define SIZEOF_STRUCT_IP6_HDR 40

configure: exit 0
