This file contains any messages produced by compilers while
running configure, to aid debugging if configure makes a mistake.

It was created by configure, which was
generated by GNU Autoconf 2.61.  Invocation command line was

  $ ./configure --target=mipsel-uclibc-linux26 --host=mipsel-uclibc-linux26 --build=i686-linux --enable-shared --disable-static --disable-cups --disable-iprint --disable-pie --disable-fam --localstatedir=/tmp/samba/lib/ --with-configdir=/tmp/samba/lib/ --with-privatedir=/tmp/samba/private --with-lockdir=/tmp/samba/var/locks --with-piddir=/tmp/samba/var/locks --without-ldap --without-sys-quotas --without-cifsmount --prefix=/tmp/samba

## --------- ##
## Platform. ##
## --------- ##

hostname = foxconncpe2
uname -m = i686
uname -r = 2.6.27.5-117.fc10.i686.PAE
uname -s = Linux
uname -v = #1 SMP Tue Nov 18 12:08:10 EST 2008

/usr/bin/uname -p = unknown
/bin/uname -X     = unknown

/bin/arch              = i686
/usr/bin/arch -k       = unknown
/usr/convex/getsysinfo = unknown
/usr/bin/hostinfo      = unknown
/bin/machine           = unknown
/usr/bin/oslevel       = unknown
/bin/universe          = unknown

PATH: /projects/hnd/tools/linux/hndtools-arm-linux-2.6.36-uclibc-4.5.3/bin
PATH: /projects/hnd/tools/linux/hndtools-arm-linux-2.6.36-uclibc-4.5.3/bin
PATH: /usr/lib/qt-3.3/bin
PATH: /usr/kerberos/bin
PATH: /usr/lib/ccache
PATH: /usr/local/bin
PATH: /bin
PATH: /usr/bin
PATH: /usr/local/sbin
PATH: /usr/sbin
PATH: /sbin
PATH: /home/hank/bin
PATH: /home/hank/common
PATH: /usr/local/arm/4.2.2-eabi/usr/bin/
PATH: .
PATH: /home/hank/
PATH: .
PATH: /home/hank/bin
PATH: /home/hank/bin
PATH: /home/hank/common
PATH: /usr/local/arm/4.2.2-eabi/usr/bin/
PATH: .
PATH: /home/hank/


## ----------- ##
## Core tests. ##
## ----------- ##

configure:1950: checking build system type
configure:1968: result: i686-pc-linux-gnu
configure:1990: checking host system type
configure:2005: result: mipsel-uclibc-linux-gnu26
configure:2027: checking target system type
configure:2042: result: mipsel-uclibc-linux-gnu26
configure:2490: checking for mipsel-uclibc-linux26-gcc
configure:2520: result: no
configure:2530: checking for gcc
configure:2546: found /usr/lib/ccache/gcc
configure:2557: result: gcc
configure:2571: WARNING: In the future, Autoconf will not detect cross-tools
whose name does not start with the host triplet.  If you think this
configuration is useful to you, please write to autoconf@gnu.org.
configure:2795: checking for C compiler version
configure:2802: gcc --version >&5
gcc (GCC) 4.3.2 20081105 (Red Hat 4.3.2-7)
Copyright (C) 2008 Free Software Foundation, Inc.
This is free software; see the source for copying conditions.  There is NO
warranty; not even for MERCHANTABILITY or FITNESS FOR A PARTICULAR PURPOSE.

configure:2805: $? = 0
configure:2812: gcc -v >&5
Using built-in specs.
Target: i386-redhat-linux
Configured with: ../configure --prefix=/usr --mandir=/usr/share/man --infodir=/usr/share/info --with-bugurl=http://bugzilla.redhat.com/bugzilla --enable-bootstrap --enable-shared --enable-threads=posix --enable-checking=release --with-system-zlib --enable-__cxa_atexit --disable-libunwind-exceptions --enable-languages=c,c++,objc,obj-c++,java,fortran,ada --enable-java-awt=gtk --disable-dssi --enable-plugin --with-java-home=/usr/lib/jvm/java-1.5.0-gcj-1.5.0.0/jre --enable-libgcj-multifile --enable-java-maintainer-mode --with-ecj-jar=/usr/share/java/eclipse-ecj.jar --disable-libjava-multilib --with-cpu=generic --build=i386-redhat-linux
Thread model: posix
gcc version 4.3.2 20081105 (Red Hat 4.3.2-7) (GCC) 
configure:2815: $? = 0
configure:2822: gcc -V >&5
gcc: '-V' option must have argument
configure:2825: $? = 1
configure:2848: checking for C compiler default output file name
configure:2875: gcc -O -D_SAMBA_BUILD_=3   conftest.c  >&5
configure:2878: $? = 0
configure:2916: result: a.out
configure:2933: checking whether the C compiler works
configure:2963: result: yes
configure:2970: checking whether we are cross compiling
configure:2972: result: yes
configure:2975: checking for suffix of executables
configure:2982: gcc -o conftest -O -D_SAMBA_BUILD_=3   conftest.c  >&5
configure:2985: $? = 0
configure:3009: result: 
configure:3015: checking for suffix of object files
configure:3041: gcc -c -O -D_SAMBA_BUILD_=3  conftest.c >&5
configure:3044: $? = 0
configure:3067: result: o
configure:3071: checking whether we are using the GNU C compiler
configure:3100: gcc -c -O -D_SAMBA_BUILD_=3  conftest.c >&5
configure:3106: $? = 0
configure:3123: result: yes
configure:3128: checking whether gcc accepts -g
configure:3158: gcc -c -g  conftest.c >&5
configure:3164: $? = 0
configure:3263: result: yes
configure:3280: checking for gcc option to accept ISO C89
configure:3354: gcc  -c -O -D_SAMBA_BUILD_=3  conftest.c >&5
configure:3360: $? = 0
configure:3383: result: none needed
configure:3579: checking for version of gcc
configure:3582: result: 4.3.2
configure:3597: checking how to run the C preprocessor
configure:3637: gcc -E  conftest.c
configure:3643: $? = 0
configure:3674: gcc -E  conftest.c
conftest.c:10:28: error: ac_nonexistent.h: No such file or directory
configure:3680: $? = 1
configure: failed program was:
| /* confdefs.h.  */
| #define PACKAGE_NAME ""
| #define PACKAGE_TARNAME ""
| #define PACKAGE_VERSION ""
| #define PACKAGE_STRING ""
| #define PACKAGE_BUGREPORT ""
| #define CONFIG_H_IS_FROM_SAMBA 1
| #define _GNU_SOURCE 1
| /* end confdefs.h.  */
| #include <ac_nonexistent.h>
configure:3713: result: gcc -E
configure:3742: gcc -E  conftest.c
configure:3748: $? = 0
configure:3779: gcc -E  conftest.c
conftest.c:10:28: error: ac_nonexistent.h: No such file or directory
configure:3785: $? = 1
configure: failed program was:
| /* confdefs.h.  */
| #define PACKAGE_NAME ""
| #define PACKAGE_TARNAME ""
| #define PACKAGE_VERSION ""
| #define PACKAGE_STRING ""
| #define PACKAGE_BUGREPORT ""
| #define CONFIG_H_IS_FROM_SAMBA 1
| #define _GNU_SOURCE 1
| /* end confdefs.h.  */
| #include <ac_nonexistent.h>
configure:3823: checking for grep that handles long lines and -e
configure:3897: result: /bin/grep
configure:3902: checking for egrep
configure:3980: result: /bin/grep -E
configure:3986: checking for AIX
configure:4008: result: no
configure:4014: checking for ANSI C header files
configure:4044: gcc -c -O -D_SAMBA_BUILD_=3  conftest.c >&5
configure:4050: $? = 0
configure:4178: result: yes
configure:4202: checking for sys/types.h
configure:4223: gcc -c -O -D_SAMBA_BUILD_=3  conftest.c >&5
configure:4229: $? = 0
configure:4245: result: yes
configure:4202: checking for sys/stat.h
configure:4223: gcc -c -O -D_SAMBA_BUILD_=3  conftest.c >&5
configure:4229: $? = 0
configure:4245: result: yes
configure:4202: checking for stdlib.h
configure:4223: gcc -c -O -D_SAMBA_BUILD_=3  conftest.c >&5
configure:4229: $? = 0
configure:4245: result: yes
configure:4202: checking for string.h
configure:4223: gcc -c -O -D_SAMBA_BUILD_=3  conftest.c >&5
configure:4229: $? = 0
configure:4245: result: yes
configure:4202: checking for memory.h
configure:4223: gcc -c -O -D_SAMBA_BUILD_=3  conftest.c >&5
configure:4229: $? = 0
configure:4245: result: yes
configure:4202: checking for strings.h
configure:4223: gcc -c -O -D_SAMBA_BUILD_=3  conftest.c >&5
configure:4229: $? = 0
configure:4245: result: yes
configure:4202: checking for inttypes.h
configure:4223: gcc -c -O -D_SAMBA_BUILD_=3  conftest.c >&5
configure:4229: $? = 0
configure:4245: result: yes
configure:4202: checking for stdint.h
configure:4223: gcc -c -O -D_SAMBA_BUILD_=3  conftest.c >&5
configure:4229: $? = 0
configure:4245: result: yes
configure:4202: checking for unistd.h
configure:4223: gcc -c -O -D_SAMBA_BUILD_=3  conftest.c >&5
configure:4229: $? = 0
configure:4245: result: yes
configure:4267: checking minix/config.h usability
configure:4284: gcc -c -O -D_SAMBA_BUILD_=3  conftest.c >&5
conftest.c:53:26: error: minix/config.h: No such file or directory
configure:4290: $? = 1
configure: failed program was:
| /* confdefs.h.  */
| #define PACKAGE_NAME ""
| #define PACKAGE_TARNAME ""
| #define PACKAGE_VERSION ""
| #define PACKAGE_STRING ""
| #define PACKAGE_BUGREPORT ""
| #define CONFIG_H_IS_FROM_SAMBA 1
| #define _GNU_SOURCE 1
| #define STDC_HEADERS 1
| #define HAVE_SYS_TYPES_H 1
| #define HAVE_SYS_STAT_H 1
| #define HAVE_STDLIB_H 1
| #define HAVE_STRING_H 1
| #define HAVE_MEMORY_H 1
| #define HAVE_STRINGS_H 1
| #define HAVE_INTTYPES_H 1
| #define HAVE_STDINT_H 1
| #define HAVE_UNISTD_H 1
| /* end confdefs.h.  */
| #include <stdio.h>
| #ifdef HAVE_SYS_TYPES_H
| # include <sys/types.h>
| #endif
| #ifdef HAVE_SYS_STAT_H
| # include <sys/stat.h>
| #endif
| #ifdef STDC_HEADERS
| # include <stdlib.h>
| # include <stddef.h>
| #else
| # ifdef HAVE_STDLIB_H
| #  include <stdlib.h>
| # endif
| #endif
| #ifdef HAVE_STRING_H
| # if !defined STDC_HEADERS && defined HAVE_MEMORY_H
| #  include <memory.h>
| # endif
| # include <string.h>
| #endif
| #ifdef HAVE_STRINGS_H
| # include <strings.h>
| #endif
| #ifdef HAVE_INTTYPES_H
| # include <inttypes.h>
| #endif
| #ifdef HAVE_STDINT_H
| # include <stdint.h>
| #endif
| #ifdef HAVE_UNISTD_H
| # include <unistd.h>
| #endif
| #include <minix/config.h>
configure:4304: result: no
configure:4308: checking minix/config.h presence
configure:4323: gcc -E  conftest.c
conftest.c:20:26: error: minix/config.h: No such file or directory
configure:4329: $? = 1
configure: failed program was:
| /* confdefs.h.  */
| #define PACKAGE_NAME ""
| #define PACKAGE_TARNAME ""
| #define PACKAGE_VERSION ""
| #define PACKAGE_STRING ""
| #define PACKAGE_BUGREPORT ""
| #define CONFIG_H_IS_FROM_SAMBA 1
| #define _GNU_SOURCE 1
| #define STDC_HEADERS 1
| #define HAVE_SYS_TYPES_H 1
| #define HAVE_SYS_STAT_H 1
| #define HAVE_STDLIB_H 1
| #define HAVE_STRING_H 1
| #define HAVE_MEMORY_H 1
| #define HAVE_STRINGS_H 1
| #define HAVE_INTTYPES_H 1
| #define HAVE_STDINT_H 1
| #define HAVE_UNISTD_H 1
| /* end confdefs.h.  */
| #include <minix/config.h>
configure:4343: result: no
configure:4371: checking for minix/config.h
configure:4378: result: no
configure:4417: checking whether it is safe to define __EXTENSIONS__
configure:4445: gcc -c -O -D_SAMBA_BUILD_=3  conftest.c >&5
configure:4451: $? = 0
configure:4466: result: yes
configure:4478: checking whether byte ordering is bigendian
configure:4511: gcc -c -O -D_SAMBA_BUILD_=3  conftest.c >&5
configure:4517: $? = 0
configure:4549: gcc -c -O -D_SAMBA_BUILD_=3  conftest.c >&5
conftest.c: In function 'main':
conftest.c:29: error: 'not' undeclared (first use in this function)
conftest.c:29: error: (Each undeclared identifier is reported only once
conftest.c:29: error: for each function it appears in.)
conftest.c:29: error: expected ';' before 'big'
configure:4555: $? = 1
configure: failed program was:
| /* confdefs.h.  */
| #define PACKAGE_NAME ""
| #define PACKAGE_TARNAME ""
| #define PACKAGE_VERSION ""
| #define PACKAGE_STRING ""
| #define PACKAGE_BUGREPORT ""
| #define CONFIG_H_IS_FROM_SAMBA 1
| #define _GNU_SOURCE 1
| #define STDC_HEADERS 1
| #define HAVE_SYS_TYPES_H 1
| #define HAVE_SYS_STAT_H 1
| #define HAVE_STDLIB_H 1
| #define HAVE_STRING_H 1
| #define HAVE_MEMORY_H 1
| #define HAVE_STRINGS_H 1
| #define HAVE_INTTYPES_H 1
| #define HAVE_STDINT_H 1
| #define HAVE_UNISTD_H 1
| #define __EXTENSIONS__ 1
| #define _POSIX_PTHREAD_SEMANTICS 1
| /* end confdefs.h.  */
| #include <sys/types.h>
| #include <sys/param.h>
| 
| int
| main ()
| {
| #if BYTE_ORDER != BIG_ENDIAN
|  not big endian
| #endif
| 
|   ;
|   return 0;
| }
configure:4695: result: no
configure:4714: checking for inline
configure:4740: gcc -c -O -D_SAMBA_BUILD_=3  conftest.c >&5
configure:4746: $? = 0
configure:4764: result: inline
configure:4787: checking for C99 designated initializers
configure:4813: gcc -c -O -D_SAMBA_BUILD_=3  conftest.c >&5
configure:4819: $? = 0
configure:4824: result: yes
configure:5070: checking for a BSD-compatible install
configure:5126: result: /usr/bin/install -c
configure:5138: checking for library containing strerror
configure:5179: gcc -o conftest -O -D_SAMBA_BUILD_=3   conftest.c  >&5
configure:5185: $? = 0
configure:5213: result: none required
configure:5247: checking for special C compiler options needed for large files
configure:5340: result: no
configure:5346: checking for _FILE_OFFSET_BITS value needed for large files
configure:5381: gcc -c -O -D_SAMBA_BUILD_=3  conftest.c >&5
conftest.c:34: warning: left shift count >= width of type
conftest.c:34: warning: left shift count >= width of type
conftest.c:36: error: size of array 'off_t_is_large' is negative
configure:5387: $? = 1
configure: failed program was:
| /* confdefs.h.  */
| #define PACKAGE_NAME ""
| #define PACKAGE_TARNAME ""
| #define PACKAGE_VERSION ""
| #define PACKAGE_STRING ""
| #define PACKAGE_BUGREPORT ""
| #define CONFIG_H_IS_FROM_SAMBA 1
| #define _GNU_SOURCE 1
| #define STDC_HEADERS 1
| #define HAVE_SYS_TYPES_H 1
| #define HAVE_SYS_STAT_H 1
| #define HAVE_STDLIB_H 1
| #define HAVE_STRING_H 1
| #define HAVE_MEMORY_H 1
| #define HAVE_STRINGS_H 1
| #define HAVE_INTTYPES_H 1
| #define HAVE_STDINT_H 1
| #define HAVE_UNISTD_H 1
| #define __EXTENSIONS__ 1
| #define _POSIX_PTHREAD_SEMANTICS 1
| #ifndef _XOPEN_SOURCE_EXTENDED
| # define _XOPEN_SOURCE_EXTENDED 1
| #endif
| #ifndef _OSF_SOURCE
| # define _OSF_SOURCE 1
| #endif
| /* end confdefs.h.  */
| #include <sys/types.h>
|  /* Check that off_t can represent 2**63 - 1 correctly.
|     We can't simply define LARGE_OFF_T to be 9223372036854775807,
|     since some C++ compilers masquerading as C compilers
|     incorrectly reject 9223372036854775807.  */
| #define LARGE_OFF_T (((off_t) 1 << 62) - 1 + ((off_t) 1 << 62))
|   int off_t_is_large[(LARGE_OFF_T % 2147483629 == 721
| 		       && LARGE_OFF_T % 2147483647 == 1)
| 		      ? 1 : -1];
| int
| main ()
| {
| 
|   ;
|   return 0;
| }
configure:5431: gcc -c -O -D_SAMBA_BUILD_=3  conftest.c >&5
configure:5437: $? = 0
configure:5455: result: 64
configure:5677: checking standards.h usability
configure:5694: gcc -c -O -D_SAMBA_BUILD_=3  conftest.c >&5
conftest.c:62:23: error: standards.h: No such file or directory
configure:5700: $? = 1
configure: failed program was:
| /* confdefs.h.  */
| #define PACKAGE_NAME ""
| #define PACKAGE_TARNAME ""
| #define PACKAGE_VERSION ""
| #define PACKAGE_STRING ""
| #define PACKAGE_BUGREPORT ""
| #define CONFIG_H_IS_FROM_SAMBA 1
| #define _GNU_SOURCE 1
| #define STDC_HEADERS 1
| #define HAVE_SYS_TYPES_H 1
| #define HAVE_SYS_STAT_H 1
| #define HAVE_STDLIB_H 1
| #define HAVE_STRING_H 1
| #define HAVE_MEMORY_H 1
| #define HAVE_STRINGS_H 1
| #define HAVE_INTTYPES_H 1
| #define HAVE_STDINT_H 1
| #define HAVE_UNISTD_H 1
| #define __EXTENSIONS__ 1
| #define _POSIX_PTHREAD_SEMANTICS 1
| #ifndef _XOPEN_SOURCE_EXTENDED
| # define _XOPEN_SOURCE_EXTENDED 1
| #endif
| #ifndef _OSF_SOURCE
| # define _OSF_SOURCE 1
| #endif
| #define _FILE_OFFSET_BITS 64
| /* end confdefs.h.  */
| #include <stdio.h>
| #ifdef HAVE_SYS_TYPES_H
| # include <sys/types.h>
| #endif
| #ifdef HAVE_SYS_STAT_H
| # include <sys/stat.h>
| #endif
| #ifdef STDC_HEADERS
| # include <stdlib.h>
| # include <stddef.h>
| #else
| # ifdef HAVE_STDLIB_H
| #  include <stdlib.h>
| # endif
| #endif
| #ifdef HAVE_STRING_H
| # if !defined STDC_HEADERS && defined HAVE_MEMORY_H
| #  include <memory.h>
| # endif
| # include <string.h>
| #endif
| #ifdef HAVE_STRINGS_H
| # include <strings.h>
| #endif
| #ifdef HAVE_INTTYPES_H
| # include <inttypes.h>
| #endif
| #ifdef HAVE_STDINT_H
| # include <stdint.h>
| #endif
| #ifdef HAVE_UNISTD_H
| # include <unistd.h>
| #endif
| #include <standards.h>
configure:5714: result: no
configure:5718: checking standards.h presence
configure:5733: gcc -E  conftest.c
conftest.c:29:23: error: standards.h: No such file or directory
configure:5739: $? = 1
configure: failed program was:
| /* confdefs.h.  */
| #define PACKAGE_NAME ""
| #define PACKAGE_TARNAME ""
| #define PACKAGE_VERSION ""
| #define PACKAGE_STRING ""
| #define PACKAGE_BUGREPORT ""
| #define CONFIG_H_IS_FROM_SAMBA 1
| #define _GNU_SOURCE 1
| #define STDC_HEADERS 1
| #define HAVE_SYS_TYPES_H 1
| #define HAVE_SYS_STAT_H 1
| #define HAVE_STDLIB_H 1
| #define HAVE_STRING_H 1
| #define HAVE_MEMORY_H 1
| #define HAVE_STRINGS_H 1
| #define HAVE_INTTYPES_H 1
| #define HAVE_STDINT_H 1
| #define HAVE_UNISTD_H 1
| #define __EXTENSIONS__ 1
| #define _POSIX_PTHREAD_SEMANTICS 1
| #ifndef _XOPEN_SOURCE_EXTENDED
| # define _XOPEN_SOURCE_EXTENDED 1
| #endif
| #ifndef _OSF_SOURCE
| # define _OSF_SOURCE 1
| #endif
| #define _FILE_OFFSET_BITS 64
| /* end confdefs.h.  */
| #include <standards.h>
configure:5753: result: no
configure:5781: checking for standards.h
configure:5789: result: no
configure:5804: checking for long long
configure:5834: gcc -c -O -D_SAMBA_BUILD_=3  conftest.c >&5
configure:5840: $? = 0
configure:5855: result: yes
configure:5867: checking for uint_t
configure:5897: gcc -c -O -D_SAMBA_BUILD_=3  conftest.c >&5
conftest.c:63: error: expected '=', ',', ';', 'asm' or '__attribute__' before 'ac__type_new_'
conftest.c: In function 'main':
conftest.c:67: error: 'ac__type_new_' undeclared (first use in this function)
conftest.c:67: error: (Each undeclared identifier is reported only once
conftest.c:67: error: for each function it appears in.)
conftest.c:67: error: expected expression before ')' token
configure:5903: $? = 1
configure: failed program was:
| /* confdefs.h.  */
| #define PACKAGE_NAME ""
| #define PACKAGE_TARNAME ""
| #define PACKAGE_VERSION ""
| #define PACKAGE_STRING ""
| #define PACKAGE_BUGREPORT ""
| #define CONFIG_H_IS_FROM_SAMBA 1
| #define _GNU_SOURCE 1
| #define STDC_HEADERS 1
| #define HAVE_SYS_TYPES_H 1
| #define HAVE_SYS_STAT_H 1
| #define HAVE_STDLIB_H 1
| #define HAVE_STRING_H 1
| #define HAVE_MEMORY_H 1
| #define HAVE_STRINGS_H 1
| #define HAVE_INTTYPES_H 1
| #define HAVE_STDINT_H 1
| #define HAVE_UNISTD_H 1
| #define __EXTENSIONS__ 1
| #define _POSIX_PTHREAD_SEMANTICS 1
| #ifndef _XOPEN_SOURCE_EXTENDED
| # define _XOPEN_SOURCE_EXTENDED 1
| #endif
| #ifndef _OSF_SOURCE
| # define _OSF_SOURCE 1
| #endif
| #define _FILE_OFFSET_BITS 64
| #define HAVE_LONG_LONG 1
| /* end confdefs.h.  */
| #include <stdio.h>
| #ifdef HAVE_SYS_TYPES_H
| # include <sys/types.h>
| #endif
| #ifdef HAVE_SYS_STAT_H
| # include <sys/stat.h>
| #endif
| #ifdef STDC_HEADERS
| # include <stdlib.h>
| # include <stddef.h>
| #else
| # ifdef HAVE_STDLIB_H
| #  include <stdlib.h>
| # endif
| #endif
| #ifdef HAVE_STRING_H
| # if !defined STDC_HEADERS && defined HAVE_MEMORY_H
| #  include <memory.h>
| # endif
| # include <string.h>
| #endif
| #ifdef HAVE_STRINGS_H
| # include <strings.h>
| #endif
| #ifdef HAVE_INTTYPES_H
| # include <inttypes.h>
| #endif
| #ifdef HAVE_STDINT_H
| # include <stdint.h>
| #endif
| #ifdef HAVE_UNISTD_H
| # include <unistd.h>
| #endif
| typedef uint_t ac__type_new_;
| int
| main ()
| {
| if ((ac__type_new_ *) 0)
|   return 0;
| if (sizeof (ac__type_new_))
|   return 0;
|   ;
|   return 0;
| }
configure:5918: result: no
configure:5930: checking for int8_t
configure:5960: gcc -c -O -D_SAMBA_BUILD_=3  conftest.c >&5
configure:5966: $? = 0
configure:5981: result: yes
configure:5993: checking for uint8_t
configure:6023: gcc -c -O -D_SAMBA_BUILD_=3  conftest.c >&5
configure:6029: $? = 0
configure:6044: result: yes
configure:6056: checking for int16_t
configure:6086: gcc -c -O -D_SAMBA_BUILD_=3  conftest.c >&5
configure:6092: $? = 0
configure:6107: result: yes
configure:6119: checking for uint16_t
configure:6149: gcc -c -O -D_SAMBA_BUILD_=3  conftest.c >&5
configure:6155: $? = 0
configure:6170: result: yes
configure:6182: checking for int32_t
configure:6212: gcc -c -O -D_SAMBA_BUILD_=3  conftest.c >&5
configure:6218: $? = 0
configure:6233: result: yes
configure:6245: checking for uint32_t
configure:6275: gcc -c -O -D_SAMBA_BUILD_=3  conftest.c >&5
configure:6281: $? = 0
configure:6296: result: yes
configure:6308: checking for int64_t
configure:6338: gcc -c -O -D_SAMBA_BUILD_=3  conftest.c >&5
configure:6344: $? = 0
configure:6359: result: yes
configure:6371: checking for uint64_t
configure:6401: gcc -c -O -D_SAMBA_BUILD_=3  conftest.c >&5
configure:6407: $? = 0
configure:6422: result: yes
configure:6435: checking for size_t
configure:6465: gcc -c -O -D_SAMBA_BUILD_=3  conftest.c >&5
configure:6471: $? = 0
configure:6486: result: yes
configure:6498: checking for ssize_t
configure:6528: gcc -c -O -D_SAMBA_BUILD_=3  conftest.c >&5
configure:6534: $? = 0
configure:6549: result: yes
configure:6562: checking for int
configure:6592: gcc -c -O -D_SAMBA_BUILD_=3  conftest.c >&5
configure:6598: $? = 0
configure:6613: result: yes
configure:6620: checking size of int
configure:6651: gcc -c -O -D_SAMBA_BUILD_=3  conftest.c >&5
configure:6657: $? = 0
configure:6688: gcc -c -O -D_SAMBA_BUILD_=3  conftest.c >&5
conftest.c: In function 'main':
conftest.c:68: error: size of array 'test_array' is negative
configure:6694: $? = 1
configure: failed program was:
| /* confdefs.h.  */
| #define PACKAGE_NAME ""
| #define PACKAGE_TARNAME ""
| #define PACKAGE_VERSION ""
| #define PACKAGE_STRING ""
| #define PACKAGE_BUGREPORT ""
| #define CONFIG_H_IS_FROM_SAMBA 1
| #define _GNU_SOURCE 1
| #define STDC_HEADERS 1
| #define HAVE_SYS_TYPES_H 1
| #define HAVE_SYS_STAT_H 1
| #define HAVE_STDLIB_H 1
| #define HAVE_STRING_H 1
| #define HAVE_MEMORY_H 1
| #define HAVE_STRINGS_H 1
| #define HAVE_INTTYPES_H 1
| #define HAVE_STDINT_H 1
| #define HAVE_UNISTD_H 1
| #define __EXTENSIONS__ 1
| #define _POSIX_PTHREAD_SEMANTICS 1
| #ifndef _XOPEN_SOURCE_EXTENDED
| # define _XOPEN_SOURCE_EXTENDED 1
| #endif
| #ifndef _OSF_SOURCE
| # define _OSF_SOURCE 1
| #endif
| #define _FILE_OFFSET_BITS 64
| #define HAVE_LONG_LONG 1
| #define uint_t unsigned int
| /* end confdefs.h.  */
| #include <stdio.h>
| #ifdef HAVE_SYS_TYPES_H
| # include <sys/types.h>
| #endif
| #ifdef HAVE_SYS_STAT_H
| # include <sys/stat.h>
| #endif
| #ifdef STDC_HEADERS
| # include <stdlib.h>
| # include <stddef.h>
| #else
| # ifdef HAVE_STDLIB_H
| #  include <stdlib.h>
| # endif
| #endif
| #ifdef HAVE_STRING_H
| # if !defined STDC_HEADERS && defined HAVE_MEMORY_H
| #  include <memory.h>
| # endif
| # include <string.h>
| #endif
| #ifdef HAVE_STRINGS_H
| # include <strings.h>
| #endif
| #ifdef HAVE_INTTYPES_H
| # include <inttypes.h>
| #endif
| #ifdef HAVE_STDINT_H
| # include <stdint.h>
| #endif
| #ifdef HAVE_UNISTD_H
| # include <unistd.h>
| #endif
|    typedef int ac__type_sizeof_;
| int
| main ()
| {
| static int test_array [1 - 2 * !(((long int) (sizeof (ac__type_sizeof_))) <= 0)];
| test_array [0] = 0
| 
|   ;
|   return 0;
| }
configure:6688: gcc -c -O -D_SAMBA_BUILD_=3  conftest.c >&5
conftest.c: In function 'main':
conftest.c:68: error: size of array 'test_array' is negative
configure:6694: $? = 1
configure: failed program was:
| /* confdefs.h.  */
| #define PACKAGE_NAME ""
| #define PACKAGE_TARNAME ""
| #define PACKAGE_VERSION ""
| #define PACKAGE_STRING ""
| #define PACKAGE_BUGREPORT ""
| #define CONFIG_H_IS_FROM_SAMBA 1
| #define _GNU_SOURCE 1
| #define STDC_HEADERS 1
| #define HAVE_SYS_TYPES_H 1
| #define HAVE_SYS_STAT_H 1
| #define HAVE_STDLIB_H 1
| #define HAVE_STRING_H 1
| #define HAVE_MEMORY_H 1
| #define HAVE_STRINGS_H 1
| #define HAVE_INTTYPES_H 1
| #define HAVE_STDINT_H 1
| #define HAVE_UNISTD_H 1
| #define __EXTENSIONS__ 1
| #define _POSIX_PTHREAD_SEMANTICS 1
| #ifndef _XOPEN_SOURCE_EXTENDED
| # define _XOPEN_SOURCE_EXTENDED 1
| #endif
| #ifndef _OSF_SOURCE
| # define _OSF_SOURCE 1
| #endif
| #define _FILE_OFFSET_BITS 64
| #define HAVE_LONG_LONG 1
| #define uint_t unsigned int
| /* end confdefs.h.  */
| #include <stdio.h>
| #ifdef HAVE_SYS_TYPES_H
| # include <sys/types.h>
| #endif
| #ifdef HAVE_SYS_STAT_H
| # include <sys/stat.h>
| #endif
| #ifdef STDC_HEADERS
| # include <stdlib.h>
| # include <stddef.h>
| #else
| # ifdef HAVE_STDLIB_H
| #  include <stdlib.h>
| # endif
| #endif
| #ifdef HAVE_STRING_H
| # if !defined STDC_HEADERS && defined HAVE_MEMORY_H
| #  include <memory.h>
| # endif
| # include <string.h>
| #endif
| #ifdef HAVE_STRINGS_H
| # include <strings.h>
| #endif
| #ifdef HAVE_INTTYPES_H
| # include <inttypes.h>
| #endif
| #ifdef HAVE_STDINT_H
| # include <stdint.h>
| #endif
| #ifdef HAVE_UNISTD_H
| # include <unistd.h>
| #endif
|    typedef int ac__type_sizeof_;
| int
| main ()
| {
| static int test_array [1 - 2 * !(((long int) (sizeof (ac__type_sizeof_))) <= 1)];
| test_array [0] = 0
| 
|   ;
|   return 0;
| }
configure:6688: gcc -c -O -D_SAMBA_BUILD_=3  conftest.c >&5
conftest.c: In function 'main':
conftest.c:68: error: size of array 'test_array' is negative
configure:6694: $? = 1
configure: failed program was:
| /* confdefs.h.  */
| #define PACKAGE_NAME ""
| #define PACKAGE_TARNAME ""
| #define PACKAGE_VERSION ""
| #define PACKAGE_STRING ""
| #define PACKAGE_BUGREPORT ""
| #define CONFIG_H_IS_FROM_SAMBA 1
| #define _GNU_SOURCE 1
| #define STDC_HEADERS 1
| #define HAVE_SYS_TYPES_H 1
| #define HAVE_SYS_STAT_H 1
| #define HAVE_STDLIB_H 1
| #define HAVE_STRING_H 1
| #define HAVE_MEMORY_H 1
| #define HAVE_STRINGS_H 1
| #define HAVE_INTTYPES_H 1
| #define HAVE_STDINT_H 1
| #define HAVE_UNISTD_H 1
| #define __EXTENSIONS__ 1
| #define _POSIX_PTHREAD_SEMANTICS 1
| #ifndef _XOPEN_SOURCE_EXTENDED
| # define _XOPEN_SOURCE_EXTENDED 1
| #endif
| #ifndef _OSF_SOURCE
| # define _OSF_SOURCE 1
| #endif
| #define _FILE_OFFSET_BITS 64
| #define HAVE_LONG_LONG 1
| #define uint_t unsigned int
| /* end confdefs.h.  */
| #include <stdio.h>
| #ifdef HAVE_SYS_TYPES_H
| # include <sys/types.h>
| #endif
| #ifdef HAVE_SYS_STAT_H
| # include <sys/stat.h>
| #endif
| #ifdef STDC_HEADERS
| # include <stdlib.h>
| # include <stddef.h>
| #else
| # ifdef HAVE_STDLIB_H
| #  include <stdlib.h>
| # endif
| #endif
| #ifdef HAVE_STRING_H
| # if !defined STDC_HEADERS && defined HAVE_MEMORY_H
| #  include <memory.h>
| # endif
| # include <string.h>
| #endif
| #ifdef HAVE_STRINGS_H
| # include <strings.h>
| #endif
| #ifdef HAVE_INTTYPES_H
| # include <inttypes.h>
| #endif
| #ifdef HAVE_STDINT_H
| # include <stdint.h>
| #endif
| #ifdef HAVE_UNISTD_H
| # include <unistd.h>
| #endif
|    typedef int ac__type_sizeof_;
| int
| main ()
| {
| static int test_array [1 - 2 * !(((long int) (sizeof (ac__type_sizeof_))) <= 3)];
| test_array [0] = 0
| 
|   ;
|   return 0;
| }
configure:6688: gcc -c -O -D_SAMBA_BUILD_=3  conftest.c >&5
configure:6694: $? = 0
configure:6843: gcc -c -O -D_SAMBA_BUILD_=3  conftest.c >&5
configure:6849: $? = 0
configure:6843: gcc -c -O -D_SAMBA_BUILD_=3  conftest.c >&5
configure:6849: $? = 0
configure:6957: result: 4
configure:6967: checking for char
configure:6997: gcc -c -O -D_SAMBA_BUILD_=3  conftest.c >&5
configure:7003: $? = 0
configure:7018: result: yes
configure:7025: checking size of char
configure:7056: gcc -c -O -D_SAMBA_BUILD_=3  conftest.c >&5
configure:7062: $? = 0
configure:7093: gcc -c -O -D_SAMBA_BUILD_=3  conftest.c >&5
conftest.c: In function 'main':
conftest.c:69: error: size of array 'test_array' is negative
configure:7099: $? = 1
configure: failed program was:
| /* confdefs.h.  */
| #define PACKAGE_NAME ""
| #define PACKAGE_TARNAME ""
| #define PACKAGE_VERSION ""
| #define PACKAGE_STRING ""
| #define PACKAGE_BUGREPORT ""
| #define CONFIG_H_IS_FROM_SAMBA 1
| #define _GNU_SOURCE 1
| #define STDC_HEADERS 1
| #define HAVE_SYS_TYPES_H 1
| #define HAVE_SYS_STAT_H 1
| #define HAVE_STDLIB_H 1
| #define HAVE_STRING_H 1
| #define HAVE_MEMORY_H 1
| #define HAVE_STRINGS_H 1
| #define HAVE_INTTYPES_H 1
| #define HAVE_STDINT_H 1
| #define HAVE_UNISTD_H 1
| #define __EXTENSIONS__ 1
| #define _POSIX_PTHREAD_SEMANTICS 1
| #ifndef _XOPEN_SOURCE_EXTENDED
| # define _XOPEN_SOURCE_EXTENDED 1
| #endif
| #ifndef _OSF_SOURCE
| # define _OSF_SOURCE 1
| #endif
| #define _FILE_OFFSET_BITS 64
| #define HAVE_LONG_LONG 1
| #define uint_t unsigned int
| #define SIZEOF_INT 4
| /* end confdefs.h.  */
| #include <stdio.h>
| #ifdef HAVE_SYS_TYPES_H
| # include <sys/types.h>
| #endif
| #ifdef HAVE_SYS_STAT_H
| # include <sys/stat.h>
| #endif
| #ifdef STDC_HEADERS
| # include <stdlib.h>
| # include <stddef.h>
| #else
| # ifdef HAVE_STDLIB_H
| #  include <stdlib.h>
| # endif
| #endif
| #ifdef HAVE_STRING_H
| # if !defined STDC_HEADERS && defined HAVE_MEMORY_H
| #  include <memory.h>
| # endif
| # include <string.h>
| #endif
| #ifdef HAVE_STRINGS_H
| # include <strings.h>
| #endif
| #ifdef HAVE_INTTYPES_H
| # include <inttypes.h>
| #endif
| #ifdef HAVE_STDINT_H
| # include <stdint.h>
| #endif
| #ifdef HAVE_UNISTD_H
| # include <unistd.h>
| #endif
|    typedef char ac__type_sizeof_;
| int
| main ()
| {
| static int test_array [1 - 2 * !(((long int) (sizeof (ac__type_sizeof_))) <= 0)];
| test_array [0] = 0
| 
|   ;
|   return 0;
| }
configure:7093: gcc -c -O -D_SAMBA_BUILD_=3  conftest.c >&5
configure:7099: $? = 0
configure:7362: result: 1
configure:7372: checking for short
configure:7402: gcc -c -O -D_SAMBA_BUILD_=3  conftest.c >&5
configure:7408: $? = 0
configure:7423: result: yes
configure:7430: checking size of short
configure:7461: gcc -c -O -D_SAMBA_BUILD_=3  conftest.c >&5
configure:7467: $? = 0
configure:7498: gcc -c -O -D_SAMBA_BUILD_=3  conftest.c >&5
conftest.c: In function 'main':
conftest.c:70: error: size of array 'test_array' is negative
configure:7504: $? = 1
configure: failed program was:
| /* confdefs.h.  */
| #define PACKAGE_NAME ""
| #define PACKAGE_TARNAME ""
| #define PACKAGE_VERSION ""
| #define PACKAGE_STRING ""
| #define PACKAGE_BUGREPORT ""
| #define CONFIG_H_IS_FROM_SAMBA 1
| #define _GNU_SOURCE 1
| #define STDC_HEADERS 1
| #define HAVE_SYS_TYPES_H 1
| #define HAVE_SYS_STAT_H 1
| #define HAVE_STDLIB_H 1
| #define HAVE_STRING_H 1
| #define HAVE_MEMORY_H 1
| #define HAVE_STRINGS_H 1
| #define HAVE_INTTYPES_H 1
| #define HAVE_STDINT_H 1
| #define HAVE_UNISTD_H 1
| #define __EXTENSIONS__ 1
| #define _POSIX_PTHREAD_SEMANTICS 1
| #ifndef _XOPEN_SOURCE_EXTENDED
| # define _XOPEN_SOURCE_EXTENDED 1
| #endif
| #ifndef _OSF_SOURCE
| # define _OSF_SOURCE 1
| #endif
| #define _FILE_OFFSET_BITS 64
| #define HAVE_LONG_LONG 1
| #define uint_t unsigned int
| #define SIZEOF_INT 4
| #define SIZEOF_CHAR 1
| /* end confdefs.h.  */
| #include <stdio.h>
| #ifdef HAVE_SYS_TYPES_H
| # include <sys/types.h>
| #endif
| #ifdef HAVE_SYS_STAT_H
| # include <sys/stat.h>
| #endif
| #ifdef STDC_HEADERS
| # include <stdlib.h>
| # include <stddef.h>
| #else
| # ifdef HAVE_STDLIB_H
| #  include <stdlib.h>
| # endif
| #endif
| #ifdef HAVE_STRING_H
| # if !defined STDC_HEADERS && defined HAVE_MEMORY_H
| #  include <memory.h>
| # endif
| # include <string.h>
| #endif
| #ifdef HAVE_STRINGS_H
| # include <strings.h>
| #endif
| #ifdef HAVE_INTTYPES_H
| # include <inttypes.h>
| #endif
| #ifdef HAVE_STDINT_H
| # include <stdint.h>
| #endif
| #ifdef HAVE_UNISTD_H
| # include <unistd.h>
| #endif
|    typedef short ac__type_sizeof_;
| int
| main ()
| {
| static int test_array [1 - 2 * !(((long int) (sizeof (ac__type_sizeof_))) <= 0)];
| test_array [0] = 0
| 
|   ;
|   return 0;
| }
configure:7498: gcc -c -O -D_SAMBA_BUILD_=3  conftest.c >&5
conftest.c: In function 'main':
conftest.c:70: error: size of array 'test_array' is negative
configure:7504: $? = 1
configure: failed program was:
| /* confdefs.h.  */
| #define PACKAGE_NAME ""
| #define PACKAGE_TARNAME ""
| #define PACKAGE_VERSION ""
| #define PACKAGE_STRING ""
| #define PACKAGE_BUGREPORT ""
| #define CONFIG_H_IS_FROM_SAMBA 1
| #define _GNU_SOURCE 1
| #define STDC_HEADERS 1
| #define HAVE_SYS_TYPES_H 1
| #define HAVE_SYS_STAT_H 1
| #define HAVE_STDLIB_H 1
| #define HAVE_STRING_H 1
| #define HAVE_MEMORY_H 1
| #define HAVE_STRINGS_H 1
| #define HAVE_INTTYPES_H 1
| #define HAVE_STDINT_H 1
| #define HAVE_UNISTD_H 1
| #define __EXTENSIONS__ 1
| #define _POSIX_PTHREAD_SEMANTICS 1
| #ifndef _XOPEN_SOURCE_EXTENDED
| # define _XOPEN_SOURCE_EXTENDED 1
| #endif
| #ifndef _OSF_SOURCE
| # define _OSF_SOURCE 1
| #endif
| #define _FILE_OFFSET_BITS 64
| #define HAVE_LONG_LONG 1
| #define uint_t unsigned int
| #define SIZEOF_INT 4
| #define SIZEOF_CHAR 1
| /* end confdefs.h.  */
| #include <stdio.h>
| #ifdef HAVE_SYS_TYPES_H
| # include <sys/types.h>
| #endif
| #ifdef HAVE_SYS_STAT_H
| # include <sys/stat.h>
| #endif
| #ifdef STDC_HEADERS
| # include <stdlib.h>
| # include <stddef.h>
| #else
| # ifdef HAVE_STDLIB_H
| #  include <stdlib.h>
| # endif
| #endif
| #ifdef HAVE_STRING_H
| # if !defined STDC_HEADERS && defined HAVE_MEMORY_H
| #  include <memory.h>
| # endif
| # include <string.h>
| #endif
| #ifdef HAVE_STRINGS_H
| # include <strings.h>
| #endif
| #ifdef HAVE_INTTYPES_H
| # include <inttypes.h>
| #endif
| #ifdef HAVE_STDINT_H
| # include <stdint.h>
| #endif
| #ifdef HAVE_UNISTD_H
| # include <unistd.h>
| #endif
|    typedef short ac__type_sizeof_;
| int
| main ()
| {
| static int test_array [1 - 2 * !(((long int) (sizeof (ac__type_sizeof_))) <= 1)];
| test_array [0] = 0
| 
|   ;
|   return 0;
| }
configure:7498: gcc -c -O -D_SAMBA_BUILD_=3  conftest.c >&5
configure:7504: $? = 0
configure:7653: gcc -c -O -D_SAMBA_BUILD_=3  conftest.c >&5
configure:7659: $? = 0
configure:7767: result: 2
configure:7777: checking for long
configure:7807: gcc -c -O -D_SAMBA_BUILD_=3  conftest.c >&5
configure:7813: $? = 0
configure:7828: result: yes
configure:7835: checking size of long
configure:7866: gcc -c -O -D_SAMBA_BUILD_=3  conftest.c >&5
configure:7872: $? = 0
configure:7903: gcc -c -O -D_SAMBA_BUILD_=3  conftest.c >&5
conftest.c: In function 'main':
conftest.c:71: error: size of array 'test_array' is negative
configure:7909: $? = 1
configure: failed program was:
| /* confdefs.h.  */
| #define PACKAGE_NAME ""
| #define PACKAGE_TARNAME ""
| #define PACKAGE_VERSION ""
| #define PACKAGE_STRING ""
| #define PACKAGE_BUGREPORT ""
| #define CONFIG_H_IS_FROM_SAMBA 1
| #define _GNU_SOURCE 1
| #define STDC_HEADERS 1
| #define HAVE_SYS_TYPES_H 1
| #define HAVE_SYS_STAT_H 1
| #define HAVE_STDLIB_H 1
| #define HAVE_STRING_H 1
| #define HAVE_MEMORY_H 1
| #define HAVE_STRINGS_H 1
| #define HAVE_INTTYPES_H 1
| #define HAVE_STDINT_H 1
| #define HAVE_UNISTD_H 1
| #define __EXTENSIONS__ 1
| #define _POSIX_PTHREAD_SEMANTICS 1
| #ifndef _XOPEN_SOURCE_EXTENDED
| # define _XOPEN_SOURCE_EXTENDED 1
| #endif
| #ifndef _OSF_SOURCE
| # define _OSF_SOURCE 1
| #endif
| #define _FILE_OFFSET_BITS 64
| #define HAVE_LONG_LONG 1
| #define uint_t unsigned int
| #define SIZEOF_INT 4
| #define SIZEOF_CHAR 1
| #define SIZEOF_SHORT 2
| /* end confdefs.h.  */
| #include <stdio.h>
| #ifdef HAVE_SYS_TYPES_H
| # include <sys/types.h>
| #endif
| #ifdef HAVE_SYS_STAT_H
| # include <sys/stat.h>
| #endif
| #ifdef STDC_HEADERS
| # include <stdlib.h>
| # include <stddef.h>
| #else
| # ifdef HAVE_STDLIB_H
| #  include <stdlib.h>
| # endif
| #endif
| #ifdef HAVE_STRING_H
| # if !defined STDC_HEADERS && defined HAVE_MEMORY_H
| #  include <memory.h>
| # endif
| # include <string.h>
| #endif
| #ifdef HAVE_STRINGS_H
| # include <strings.h>
| #endif
| #ifdef HAVE_INTTYPES_H
| # include <inttypes.h>
| #endif
| #ifdef HAVE_STDINT_H
| # include <stdint.h>
| #endif
| #ifdef HAVE_UNISTD_H
| # include <unistd.h>
| #endif
|    typedef long ac__type_sizeof_;
| int
| main ()
| {
| static int test_array [1 - 2 * !(((long int) (sizeof (ac__type_sizeof_))) <= 0)];
| test_array [0] = 0
| 
|   ;
|   return 0;
| }
configure:7903: gcc -c -O -D_SAMBA_BUILD_=3  conftest.c >&5
conftest.c: In function 'main':
conftest.c:71: error: size of array 'test_array' is negative
configure:7909: $? = 1
configure: failed program was:
| /* confdefs.h.  */
| #define PACKAGE_NAME ""
| #define PACKAGE_TARNAME ""
| #define PACKAGE_VERSION ""
| #define PACKAGE_STRING ""
| #define PACKAGE_BUGREPORT ""
| #define CONFIG_H_IS_FROM_SAMBA 1
| #define _GNU_SOURCE 1
| #define STDC_HEADERS 1
| #define HAVE_SYS_TYPES_H 1
| #define HAVE_SYS_STAT_H 1
| #define HAVE_STDLIB_H 1
| #define HAVE_STRING_H 1
| #define HAVE_MEMORY_H 1
| #define HAVE_STRINGS_H 1
| #define HAVE_INTTYPES_H 1
| #define HAVE_STDINT_H 1
| #define HAVE_UNISTD_H 1
| #define __EXTENSIONS__ 1
| #define _POSIX_PTHREAD_SEMANTICS 1
| #ifndef _XOPEN_SOURCE_EXTENDED
| # define _XOPEN_SOURCE_EXTENDED 1
| #endif
| #ifndef _OSF_SOURCE
| # define _OSF_SOURCE 1
| #endif
| #define _FILE_OFFSET_BITS 64
| #define HAVE_LONG_LONG 1
| #define uint_t unsigned int
| #define SIZEOF_INT 4
| #define SIZEOF_CHAR 1
| #define SIZEOF_SHORT 2
| /* end confdefs.h.  */
| #include <stdio.h>
| #ifdef HAVE_SYS_TYPES_H
| # include <sys/types.h>
| #endif
| #ifdef HAVE_SYS_STAT_H
| # include <sys/stat.h>
| #endif
| #ifdef STDC_HEADERS
| # include <stdlib.h>
| # include <stddef.h>
| #else
| # ifdef HAVE_STDLIB_H
| #  include <stdlib.h>
| # endif
| #endif
| #ifdef HAVE_STRING_H
| # if !defined STDC_HEADERS && defined HAVE_MEMORY_H
| #  include <memory.h>
| # endif
| # include <string.h>
| #endif
| #ifdef HAVE_STRINGS_H
| # include <strings.h>
| #endif
| #ifdef HAVE_INTTYPES_H
| # include <inttypes.h>
| #endif
| #ifdef HAVE_STDINT_H
| # include <stdint.h>
| #endif
| #ifdef HAVE_UNISTD_H
| # include <unistd.h>
| #endif
|    typedef long ac__type_sizeof_;
| int
| main ()
| {
| static int test_array [1 - 2 * !(((long int) (sizeof (ac__type_sizeof_))) <= 1)];
| test_array [0] = 0
| 
|   ;
|   return 0;
| }
configure:7903: gcc -c -O -D_SAMBA_BUILD_=3  conftest.c >&5
conftest.c: In function 'main':
conftest.c:71: error: size of array 'test_array' is negative
configure:7909: $? = 1
configure: failed program was:
| /* confdefs.h.  */
| #define PACKAGE_NAME ""
| #define PACKAGE_TARNAME ""
| #define PACKAGE_VERSION ""
| #define PACKAGE_STRING ""
| #define PACKAGE_BUGREPORT ""
| #define CONFIG_H_IS_FROM_SAMBA 1
| #define _GNU_SOURCE 1
| #define STDC_HEADERS 1
| #define HAVE_SYS_TYPES_H 1
| #define HAVE_SYS_STAT_H 1
| #define HAVE_STDLIB_H 1
| #define HAVE_STRING_H 1
| #define HAVE_MEMORY_H 1
| #define HAVE_STRINGS_H 1
| #define HAVE_INTTYPES_H 1
| #define HAVE_STDINT_H 1
| #define HAVE_UNISTD_H 1
| #define __EXTENSIONS__ 1
| #define _POSIX_PTHREAD_SEMANTICS 1
| #ifndef _XOPEN_SOURCE_EXTENDED
| # define _XOPEN_SOURCE_EXTENDED 1
| #endif
| #ifndef _OSF_SOURCE
| # define _OSF_SOURCE 1
| #endif
| #define _FILE_OFFSET_BITS 64
| #define HAVE_LONG_LONG 1
| #define uint_t unsigned int
| #define SIZEOF_INT 4
| #define SIZEOF_CHAR 1
| #define SIZEOF_SHORT 2
| /* end confdefs.h.  */
| #include <stdio.h>
| #ifdef HAVE_SYS_TYPES_H
| # include <sys/types.h>
| #endif
| #ifdef HAVE_SYS_STAT_H
| # include <sys/stat.h>
| #endif
| #ifdef STDC_HEADERS
| # include <stdlib.h>
| # include <stddef.h>
| #else
| # ifdef HAVE_STDLIB_H
| #  include <stdlib.h>
| # endif
| #endif
| #ifdef HAVE_STRING_H
| # if !defined STDC_HEADERS && defined HAVE_MEMORY_H
| #  include <memory.h>
| # endif
| # include <string.h>
| #endif
| #ifdef HAVE_STRINGS_H
| # include <strings.h>
| #endif
| #ifdef HAVE_INTTYPES_H
| # include <inttypes.h>
| #endif
| #ifdef HAVE_STDINT_H
| # include <stdint.h>
| #endif
| #ifdef HAVE_UNISTD_H
| # include <unistd.h>
| #endif
|    typedef long ac__type_sizeof_;
| int
| main ()
| {
| static int test_array [1 - 2 * !(((long int) (sizeof (ac__type_sizeof_))) <= 3)];
| test_array [0] = 0
| 
|   ;
|   return 0;
| }
configure:7903: gcc -c -O -D_SAMBA_BUILD_=3  conftest.c >&5
configure:7909: $? = 0
configure:8058: gcc -c -O -D_SAMBA_BUILD_=3  conftest.c >&5
configure:8064: $? = 0
configure:8058: gcc -c -O -D_SAMBA_BUILD_=3  conftest.c >&5
configure:8064: $? = 0
configure:8172: result: 4
configure:8182: checking for long long
configure:8233: result: yes
configure:8240: checking size of long long
configure:8271: gcc -c -O -D_SAMBA_BUILD_=3  conftest.c >&5
configure:8277: $? = 0
configure:8308: gcc -c -O -D_SAMBA_BUILD_=3  conftest.c >&5
conftest.c: In function 'main':
conftest.c:72: error: size of array 'test_array' is negative
configure:8314: $? = 1
configure: failed program was:
| /* confdefs.h.  */
| #define PACKAGE_NAME ""
| #define PACKAGE_TARNAME ""
| #define PACKAGE_VERSION ""
| #define PACKAGE_STRING ""
| #define PACKAGE_BUGREPORT ""
| #define CONFIG_H_IS_FROM_SAMBA 1
| #define _GNU_SOURCE 1
| #define STDC_HEADERS 1
| #define HAVE_SYS_TYPES_H 1
| #define HAVE_SYS_STAT_H 1
| #define HAVE_STDLIB_H 1
| #define HAVE_STRING_H 1
| #define HAVE_MEMORY_H 1
| #define HAVE_STRINGS_H 1
| #define HAVE_INTTYPES_H 1
| #define HAVE_STDINT_H 1
| #define HAVE_UNISTD_H 1
| #define __EXTENSIONS__ 1
| #define _POSIX_PTHREAD_SEMANTICS 1
| #ifndef _XOPEN_SOURCE_EXTENDED
| # define _XOPEN_SOURCE_EXTENDED 1
| #endif
| #ifndef _OSF_SOURCE
| # define _OSF_SOURCE 1
| #endif
| #define _FILE_OFFSET_BITS 64
| #define HAVE_LONG_LONG 1
| #define uint_t unsigned int
| #define SIZEOF_INT 4
| #define SIZEOF_CHAR 1
| #define SIZEOF_SHORT 2
| #define SIZEOF_LONG 4
| /* end confdefs.h.  */
| #include <stdio.h>
| #ifdef HAVE_SYS_TYPES_H
| # include <sys/types.h>
| #endif
| #ifdef HAVE_SYS_STAT_H
| # include <sys/stat.h>
| #endif
| #ifdef STDC_HEADERS
| # include <stdlib.h>
| # include <stddef.h>
| #else
| # ifdef HAVE_STDLIB_H
| #  include <stdlib.h>
| # endif
| #endif
| #ifdef HAVE_STRING_H
| # if !defined STDC_HEADERS && defined HAVE_MEMORY_H
| #  include <memory.h>
| # endif
| # include <string.h>
| #endif
| #ifdef HAVE_STRINGS_H
| # include <strings.h>
| #endif
| #ifdef HAVE_INTTYPES_H
| # include <inttypes.h>
| #endif
| #ifdef HAVE_STDINT_H
| # include <stdint.h>
| #endif
| #ifdef HAVE_UNISTD_H
| # include <unistd.h>
| #endif
|    typedef long long ac__type_sizeof_;
| int
| main ()
| {
| static int test_array [1 - 2 * !(((long int) (sizeof (ac__type_sizeof_))) <= 0)];
| test_array [0] = 0
| 
|   ;
|   return 0;
| }
configure:8308: gcc -c -O -D_SAMBA_BUILD_=3  conftest.c >&5
conftest.c: In function 'main':
conftest.c:72: error: size of array 'test_array' is negative
configure:8314: $? = 1
configure: failed program was:
| /* confdefs.h.  */
| #define PACKAGE_NAME ""
| #define PACKAGE_TARNAME ""
| #define PACKAGE_VERSION ""
| #define PACKAGE_STRING ""
| #define PACKAGE_BUGREPORT ""
| #define CONFIG_H_IS_FROM_SAMBA 1
| #define _GNU_SOURCE 1
| #define STDC_HEADERS 1
| #define HAVE_SYS_TYPES_H 1
| #define HAVE_SYS_STAT_H 1
| #define HAVE_STDLIB_H 1
| #define HAVE_STRING_H 1
| #define HAVE_MEMORY_H 1
| #define HAVE_STRINGS_H 1
| #define HAVE_INTTYPES_H 1
| #define HAVE_STDINT_H 1
| #define HAVE_UNISTD_H 1
| #define __EXTENSIONS__ 1
| #define _POSIX_PTHREAD_SEMANTICS 1
| #ifndef _XOPEN_SOURCE_EXTENDED
| # define _XOPEN_SOURCE_EXTENDED 1
| #endif
| #ifndef _OSF_SOURCE
| # define _OSF_SOURCE 1
| #endif
| #define _FILE_OFFSET_BITS 64
| #define HAVE_LONG_LONG 1
| #define uint_t unsigned int
| #define SIZEOF_INT 4
| #define SIZEOF_CHAR 1
| #define SIZEOF_SHORT 2
| #define SIZEOF_LONG 4
| /* end confdefs.h.  */
| #include <stdio.h>
| #ifdef HAVE_SYS_TYPES_H
| # include <sys/types.h>
| #endif
| #ifdef HAVE_SYS_STAT_H
| # include <sys/stat.h>
| #endif
| #ifdef STDC_HEADERS
| # include <stdlib.h>
| # include <stddef.h>
| #else
| # ifdef HAVE_STDLIB_H
| #  include <stdlib.h>
| # endif
| #endif
| #ifdef HAVE_STRING_H
| # if !defined STDC_HEADERS && defined HAVE_MEMORY_H
| #  include <memory.h>
| # endif
| # include <string.h>
| #endif
| #ifdef HAVE_STRINGS_H
| # include <strings.h>
| #endif
| #ifdef HAVE_INTTYPES_H
| # include <inttypes.h>
| #endif
| #ifdef HAVE_STDINT_H
| # include <stdint.h>
| #endif
| #ifdef HAVE_UNISTD_H
| # include <unistd.h>
| #endif
|    typedef long long ac__type_sizeof_;
| int
| main ()
| {
| static int test_array [1 - 2 * !(((long int) (sizeof (ac__type_sizeof_))) <= 1)];
| test_array [0] = 0
| 
|   ;
|   return 0;
| }
configure:8308: gcc -c -O -D_SAMBA_BUILD_=3  conftest.c >&5
conftest.c: In function 'main':
conftest.c:72: error: size of array 'test_array' is negative
configure:8314: $? = 1
configure: failed program was:
| /* confdefs.h.  */
| #define PACKAGE_NAME ""
| #define PACKAGE_TARNAME ""
| #define PACKAGE_VERSION ""
| #define PACKAGE_STRING ""
| #define PACKAGE_BUGREPORT ""
| #define CONFIG_H_IS_FROM_SAMBA 1
| #define _GNU_SOURCE 1
| #define STDC_HEADERS 1
| #define HAVE_SYS_TYPES_H 1
| #define HAVE_SYS_STAT_H 1
| #define HAVE_STDLIB_H 1
| #define HAVE_STRING_H 1
| #define HAVE_MEMORY_H 1
| #define HAVE_STRINGS_H 1
| #define HAVE_INTTYPES_H 1
| #define HAVE_STDINT_H 1
| #define HAVE_UNISTD_H 1
| #define __EXTENSIONS__ 1
| #define _POSIX_PTHREAD_SEMANTICS 1
| #ifndef _XOPEN_SOURCE_EXTENDED
| # define _XOPEN_SOURCE_EXTENDED 1
| #endif
| #ifndef _OSF_SOURCE
| # define _OSF_SOURCE 1
| #endif
| #define _FILE_OFFSET_BITS 64
| #define HAVE_LONG_LONG 1
| #define uint_t unsigned int
| #define SIZEOF_INT 4
| #define SIZEOF_CHAR 1
| #define SIZEOF_SHORT 2
| #define SIZEOF_LONG 4
| /* end confdefs.h.  */
| #include <stdio.h>
| #ifdef HAVE_SYS_TYPES_H
| # include <sys/types.h>
| #endif
| #ifdef HAVE_SYS_STAT_H
| # include <sys/stat.h>
| #endif
| #ifdef STDC_HEADERS
| # include <stdlib.h>
| # include <stddef.h>
| #else
| # ifdef HAVE_STDLIB_H
| #  include <stdlib.h>
| # endif
| #endif
| #ifdef HAVE_STRING_H
| # if !defined STDC_HEADERS && defined HAVE_MEMORY_H
| #  include <memory.h>
| # endif
| # include <string.h>
| #endif
| #ifdef HAVE_STRINGS_H
| # include <strings.h>
| #endif
| #ifdef HAVE_INTTYPES_H
| # include <inttypes.h>
| #endif
| #ifdef HAVE_STDINT_H
| # include <stdint.h>
| #endif
| #ifdef HAVE_UNISTD_H
| # include <unistd.h>
| #endif
|    typedef long long ac__type_sizeof_;
| int
| main ()
| {
| static int test_array [1 - 2 * !(((long int) (sizeof (ac__type_sizeof_))) <= 3)];
| test_array [0] = 0
| 
|   ;
|   return 0;
| }
configure:8308: gcc -c -O -D_SAMBA_BUILD_=3  conftest.c >&5
conftest.c: In function 'main':
conftest.c:72: error: size of array 'test_array' is negative
configure:8314: $? = 1
configure: failed program was:
| /* confdefs.h.  */
| #define PACKAGE_NAME ""
| #define PACKAGE_TARNAME ""
| #define PACKAGE_VERSION ""
| #define PACKAGE_STRING ""
| #define PACKAGE_BUGREPORT ""
| #define CONFIG_H_IS_FROM_SAMBA 1
| #define _GNU_SOURCE 1
| #define STDC_HEADERS 1
| #define HAVE_SYS_TYPES_H 1
| #define HAVE_SYS_STAT_H 1
| #define HAVE_STDLIB_H 1
| #define HAVE_STRING_H 1
| #define HAVE_MEMORY_H 1
| #define HAVE_STRINGS_H 1
| #define HAVE_INTTYPES_H 1
| #define HAVE_STDINT_H 1
| #define HAVE_UNISTD_H 1
| #define __EXTENSIONS__ 1
| #define _POSIX_PTHREAD_SEMANTICS 1
| #ifndef _XOPEN_SOURCE_EXTENDED
| # define _XOPEN_SOURCE_EXTENDED 1
| #endif
| #ifndef _OSF_SOURCE
| # define _OSF_SOURCE 1
| #endif
| #define _FILE_OFFSET_BITS 64
| #define HAVE_LONG_LONG 1
| #define uint_t unsigned int
| #define SIZEOF_INT 4
| #define SIZEOF_CHAR 1
| #define SIZEOF_SHORT 2
| #define SIZEOF_LONG 4
| /* end confdefs.h.  */
| #include <stdio.h>
| #ifdef HAVE_SYS_TYPES_H
| # include <sys/types.h>
| #endif
| #ifdef HAVE_SYS_STAT_H
| # include <sys/stat.h>
| #endif
| #ifdef STDC_HEADERS
| # include <stdlib.h>
| # include <stddef.h>
| #else
| # ifdef HAVE_STDLIB_H
| #  include <stdlib.h>
| # endif
| #endif
| #ifdef HAVE_STRING_H
| # if !defined STDC_HEADERS && defined HAVE_MEMORY_H
| #  include <memory.h>
| # endif
| # include <string.h>
| #endif
| #ifdef HAVE_STRINGS_H
| # include <strings.h>
| #endif
| #ifdef HAVE_INTTYPES_H
| # include <inttypes.h>
| #endif
| #ifdef HAVE_STDINT_H
| # include <stdint.h>
| #endif
| #ifdef HAVE_UNISTD_H
| # include <unistd.h>
| #endif
|    typedef long long ac__type_sizeof_;
| int
| main ()
| {
| static int test_array [1 - 2 * !(((long int) (sizeof (ac__type_sizeof_))) <= 7)];
| test_array [0] = 0
| 
|   ;
|   return 0;
| }
configure:8308: gcc -c -O -D_SAMBA_BUILD_=3  conftest.c >&5
configure:8314: $? = 0
configure:8463: gcc -c -O -D_SAMBA_BUILD_=3  conftest.c >&5
configure:8469: $? = 0
configure:8463: gcc -c -O -D_SAMBA_BUILD_=3  conftest.c >&5
configure:8469: $? = 0
configure:8463: gcc -c -O -D_SAMBA_BUILD_=3  conftest.c >&5
configure:8469: $? = 0
configure:8577: result: 8
configure:8588: checking for off_t
configure:8618: gcc -c -O -D_SAMBA_BUILD_=3  conftest.c >&5
configure:8624: $? = 0
configure:8639: result: yes
configure:8646: checking size of off_t
configure:8677: gcc -c -O -D_SAMBA_BUILD_=3  conftest.c >&5
configure:8683: $? = 0
configure:8714: gcc -c -O -D_SAMBA_BUILD_=3  conftest.c >&5
conftest.c: In function 'main':
conftest.c:73: error: size of array 'test_array' is negative
configure:8720: $? = 1
configure: failed program was:
| /* confdefs.h.  */
| #define PACKAGE_NAME ""
| #define PACKAGE_TARNAME ""
| #define PACKAGE_VERSION ""
| #define PACKAGE_STRING ""
| #define PACKAGE_BUGREPORT ""
| #define CONFIG_H_IS_FROM_SAMBA 1
| #define _GNU_SOURCE 1
| #define STDC_HEADERS 1
| #define HAVE_SYS_TYPES_H 1
| #define HAVE_SYS_STAT_H 1
| #define HAVE_STDLIB_H 1
| #define HAVE_STRING_H 1
| #define HAVE_MEMORY_H 1
| #define HAVE_STRINGS_H 1
| #define HAVE_INTTYPES_H 1
| #define HAVE_STDINT_H 1
| #define HAVE_UNISTD_H 1
| #define __EXTENSIONS__ 1
| #define _POSIX_PTHREAD_SEMANTICS 1
| #ifndef _XOPEN_SOURCE_EXTENDED
| # define _XOPEN_SOURCE_EXTENDED 1
| #endif
| #ifndef _OSF_SOURCE
| # define _OSF_SOURCE 1
| #endif
| #define _FILE_OFFSET_BITS 64
| #define HAVE_LONG_LONG 1
| #define uint_t unsigned int
| #define SIZEOF_INT 4
| #define SIZEOF_CHAR 1
| #define SIZEOF_SHORT 2
| #define SIZEOF_LONG 4
| #define SIZEOF_LONG_LONG 8
| /* end confdefs.h.  */
| #include <stdio.h>
| #ifdef HAVE_SYS_TYPES_H
| # include <sys/types.h>
| #endif
| #ifdef HAVE_SYS_STAT_H
| # include <sys/stat.h>
| #endif
| #ifdef STDC_HEADERS
| # include <stdlib.h>
| # include <stddef.h>
| #else
| # ifdef HAVE_STDLIB_H
| #  include <stdlib.h>
| # endif
| #endif
| #ifdef HAVE_STRING_H
| # if !defined STDC_HEADERS && defined HAVE_MEMORY_H
| #  include <memory.h>
| # endif
| # include <string.h>
| #endif
| #ifdef HAVE_STRINGS_H
| # include <strings.h>
| #endif
| #ifdef HAVE_INTTYPES_H
| # include <inttypes.h>
| #endif
| #ifdef HAVE_STDINT_H
| # include <stdint.h>
| #endif
| #ifdef HAVE_UNISTD_H
| # include <unistd.h>
| #endif
|    typedef off_t ac__type_sizeof_;
| int
| main ()
| {
| static int test_array [1 - 2 * !(((long int) (sizeof (ac__type_sizeof_))) <= 0)];
| test_array [0] = 0
| 
|   ;
|   return 0;
| }
configure:8714: gcc -c -O -D_SAMBA_BUILD_=3  conftest.c >&5
conftest.c: In function 'main':
conftest.c:73: error: size of array 'test_array' is negative
configure:8720: $? = 1
configure: failed program was:
| /* confdefs.h.  */
| #define PACKAGE_NAME ""
| #define PACKAGE_TARNAME ""
| #define PACKAGE_VERSION ""
| #define PACKAGE_STRING ""
| #define PACKAGE_BUGREPORT ""
| #define CONFIG_H_IS_FROM_SAMBA 1
| #define _GNU_SOURCE 1
| #define STDC_HEADERS 1
| #define HAVE_SYS_TYPES_H 1
| #define HAVE_SYS_STAT_H 1
| #define HAVE_STDLIB_H 1
| #define HAVE_STRING_H 1
| #define HAVE_MEMORY_H 1
| #define HAVE_STRINGS_H 1
| #define HAVE_INTTYPES_H 1
| #define HAVE_STDINT_H 1
| #define HAVE_UNISTD_H 1
| #define __EXTENSIONS__ 1
| #define _POSIX_PTHREAD_SEMANTICS 1
| #ifndef _XOPEN_SOURCE_EXTENDED
| # define _XOPEN_SOURCE_EXTENDED 1
| #endif
| #ifndef _OSF_SOURCE
| # define _OSF_SOURCE 1
| #endif
| #define _FILE_OFFSET_BITS 64
| #define HAVE_LONG_LONG 1
| #define uint_t unsigned int
| #define SIZEOF_INT 4
| #define SIZEOF_CHAR 1
| #define SIZEOF_SHORT 2
| #define SIZEOF_LONG 4
| #define SIZEOF_LONG_LONG 8
| /* end confdefs.h.  */
| #include <stdio.h>
| #ifdef HAVE_SYS_TYPES_H
| # include <sys/types.h>
| #endif
| #ifdef HAVE_SYS_STAT_H
| # include <sys/stat.h>
| #endif
| #ifdef STDC_HEADERS
| # include <stdlib.h>
| # include <stddef.h>
| #else
| # ifdef HAVE_STDLIB_H
| #  include <stdlib.h>
| # endif
| #endif
| #ifdef HAVE_STRING_H
| # if !defined STDC_HEADERS && defined HAVE_MEMORY_H
| #  include <memory.h>
| # endif
| # include <string.h>
| #endif
| #ifdef HAVE_STRINGS_H
| # include <strings.h>
| #endif
| #ifdef HAVE_INTTYPES_H
| # include <inttypes.h>
| #endif
| #ifdef HAVE_STDINT_H
| # include <stdint.h>
| #endif
| #ifdef HAVE_UNISTD_H
| # include <unistd.h>
| #endif
|    typedef off_t ac__type_sizeof_;
| int
| main ()
| {
| static int test_array [1 - 2 * !(((long int) (sizeof (ac__type_sizeof_))) <= 1)];
| test_array [0] = 0
| 
|   ;
|   return 0;
| }
configure:8714: gcc -c -O -D_SAMBA_BUILD_=3  conftest.c >&5
conftest.c: In function 'main':
conftest.c:73: error: size of array 'test_array' is negative
configure:8720: $? = 1
configure: failed program was:
| /* confdefs.h.  */
| #define PACKAGE_NAME ""
| #define PACKAGE_TARNAME ""
| #define PACKAGE_VERSION ""
| #define PACKAGE_STRING ""
| #define PACKAGE_BUGREPORT ""
| #define CONFIG_H_IS_FROM_SAMBA 1
| #define _GNU_SOURCE 1
| #define STDC_HEADERS 1
| #define HAVE_SYS_TYPES_H 1
| #define HAVE_SYS_STAT_H 1
| #define HAVE_STDLIB_H 1
| #define HAVE_STRING_H 1
| #define HAVE_MEMORY_H 1
| #define HAVE_STRINGS_H 1
| #define HAVE_INTTYPES_H 1
| #define HAVE_STDINT_H 1
| #define HAVE_UNISTD_H 1
| #define __EXTENSIONS__ 1
| #define _POSIX_PTHREAD_SEMANTICS 1
| #ifndef _XOPEN_SOURCE_EXTENDED
| # define _XOPEN_SOURCE_EXTENDED 1
| #endif
| #ifndef _OSF_SOURCE
| # define _OSF_SOURCE 1
| #endif
| #define _FILE_OFFSET_BITS 64
| #define HAVE_LONG_LONG 1
| #define uint_t unsigned int
| #define SIZEOF_INT 4
| #define SIZEOF_CHAR 1
| #define SIZEOF_SHORT 2
| #define SIZEOF_LONG 4
| #define SIZEOF_LONG_LONG 8
| /* end confdefs.h.  */
| #include <stdio.h>
| #ifdef HAVE_SYS_TYPES_H
| # include <sys/types.h>
| #endif
| #ifdef HAVE_SYS_STAT_H
| # include <sys/stat.h>
| #endif
| #ifdef STDC_HEADERS
| # include <stdlib.h>
| # include <stddef.h>
| #else
| # ifdef HAVE_STDLIB_H
| #  include <stdlib.h>
| # endif
| #endif
| #ifdef HAVE_STRING_H
| # if !defined STDC_HEADERS && defined HAVE_MEMORY_H
| #  include <memory.h>
| # endif
| # include <string.h>
| #endif
| #ifdef HAVE_STRINGS_H
| # include <strings.h>
| #endif
| #ifdef HAVE_INTTYPES_H
| # include <inttypes.h>
| #endif
| #ifdef HAVE_STDINT_H
| # include <stdint.h>
| #endif
| #ifdef HAVE_UNISTD_H
| # include <unistd.h>
| #endif
|    typedef off_t ac__type_sizeof_;
| int
| main ()
| {
| static int test_array [1 - 2 * !(((long int) (sizeof (ac__type_sizeof_))) <= 3)];
| test_array [0] = 0
| 
|   ;
|   return 0;
| }
configure:8714: gcc -c -O -D_SAMBA_BUILD_=3  conftest.c >&5
conftest.c: In function 'main':
conftest.c:73: error: size of array 'test_array' is negative
configure:8720: $? = 1
configure: failed program was:
| /* confdefs.h.  */
| #define PACKAGE_NAME ""
| #define PACKAGE_TARNAME ""
| #define PACKAGE_VERSION ""
| #define PACKAGE_STRING ""
| #define PACKAGE_BUGREPORT ""
| #define CONFIG_H_IS_FROM_SAMBA 1
| #define _GNU_SOURCE 1
| #define STDC_HEADERS 1
| #define HAVE_SYS_TYPES_H 1
| #define HAVE_SYS_STAT_H 1
| #define HAVE_STDLIB_H 1
| #define HAVE_STRING_H 1
| #define HAVE_MEMORY_H 1
| #define HAVE_STRINGS_H 1
| #define HAVE_INTTYPES_H 1
| #define HAVE_STDINT_H 1
| #define HAVE_UNISTD_H 1
| #define __EXTENSIONS__ 1
| #define _POSIX_PTHREAD_SEMANTICS 1
| #ifndef _XOPEN_SOURCE_EXTENDED
| # define _XOPEN_SOURCE_EXTENDED 1
| #endif
| #ifndef _OSF_SOURCE
| # define _OSF_SOURCE 1
| #endif
| #define _FILE_OFFSET_BITS 64
| #define HAVE_LONG_LONG 1
| #define uint_t unsigned int
| #define SIZEOF_INT 4
| #define SIZEOF_CHAR 1
| #define SIZEOF_SHORT 2
| #define SIZEOF_LONG 4
| #define SIZEOF_LONG_LONG 8
| /* end confdefs.h.  */
| #include <stdio.h>
| #ifdef HAVE_SYS_TYPES_H
| # include <sys/types.h>
| #endif
| #ifdef HAVE_SYS_STAT_H
| # include <sys/stat.h>
| #endif
| #ifdef STDC_HEADERS
| # include <stdlib.h>
| # include <stddef.h>
| #else
| # ifdef HAVE_STDLIB_H
| #  include <stdlib.h>
| # endif
| #endif
| #ifdef HAVE_STRING_H
| # if !defined STDC_HEADERS && defined HAVE_MEMORY_H
| #  include <memory.h>
| # endif
| # include <string.h>
| #endif
| #ifdef HAVE_STRINGS_H
| # include <strings.h>
| #endif
| #ifdef HAVE_INTTYPES_H
| # include <inttypes.h>
| #endif
| #ifdef HAVE_STDINT_H
| # include <stdint.h>
| #endif
| #ifdef HAVE_UNISTD_H
| # include <unistd.h>
| #endif
|    typedef off_t ac__type_sizeof_;
| int
| main ()
| {
| static int test_array [1 - 2 * !(((long int) (sizeof (ac__type_sizeof_))) <= 7)];
| test_array [0] = 0
| 
|   ;
|   return 0;
| }
configure:8714: gcc -c -O -D_SAMBA_BUILD_=3  conftest.c >&5
configure:8720: $? = 0
configure:8869: gcc -c -O -D_SAMBA_BUILD_=3  conftest.c >&5
configure:8875: $? = 0
configure:8869: gcc -c -O -D_SAMBA_BUILD_=3  conftest.c >&5
configure:8875: $? = 0
configure:8869: gcc -c -O -D_SAMBA_BUILD_=3  conftest.c >&5
configure:8875: $? = 0
configure:8983: result: 8
configure:8993: checking for size_t
configure:9044: result: yes
configure:9051: checking size of size_t
configure:9082: gcc -c -O -D_SAMBA_BUILD_=3  conftest.c >&5
configure:9088: $? = 0
configure:9119: gcc -c -O -D_SAMBA_BUILD_=3  conftest.c >&5
conftest.c: In function 'main':
conftest.c:74: error: size of array 'test_array' is negative
configure:9125: $? = 1
configure: failed program was:
| /* confdefs.h.  */
| #define PACKAGE_NAME ""
| #define PACKAGE_TARNAME ""
| #define PACKAGE_VERSION ""
| #define PACKAGE_STRING ""
| #define PACKAGE_BUGREPORT ""
| #define CONFIG_H_IS_FROM_SAMBA 1
| #define _GNU_SOURCE 1
| #define STDC_HEADERS 1
| #define HAVE_SYS_TYPES_H 1
| #define HAVE_SYS_STAT_H 1
| #define HAVE_STDLIB_H 1
| #define HAVE_STRING_H 1
| #define HAVE_MEMORY_H 1
| #define HAVE_STRINGS_H 1
| #define HAVE_INTTYPES_H 1
| #define HAVE_STDINT_H 1
| #define HAVE_UNISTD_H 1
| #define __EXTENSIONS__ 1
| #define _POSIX_PTHREAD_SEMANTICS 1
| #ifndef _XOPEN_SOURCE_EXTENDED
| # define _XOPEN_SOURCE_EXTENDED 1
| #endif
| #ifndef _OSF_SOURCE
| # define _OSF_SOURCE 1
| #endif
| #define _FILE_OFFSET_BITS 64
| #define HAVE_LONG_LONG 1
| #define uint_t unsigned int
| #define SIZEOF_INT 4
| #define SIZEOF_CHAR 1
| #define SIZEOF_SHORT 2
| #define SIZEOF_LONG 4
| #define SIZEOF_LONG_LONG 8
| #define SIZEOF_OFF_T 8
| /* end confdefs.h.  */
| #include <stdio.h>
| #ifdef HAVE_SYS_TYPES_H
| # include <sys/types.h>
| #endif
| #ifdef HAVE_SYS_STAT_H
| # include <sys/stat.h>
| #endif
| #ifdef STDC_HEADERS
| # include <stdlib.h>
| # include <stddef.h>
| #else
| # ifdef HAVE_STDLIB_H
| #  include <stdlib.h>
| # endif
| #endif
| #ifdef HAVE_STRING_H
| # if !defined STDC_HEADERS && defined HAVE_MEMORY_H
| #  include <memory.h>
| # endif
| # include <string.h>
| #endif
| #ifdef HAVE_STRINGS_H
| # include <strings.h>
| #endif
| #ifdef HAVE_INTTYPES_H
| # include <inttypes.h>
| #endif
| #ifdef HAVE_STDINT_H
| # include <stdint.h>
| #endif
| #ifdef HAVE_UNISTD_H
| # include <unistd.h>
| #endif
|    typedef size_t ac__type_sizeof_;
| int
| main ()
| {
| static int test_array [1 - 2 * !(((long int) (sizeof (ac__type_sizeof_))) <= 0)];
| test_array [0] = 0
| 
|   ;
|   return 0;
| }
configure:9119: gcc -c -O -D_SAMBA_BUILD_=3  conftest.c >&5
conftest.c: In function 'main':
conftest.c:74: error: size of array 'test_array' is negative
configure:9125: $? = 1
configure: failed program was:
| /* confdefs.h.  */
| #define PACKAGE_NAME ""
| #define PACKAGE_TARNAME ""
| #define PACKAGE_VERSION ""
| #define PACKAGE_STRING ""
| #define PACKAGE_BUGREPORT ""
| #define CONFIG_H_IS_FROM_SAMBA 1
| #define _GNU_SOURCE 1
| #define STDC_HEADERS 1
| #define HAVE_SYS_TYPES_H 1
| #define HAVE_SYS_STAT_H 1
| #define HAVE_STDLIB_H 1
| #define HAVE_STRING_H 1
| #define HAVE_MEMORY_H 1
| #define HAVE_STRINGS_H 1
| #define HAVE_INTTYPES_H 1
| #define HAVE_STDINT_H 1
| #define HAVE_UNISTD_H 1
| #define __EXTENSIONS__ 1
| #define _POSIX_PTHREAD_SEMANTICS 1
| #ifndef _XOPEN_SOURCE_EXTENDED
| # define _XOPEN_SOURCE_EXTENDED 1
| #endif
| #ifndef _OSF_SOURCE
| # define _OSF_SOURCE 1
| #endif
| #define _FILE_OFFSET_BITS 64
| #define HAVE_LONG_LONG 1
| #define uint_t unsigned int
| #define SIZEOF_INT 4
| #define SIZEOF_CHAR 1
| #define SIZEOF_SHORT 2
| #define SIZEOF_LONG 4
| #define SIZEOF_LONG_LONG 8
| #define SIZEOF_OFF_T 8
| /* end confdefs.h.  */
| #include <stdio.h>
| #ifdef HAVE_SYS_TYPES_H
| # include <sys/types.h>
| #endif
| #ifdef HAVE_SYS_STAT_H
| # include <sys/stat.h>
| #endif
| #ifdef STDC_HEADERS
| # include <stdlib.h>
| # include <stddef.h>
| #else
| # ifdef HAVE_STDLIB_H
| #  include <stdlib.h>
| # endif
| #endif
| #ifdef HAVE_STRING_H
| # if !defined STDC_HEADERS && defined HAVE_MEMORY_H
| #  include <memory.h>
| # endif
| # include <string.h>
| #endif
| #ifdef HAVE_STRINGS_H
| # include <strings.h>
| #endif
| #ifdef HAVE_INTTYPES_H
| # include <inttypes.h>
| #endif
| #ifdef HAVE_STDINT_H
| # include <stdint.h>
| #endif
| #ifdef HAVE_UNISTD_H
| # include <unistd.h>
| #endif
|    typedef size_t ac__type_sizeof_;
| int
| main ()
| {
| static int test_array [1 - 2 * !(((long int) (sizeof (ac__type_sizeof_))) <= 1)];
| test_array [0] = 0
| 
|   ;
|   return 0;
| }
configure:9119: gcc -c -O -D_SAMBA_BUILD_=3  conftest.c >&5
conftest.c: In function 'main':
conftest.c:74: error: size of array 'test_array' is negative
configure:9125: $? = 1
configure: failed program was:
| /* confdefs.h.  */
| #define PACKAGE_NAME ""
| #define PACKAGE_TARNAME ""
| #define PACKAGE_VERSION ""
| #define PACKAGE_STRING ""
| #define PACKAGE_BUGREPORT ""
| #define CONFIG_H_IS_FROM_SAMBA 1
| #define _GNU_SOURCE 1
| #define STDC_HEADERS 1
| #define HAVE_SYS_TYPES_H 1
| #define HAVE_SYS_STAT_H 1
| #define HAVE_STDLIB_H 1
| #define HAVE_STRING_H 1
| #define HAVE_MEMORY_H 1
| #define HAVE_STRINGS_H 1
| #define HAVE_INTTYPES_H 1
| #define HAVE_STDINT_H 1
| #define HAVE_UNISTD_H 1
| #define __EXTENSIONS__ 1
| #define _POSIX_PTHREAD_SEMANTICS 1
| #ifndef _XOPEN_SOURCE_EXTENDED
| # define _XOPEN_SOURCE_EXTENDED 1
| #endif
| #ifndef _OSF_SOURCE
| # define _OSF_SOURCE 1
| #endif
| #define _FILE_OFFSET_BITS 64
| #define HAVE_LONG_LONG 1
| #define uint_t unsigned int
| #define SIZEOF_INT 4
| #define SIZEOF_CHAR 1
| #define SIZEOF_SHORT 2
| #define SIZEOF_LONG 4
| #define SIZEOF_LONG_LONG 8
| #define SIZEOF_OFF_T 8
| /* end confdefs.h.  */
| #include <stdio.h>
| #ifdef HAVE_SYS_TYPES_H
| # include <sys/types.h>
| #endif
| #ifdef HAVE_SYS_STAT_H
| # include <sys/stat.h>
| #endif
| #ifdef STDC_HEADERS
| # include <stdlib.h>
| # include <stddef.h>
| #else
| # ifdef HAVE_STDLIB_H
| #  include <stdlib.h>
| # endif
| #endif
| #ifdef HAVE_STRING_H
| # if !defined STDC_HEADERS && defined HAVE_MEMORY_H
| #  include <memory.h>
| # endif
| # include <string.h>
| #endif
| #ifdef HAVE_STRINGS_H
| # include <strings.h>
| #endif
| #ifdef HAVE_INTTYPES_H
| # include <inttypes.h>
| #endif
| #ifdef HAVE_STDINT_H
| # include <stdint.h>
| #endif
| #ifdef HAVE_UNISTD_H
| # include <unistd.h>
| #endif
|    typedef size_t ac__type_sizeof_;
| int
| main ()
| {
| static int test_array [1 - 2 * !(((long int) (sizeof (ac__type_sizeof_))) <= 3)];
| test_array [0] = 0
| 
|   ;
|   return 0;
| }
configure:9119: gcc -c -O -D_SAMBA_BUILD_=3  conftest.c >&5
configure:9125: $? = 0
configure:9274: gcc -c -O -D_SAMBA_BUILD_=3  conftest.c >&5
configure:9280: $? = 0
configure:9274: gcc -c -O -D_SAMBA_BUILD_=3  conftest.c >&5
configure:9280: $? = 0
configure:9388: result: 4
configure:9398: checking for ssize_t
configure:9449: result: yes
configure:9456: checking size of ssize_t
configure:9487: gcc -c -O -D_SAMBA_BUILD_=3  conftest.c >&5
configure:9493: $? = 0
configure:9524: gcc -c -O -D_SAMBA_BUILD_=3  conftest.c >&5
conftest.c: In function 'main':
conftest.c:75: error: size of array 'test_array' is negative
configure:9530: $? = 1
configure: failed program was:
| /* confdefs.h.  */
| #define PACKAGE_NAME ""
| #define PACKAGE_TARNAME ""
| #define PACKAGE_VERSION ""
| #define PACKAGE_STRING ""
| #define PACKAGE_BUGREPORT ""
| #define CONFIG_H_IS_FROM_SAMBA 1
| #define _GNU_SOURCE 1
| #define STDC_HEADERS 1
| #define HAVE_SYS_TYPES_H 1
| #define HAVE_SYS_STAT_H 1
| #define HAVE_STDLIB_H 1
| #define HAVE_STRING_H 1
| #define HAVE_MEMORY_H 1
| #define HAVE_STRINGS_H 1
| #define HAVE_INTTYPES_H 1
| #define HAVE_STDINT_H 1
| #define HAVE_UNISTD_H 1
| #define __EXTENSIONS__ 1
| #define _POSIX_PTHREAD_SEMANTICS 1
| #ifndef _XOPEN_SOURCE_EXTENDED
| # define _XOPEN_SOURCE_EXTENDED 1
| #endif
| #ifndef _OSF_SOURCE
| # define _OSF_SOURCE 1
| #endif
| #define _FILE_OFFSET_BITS 64
| #define HAVE_LONG_LONG 1
| #define uint_t unsigned int
| #define SIZEOF_INT 4
| #define SIZEOF_CHAR 1
| #define SIZEOF_SHORT 2
| #define SIZEOF_LONG 4
| #define SIZEOF_LONG_LONG 8
| #define SIZEOF_OFF_T 8
| #define SIZEOF_SIZE_T 4
| /* end confdefs.h.  */
| #include <stdio.h>
| #ifdef HAVE_SYS_TYPES_H
| # include <sys/types.h>
| #endif
| #ifdef HAVE_SYS_STAT_H
| # include <sys/stat.h>
| #endif
| #ifdef STDC_HEADERS
| # include <stdlib.h>
| # include <stddef.h>
| #else
| # ifdef HAVE_STDLIB_H
| #  include <stdlib.h>
| # endif
| #endif
| #ifdef HAVE_STRING_H
| # if !defined STDC_HEADERS && defined HAVE_MEMORY_H
| #  include <memory.h>
| # endif
| # include <string.h>
| #endif
| #ifdef HAVE_STRINGS_H
| # include <strings.h>
| #endif
| #ifdef HAVE_INTTYPES_H
| # include <inttypes.h>
| #endif
| #ifdef HAVE_STDINT_H
| # include <stdint.h>
| #endif
| #ifdef HAVE_UNISTD_H
| # include <unistd.h>
| #endif
|    typedef ssize_t ac__type_sizeof_;
| int
| main ()
| {
| static int test_array [1 - 2 * !(((long int) (sizeof (ac__type_sizeof_))) <= 0)];
| test_array [0] = 0
| 
|   ;
|   return 0;
| }
configure:9524: gcc -c -O -D_SAMBA_BUILD_=3  conftest.c >&5
conftest.c: In function 'main':
conftest.c:75: error: size of array 'test_array' is negative
configure:9530: $? = 1
configure: failed program was:
| /* confdefs.h.  */
| #define PACKAGE_NAME ""
| #define PACKAGE_TARNAME ""
| #define PACKAGE_VERSION ""
| #define PACKAGE_STRING ""
| #define PACKAGE_BUGREPORT ""
| #define CONFIG_H_IS_FROM_SAMBA 1
| #define _GNU_SOURCE 1
| #define STDC_HEADERS 1
| #define HAVE_SYS_TYPES_H 1
| #define HAVE_SYS_STAT_H 1
| #define HAVE_STDLIB_H 1
| #define HAVE_STRING_H 1
| #define HAVE_MEMORY_H 1
| #define HAVE_STRINGS_H 1
| #define HAVE_INTTYPES_H 1
| #define HAVE_STDINT_H 1
| #define HAVE_UNISTD_H 1
| #define __EXTENSIONS__ 1
| #define _POSIX_PTHREAD_SEMANTICS 1
| #ifndef _XOPEN_SOURCE_EXTENDED
| # define _XOPEN_SOURCE_EXTENDED 1
| #endif
| #ifndef _OSF_SOURCE
| # define _OSF_SOURCE 1
| #endif
| #define _FILE_OFFSET_BITS 64
| #define HAVE_LONG_LONG 1
| #define uint_t unsigned int
| #define SIZEOF_INT 4
| #define SIZEOF_CHAR 1
| #define SIZEOF_SHORT 2
| #define SIZEOF_LONG 4
| #define SIZEOF_LONG_LONG 8
| #define SIZEOF_OFF_T 8
| #define SIZEOF_SIZE_T 4
| /* end confdefs.h.  */
| #include <stdio.h>
| #ifdef HAVE_SYS_TYPES_H
| # include <sys/types.h>
| #endif
| #ifdef HAVE_SYS_STAT_H
| # include <sys/stat.h>
| #endif
| #ifdef STDC_HEADERS
| # include <stdlib.h>
| # include <stddef.h>
| #else
| # ifdef HAVE_STDLIB_H
| #  include <stdlib.h>
| # endif
| #endif
| #ifdef HAVE_STRING_H
| # if !defined STDC_HEADERS && defined HAVE_MEMORY_H
| #  include <memory.h>
| # endif
| # include <string.h>
| #endif
| #ifdef HAVE_STRINGS_H
| # include <strings.h>
| #endif
| #ifdef HAVE_INTTYPES_H
| # include <inttypes.h>
| #endif
| #ifdef HAVE_STDINT_H
| # include <stdint.h>
| #endif
| #ifdef HAVE_UNISTD_H
| # include <unistd.h>
| #endif
|    typedef ssize_t ac__type_sizeof_;
| int
| main ()
| {
| static int test_array [1 - 2 * !(((long int) (sizeof (ac__type_sizeof_))) <= 1)];
| test_array [0] = 0
| 
|   ;
|   return 0;
| }
configure:9524: gcc -c -O -D_SAMBA_BUILD_=3  conftest.c >&5
conftest.c: In function 'main':
conftest.c:75: error: size of array 'test_array' is negative
configure:9530: $? = 1
configure: failed program was:
| /* confdefs.h.  */
| #define PACKAGE_NAME ""
| #define PACKAGE_TARNAME ""
| #define PACKAGE_VERSION ""
| #define PACKAGE_STRING ""
| #define PACKAGE_BUGREPORT ""
| #define CONFIG_H_IS_FROM_SAMBA 1
| #define _GNU_SOURCE 1
| #define STDC_HEADERS 1
| #define HAVE_SYS_TYPES_H 1
| #define HAVE_SYS_STAT_H 1
| #define HAVE_STDLIB_H 1
| #define HAVE_STRING_H 1
| #define HAVE_MEMORY_H 1
| #define HAVE_STRINGS_H 1
| #define HAVE_INTTYPES_H 1
| #define HAVE_STDINT_H 1
| #define HAVE_UNISTD_H 1
| #define __EXTENSIONS__ 1
| #define _POSIX_PTHREAD_SEMANTICS 1
| #ifndef _XOPEN_SOURCE_EXTENDED
| # define _XOPEN_SOURCE_EXTENDED 1
| #endif
| #ifndef _OSF_SOURCE
| # define _OSF_SOURCE 1
| #endif
| #define _FILE_OFFSET_BITS 64
| #define HAVE_LONG_LONG 1
| #define uint_t unsigned int
| #define SIZEOF_INT 4
| #define SIZEOF_CHAR 1
| #define SIZEOF_SHORT 2
| #define SIZEOF_LONG 4
| #define SIZEOF_LONG_LONG 8
| #define SIZEOF_OFF_T 8
| #define SIZEOF_SIZE_T 4
| /* end confdefs.h.  */
| #include <stdio.h>
| #ifdef HAVE_SYS_TYPES_H
| # include <sys/types.h>
| #endif
| #ifdef HAVE_SYS_STAT_H
| # include <sys/stat.h>
| #endif
| #ifdef STDC_HEADERS
| # include <stdlib.h>
| # include <stddef.h>
| #else
| # ifdef HAVE_STDLIB_H
| #  include <stdlib.h>
| # endif
| #endif
| #ifdef HAVE_STRING_H
| # if !defined STDC_HEADERS && defined HAVE_MEMORY_H
| #  include <memory.h>
| # endif
| # include <string.h>
| #endif
| #ifdef HAVE_STRINGS_H
| # include <strings.h>
| #endif
| #ifdef HAVE_INTTYPES_H
| # include <inttypes.h>
| #endif
| #ifdef HAVE_STDINT_H
| # include <stdint.h>
| #endif
| #ifdef HAVE_UNISTD_H
| # include <unistd.h>
| #endif
|    typedef ssize_t ac__type_sizeof_;
| int
| main ()
| {
| static int test_array [1 - 2 * !(((long int) (sizeof (ac__type_sizeof_))) <= 3)];
| test_array [0] = 0
| 
|   ;
|   return 0;
| }
configure:9524: gcc -c -O -D_SAMBA_BUILD_=3  conftest.c >&5
configure:9530: $? = 0
configure:9679: gcc -c -O -D_SAMBA_BUILD_=3  conftest.c >&5
configure:9685: $? = 0
configure:9679: gcc -c -O -D_SAMBA_BUILD_=3  conftest.c >&5
configure:9685: $? = 0
configure:9793: result: 4
configure:9804: checking for intptr_t
configure:9834: gcc -c -O -D_SAMBA_BUILD_=3  conftest.c >&5
configure:9840: $? = 0
configure:9855: result: yes
configure:9867: checking for ptrdiff_t
configure:9897: gcc -c -O -D_SAMBA_BUILD_=3  conftest.c >&5
configure:9903: $? = 0
configure:9918: result: yes
configure:9945: checking for immediate structures
configure:9984: gcc -c -O -D_SAMBA_BUILD_=3  conftest.c >&5
configure:9990: $? = 0
configure:10006: result: yes
configure:10221: checking whether to use profiling
configure:10244: result: no
configure:10264: checking for a BSD-compatible install
configure:10320: result: /usr/bin/install -c
configure:10335: checking for gawk
configure:10351: found /bin/gawk
configure:10362: result: gawk
configure:10375: checking for perl
configure:10393: found /usr/bin/perl
configure:10405: result: /usr/bin/perl
configure:10417: checking for mipsel-uclibc-linux26-ar
configure:10447: result: no
configure:10457: checking for ar
configure:10473: found /usr/bin/ar
configure:10484: result: ar
configure:10512: checking if the linker (ld) is GNU ld
GNU ld version 2.18.50.0.9-7.fc10 20080822
configure:10524: result: yes
configure:10530: checking GNU ld release date
configure:10533: result: 20080822
configure:10564: checking whether gcc and cc understand -c and -o together
configure:10599: gcc -c conftest.c -o conftest2.o >&5
configure:10602: $? = 0
configure:10608: gcc -c conftest.c -o conftest2.o >&5
configure:10611: $? = 0
configure:10622: cc -c conftest.c >&5
configure:10625: $? = 0
configure:10633: cc -c conftest.c -o conftest2.o >&5
configure:10636: $? = 0
configure:10642: cc -c conftest.c -o conftest2.o >&5
configure:10645: $? = 0
configure:10663: result: yes
configure:10682: checking that the C compiler understands -Werror
configure:10757: result: cross
configure:10762: checking that the C compiler understands -w2
configure:10837: result: cross
configure:10844: checking that the C compiler understands volatile
configure:10871: gcc -c -O -D_SAMBA_BUILD_=3  conftest.c >&5
configure:10877: $? = 0
configure:10892: result: yes
configure:10907: checking that the C compiler understands negative enum values
configure:10915: error: cannot run test program while cross compiling
See `config.log' for more details.

## ---------------- ##
## Cache variables. ##
## ---------------- ##

ac_cv_build=i686-pc-linux-gnu
ac_cv_c_bigendian=no
ac_cv_c_compiler_gnu=yes
ac_cv_c_inline=inline
ac_cv_env_CC_set=
ac_cv_env_CC_value=
ac_cv_env_CFLAGS_set=
ac_cv_env_CFLAGS_value=
ac_cv_env_CPPFLAGS_set=
ac_cv_env_CPPFLAGS_value=
ac_cv_env_CPP_set=
ac_cv_env_CPP_value=
ac_cv_env_LDFLAGS_set=
ac_cv_env_LDFLAGS_value=
ac_cv_env_LIBS_set=
ac_cv_env_LIBS_value=
ac_cv_env_build_alias_set=set
ac_cv_env_build_alias_value=i686-linux
ac_cv_env_host_alias_set=set
ac_cv_env_host_alias_value=mipsel-uclibc-linux26
ac_cv_env_target_alias_set=set
ac_cv_env_target_alias_value=mipsel-uclibc-linux26
ac_cv_gnu_ld_date=20080822
ac_cv_gnu_ld_version='GNU ld version 2.18.50.0.9-7.fc10 20080822'
ac_cv_header_inttypes_h=yes
ac_cv_header_memory_h=yes
ac_cv_header_minix_config_h=no
ac_cv_header_standards_h=no
ac_cv_header_stdc=yes
ac_cv_header_stdint_h=yes
ac_cv_header_stdlib_h=yes
ac_cv_header_string_h=yes
ac_cv_header_strings_h=yes
ac_cv_header_sys_stat_h=yes
ac_cv_header_sys_types_h=yes
ac_cv_header_unistd_h=yes
ac_cv_host=mipsel-uclibc-linux-gnu26
ac_cv_objext=o
ac_cv_path_EGREP='/bin/grep -E'
ac_cv_path_GREP=/bin/grep
ac_cv_path_PERL=/usr/bin/perl
ac_cv_path_install='/usr/bin/install -c'
ac_cv_prog_AWK=gawk
ac_cv_prog_CPP='gcc -E'
ac_cv_prog_ac_ct_AR=ar
ac_cv_prog_ac_ct_CC=gcc
ac_cv_prog_cc_Ae=no
ac_cv_prog_cc_c89=
ac_cv_prog_cc_g=yes
ac_cv_prog_cc_gcc_c_o=yes
ac_cv_prog_gnu_ld=yes
ac_cv_safe_to_define___extensions__=yes
ac_cv_search_strerror='none required'
ac_cv_sizeof_char=1
ac_cv_sizeof_int=4
ac_cv_sizeof_long=4
ac_cv_sizeof_long_long=8
ac_cv_sizeof_off_t=8
ac_cv_sizeof_short=2
ac_cv_sizeof_size_t=4
ac_cv_sizeof_ssize_t=4
ac_cv_sys_file_offset_bits=64
ac_cv_sys_largefile_CC=no
ac_cv_target=mipsel-uclibc-linux-gnu26
ac_cv_type_char=yes
ac_cv_type_int16_t=yes
ac_cv_type_int32_t=yes
ac_cv_type_int64_t=yes
ac_cv_type_int8_t=yes
ac_cv_type_int=yes
ac_cv_type_intptr_t=yes
ac_cv_type_long=yes
ac_cv_type_long_long=yes
ac_cv_type_off_t=yes
ac_cv_type_ptrdiff_t=yes
ac_cv_type_short=yes
ac_cv_type_size_t=yes
ac_cv_type_ssize_t=yes
ac_cv_type_uint16_t=yes
ac_cv_type_uint32_t=yes
ac_cv_type_uint64_t=yes
ac_cv_type_uint8_t=yes
ac_cv_type_uint_t=no
libreplace_cv_immediate_structures=yes
samba_cv_HAVE_Werror=cross
samba_cv_HAVE_w2=cross
samba_cv_volatile=yes

## ----------------- ##
## Output variables. ##
## ----------------- ##

ACL_LIBS=''
AR='ar'
AUTH_LIBS=''
AUTH_MODULES=''
AUTH_STATIC=''
AWK='gawk'
BROKEN_CC='#'
BUILD_INIPARSER=''
BUILD_POPT=''
CC='gcc'
CFLAGS='-O -D_SAMBA_BUILD_=3'
CHARSET_MODULES=''
CHARSET_STATIC=''
CIFSMOUNT_PROGS=''
CONFIG_LIBS=''
CPP='gcc -E'
CPPFLAGS=''
CUPS_CONFIG=''
DEFAULT_TEST_TARGET='test-noswrap'
DEFS=''
DYNEXP=''
ECHO_C=''
ECHO_N='-n'
ECHO_T=''
EGREP='/bin/grep -E'
EXEEXT=''
EXTRA_ALL_TARGETS=''
EXTRA_BIN_PROGS=''
EXTRA_SBIN_PROGS=''
FLAGS1=''
GREP='/bin/grep'
HAVE_SOCKET_WRAPPER='no'
HOST_OS=''
IDMAP_LIBS=''
IDMAP_MODULES=''
IDMAP_STATIC=''
INIPARSERLIBS=''
INSTALLLIBCMD_A=''
INSTALLLIBCMD_SH=''
INSTALL_CIFSMOUNT=''
INSTALL_DATA='${INSTALL} -m 644'
INSTALL_LIBADDNS=''
INSTALL_LIBMSRPC=''
INSTALL_LIBSMBCLIENT=''
INSTALL_LIBSMBSHAREMODES=''
INSTALL_PAM_MODULES=''
INSTALL_PROGRAM='${INSTALL}'
INSTALL_SCRIPT='${INSTALL}'
KRB5CONFIG=''
KRB5_LIBS=''
LDAP_LIBS=''
LDBLDAP=''
LDFLAGS=''
LDSHFLAGS=''
LIBADDNS=''
LIBADDNS_SHARED=''
LIBDL=''
LIBMSRPC=''
LIBMSRPC_SHARED=''
LIBOBJS=''
LIBREPLACEOBJ='replace.o'
LIBREPLACE_OBJS=''
LIBS=''
LIBSMBCLIENT=''
LIBSMBCLIENT_SHARED=''
LIBSMBSHAREMODES=''
LIBSMBSHAREMODES_SHARED=''
LIBUNWIND_PTRACE=''
LTLIBOBJS=''
NSCD_LIBS=''
NSSSONAMEVERSIONSUFFIX=''
NSS_INFO_MODULES=''
NSS_INFO_STATIC=''
NSS_MODULES=''
OBJEXT='o'
PACKAGE_BUGREPORT=''
PACKAGE_NAME=''
PACKAGE_STRING=''
PACKAGE_TARNAME=''
PACKAGE_VERSION=''
PAM_MODULES=''
PASSDB_LIBS=''
PATH_SEPARATOR=':'
PDB_MODULES=''
PDB_STATIC=''
PERL='/usr/bin/perl'
PICFLAG=''
PIDL_ARGS=''
PIE_CFLAGS=''
PIE_LDFLAGS=''
POPTLIBS=''
PRINT_LIBS=''
PYTHON=''
ROFF=''
RPC_MODULES=''
RPC_STATIC=''
SAMBA_CPPFLAGS='-Iinclude -I./include  -I. -I. -I./lib/replace -I./lib/talloc -I./tdb/include -I./libaddns -I./librpc'
SHELL='/bin/sh'
SHLD=''
SHLIBEXT=''
SMBD_LIBS=''
SMBLDAP=''
SMBLDAPUTIL=''
SMBMOUNT_PROGS=''
SMB_FAM_LIBS=''
SMB_KRB5_LOCATOR=''
SOCKET_WRAPPER_OBJS=''
SONAMEFLAG=''
TERMLDFLAGS=''
TERMLIBS=''
UNINSTALLLIBCMD_A=''
UNINSTALLLIBCMD_SH=''
UNINSTALL_CIFSMOUNT=''
UNINSTALL_LIBADDNS=''
UNINSTALL_LIBMSRPC=''
UNINSTALL_LIBSMBCLIENT=''
UNINSTALL_LIBSMBSHAREMODES=''
UNINSTALL_PAM_MODULES=''
UUID_LIBS=''
VFS_MODULES=''
VFS_STATIC=''
WINBIND_NSS=''
WINBIND_NSS_EXTRA_LIBS=''
WINBIND_NSS_EXTRA_OBJS=''
WINBIND_NSS_LDSHFLAGS=''
WINBIND_WINS_NSS=''
ac_ct_CC='gcc'
bindir='${exec_prefix}/bin'
build='i686-pc-linux-gnu'
build_alias='i686-linux'
build_cpu='i686'
build_os='linux-gnu'
build_vendor='pc'
builddir=''
configdir='/tmp/samba/lib/'
datadir='${datarootdir}'
datarootdir='${prefix}/share'
docdir='${datarootdir}/doc/${PACKAGE}'
dvidir='${docdir}'
exec_prefix='NONE'
host='mipsel-uclibc-linux-gnu26'
host_alias='mipsel-uclibc-linux26'
host_cpu='mipsel'
host_os='linux-gnu26'
host_vendor='uclibc'
htmldir='${docdir}'
includedir='${prefix}/include'
infodir='${datarootdir}/info'
libdir='${exec_prefix}/lib'
libexecdir='${exec_prefix}/libexec'
libreplace_cv_immediate_structures='yes'
libreplacedir='./lib/replace'
localedir='${datarootdir}/locale'
localstatedir='/tmp/samba/lib/'
lockdir='/tmp/samba/var/locks'
logfilebase='${VARDIR}'
mandir='${datarootdir}/man'
oldincludedir='/usr/include'
pammodulesdir='${LIBDIR}/security'
pdfdir='${docdir}'
piddir='/tmp/samba/var/locks'
precompiled_headers=''
prefix='/tmp/samba'
privatedir='/tmp/samba/private'
program_transform_name='s,x,x,'
psdir='${docdir}'
rootsbindir='${SBINDIR}'
sbindir='${exec_prefix}/sbin'
selftest_prefix='./'
sharedstatedir='${prefix}/com'
smbtorture4_path=''
swatdir='${prefix}/swat'
sysconfdir='${prefix}/etc'
target='mipsel-uclibc-linux-gnu26'
target_alias='mipsel-uclibc-linux26'
target_cpu='mipsel'
target_os='linux-gnu26'
target_vendor='uclibc'

## ----------- ##
## confdefs.h. ##
## ----------- ##

#define PACKAGE_NAME ""
#define PACKAGE_TARNAME ""
#define PACKAGE_VERSION ""
#define PACKAGE_STRING ""
#define PACKAGE_BUGREPORT ""
#define CONFIG_H_IS_FROM_SAMBA 1
#define _GNU_SOURCE 1
#define STDC_HEADERS 1
#define HAVE_SYS_TYPES_H 1
#define HAVE_SYS_STAT_H 1
#define HAVE_STDLIB_H 1
#define HAVE_STRING_H 1
#define HAVE_MEMORY_H 1
#define HAVE_STRINGS_H 1
#define HAVE_INTTYPES_H 1
#define HAVE_STDINT_H 1
#define HAVE_UNISTD_H 1
#define __EXTENSIONS__ 1
#define _POSIX_PTHREAD_SEMANTICS 1
#ifndef _XOPEN_SOURCE_EXTENDED
# define _XOPEN_SOURCE_EXTENDED 1
#endif
#ifndef _OSF_SOURCE
# define _OSF_SOURCE 1
#endif
#define _FILE_OFFSET_BITS 64
#define HAVE_LONG_LONG 1
#define uint_t unsigned int
#define SIZEOF_INT 4
#define SIZEOF_CHAR 1
#define SIZEOF_SHORT 2
#define SIZEOF_LONG 4
#define SIZEOF_LONG_LONG 8
#define SIZEOF_OFF_T 8
#define SIZEOF_SIZE_T 4
#define SIZEOF_SSIZE_T 4
#define HAVE_IMMEDIATE_STRUCTURES 1
#define HAVE_VOLATILE 1

configure: exit 1
