This file contains any messages produced by compilers while
running configure, to aid debugging if configure makes a mistake.

It was created by configure, which was
generated by GNU Autoconf 2.53.  Invocation command line was

  $ ./configure --disable-ipv6 --disable-bgpd --disable-ripngd --disable-ospfd --disable-ospf6d --disable-bgp-announce --enable-tcp-zebra

## --------- ##
## Platform. ##
## --------- ##

hostname = localhost.localdomain
uname -m = i686
uname -r = 2.6.9-1.667smp
uname -s = Linux
uname -v = #1 SMP Tue Nov 2 14:59:52 EST 2004

/usr/bin/uname -p = unknown
/bin/uname -X     = unknown

/bin/arch              = i686
/usr/bin/arch -k       = unknown
/usr/convex/getsysinfo = unknown
hostinfo               = unknown
/bin/machine           = unknown
/usr/bin/oslevel       = unknown
/bin/universe          = unknown

PATH: /usr/kerberos/bin
PATH: /usr/local/bin
PATH: /bin
PATH: /usr/bin
PATH: /usr/X11R6/bin
PATH: /sbin
PATH: /usr/sbin
PATH: /home/fred/bin


## ----------- ##
## Core tests. ##
## ----------- ##

configure:1255: checking for a BSD-compatible install
configure:1309: result: /usr/bin/install -c
configure:1320: checking whether build environment is sane
configure:1363: result: yes
configure:1396: checking for gawk
configure:1412: found /bin/gawk
configure:1422: result: gawk
configure:1432: checking whether make sets ${MAKE}
configure:1452: result: yes
configure:1610: checking build system type
configure:1628: result: i686-pc-linux-gnu
configure:1636: checking host system type
configure:1650: result: i686-pc-linux-gnu
configure:1717: checking for gcc
configure:1733: found /usr/bin/gcc
configure:1743: result: gcc
configure:1987: checking for C compiler version
configure:1990: gcc --version </dev/null >&5
gcc (GCC) 3.4.2 20041017 (Red Hat 3.4.2-6.fc3)
Copyright (C) 2004 Free Software Foundation, Inc.
This is free software; see the source for copying conditions.  There is NO
warranty; not even for MERCHANTABILITY or FITNESS FOR A PARTICULAR PURPOSE.

configure:1993: $? = 0
configure:1995: gcc -v </dev/null >&5
Reading specs from /usr/lib/gcc/i386-redhat-linux/3.4.2/specs
Configured with: ../configure --prefix=/usr --mandir=/usr/share/man --infodir=/usr/share/info --enable-shared --enable-threads=posix --disable-checking --with-system-zlib --enable-__cxa_atexit --disable-libunwind-exceptions --enable-java-awt=gtk --host=i386-redhat-linux
Thread model: posix
gcc version 3.4.2 20041017 (Red Hat 3.4.2-6.fc3)
configure:1998: $? = 0
configure:2000: gcc -V </dev/null >&5
gcc: `-V' option must have argument
configure:2003: $? = 1
configure:2029: checking for C compiler default output
configure:2032: gcc    conftest.c  >&5
configure:2035: $? = 0
configure:2068: result: a.out
configure:2073: checking whether the C compiler works
configure:2079: ./a.out
configure:2082: $? = 0
configure:2097: result: yes
configure:2104: checking whether we are cross compiling
configure:2106: result: no
configure:2109: checking for suffix of executables
configure:2111: gcc -o conftest    conftest.c  >&5
configure:2114: $? = 0
configure:2136: result: 
configure:2142: checking for suffix of object files
configure:2166: gcc -c   conftest.c >&5
configure:2169: $? = 0
configure:2188: result: o
configure:2192: checking whether we are using the GNU C compiler
configure:2219: gcc -c   conftest.c >&5
configure:2222: $? = 0
configure:2225: test -s conftest.o
configure:2228: $? = 0
configure:2240: result: yes
configure:2246: checking whether gcc accepts -g
configure:2270: gcc -c -g  conftest.c >&5
configure:2273: $? = 0
configure:2276: test -s conftest.o
configure:2279: $? = 0
configure:2289: result: yes
configure:2316: gcc -c -g -O2  conftest.c >&5
conftest.c:2: error: syntax error before "me"
configure:2319: $? = 1
configure: failed program was:
#ifndef __cplusplus
  choke me
#endif
configure:2448: checking for style of include used by make
configure:2476: result: GNU
configure:2504: checking dependency style of gcc
configure:2566: result: gcc3
configure:2581: checking how to run the C preprocessor
configure:2607: gcc -E  conftest.c
configure:2613: $? = 0
configure:2640: gcc -E  conftest.c
configure:2636:28: ac_nonexistent.h: No such file or directory
configure:2646: $? = 1
configure: failed program was:
#line 2635 "configure"
#include "confdefs.h"
#include <ac_nonexistent.h>
configure:2683: result: gcc -E
configure:2698: gcc -E  conftest.c
configure:2704: $? = 0
configure:2731: gcc -E  conftest.c
configure:2727:28: ac_nonexistent.h: No such file or directory
configure:2737: $? = 1
configure: failed program was:
#line 2726 "configure"
#include "confdefs.h"
#include <ac_nonexistent.h>
configure:2788: checking for a BSD-compatible install
configure:2842: result: /usr/bin/install -c
configure:2853: checking whether make sets ${MAKE}
configure:2873: result: yes
configure:2923: checking for ar
configure:2939: found /usr/bin/ar
configure:2949: result: ar
configure:3002: checking for ranlib
configure:3018: found /usr/bin/ranlib
configure:3029: result: ranlib
configure:3045: checking for AIX
configure:3064: result: no
configure:3228: checking for ANSI C header files
configure:3242: gcc -E  conftest.c
configure:3248: $? = 0
configure:3335: gcc -o conftest -g -O2 -Wall   conftest.c  >&5
configure: In function `main':
configure:3326: warning: implicit declaration of function `exit'
configure:3338: $? = 0
configure:3340: ./conftest
configure:3343: $? = 0
configure:3357: result: yes
configure:3381: checking for sys/types.h
configure:3394: gcc -c -g -O2 -Wall  conftest.c >&5
configure:3397: $? = 0
configure:3400: test -s conftest.o
configure:3403: $? = 0
configure:3413: result: yes
configure:3381: checking for sys/stat.h
configure:3394: gcc -c -g -O2 -Wall  conftest.c >&5
configure:3397: $? = 0
configure:3400: test -s conftest.o
configure:3403: $? = 0
configure:3413: result: yes
configure:3381: checking for stdlib.h
configure:3394: gcc -c -g -O2 -Wall  conftest.c >&5
configure:3397: $? = 0
configure:3400: test -s conftest.o
configure:3403: $? = 0
configure:3413: result: yes
configure:3381: checking for string.h
configure:3394: gcc -c -g -O2 -Wall  conftest.c >&5
configure:3397: $? = 0
configure:3400: test -s conftest.o
configure:3403: $? = 0
configure:3413: result: yes
configure:3381: checking for memory.h
configure:3394: gcc -c -g -O2 -Wall  conftest.c >&5
configure:3397: $? = 0
configure:3400: test -s conftest.o
configure:3403: $? = 0
configure:3413: result: yes
configure:3381: checking for strings.h
configure:3394: gcc -c -g -O2 -Wall  conftest.c >&5
configure:3397: $? = 0
configure:3400: test -s conftest.o
configure:3403: $? = 0
configure:3413: result: yes
configure:3381: checking for inttypes.h
configure:3394: gcc -c -g -O2 -Wall  conftest.c >&5
configure:3397: $? = 0
configure:3400: test -s conftest.o
configure:3403: $? = 0
configure:3413: result: yes
configure:3381: checking for stdint.h
configure:3394: gcc -c -g -O2 -Wall  conftest.c >&5
configure:3397: $? = 0
configure:3400: test -s conftest.o
configure:3403: $? = 0
configure:3413: result: yes
configure:3381: checking for unistd.h
configure:3394: gcc -c -g -O2 -Wall  conftest.c >&5
configure:3397: $? = 0
configure:3400: test -s conftest.o
configure:3403: $? = 0
configure:3413: result: yes
configure:3454: checking for string.h
configure:3459: result: yes
configure:3463: checking stropts.h usability
configure:3472: gcc -c -g -O2 -Wall  conftest.c >&5
configure:3475: $? = 0
configure:3478: test -s conftest.o
configure:3481: $? = 0
configure:3490: result: yes
configure:3494: checking stropts.h presence
configure:3501: gcc -E  conftest.c
configure:3507: $? = 0
configure:3525: result: yes
configure:3543: checking for stropts.h
configure:3550: result: yes
configure:3463: checking sys/conf.h usability
configure:3472: gcc -c -g -O2 -Wall  conftest.c >&5
configure:3500:22: sys/conf.h: No such file or directory
configure:3475: $? = 1
configure: failed program was:
#line 3465 "configure"
#include "confdefs.h"
#include <stdio.h>
#if HAVE_SYS_TYPES_H
# include <sys/types.h>
#endif
#if HAVE_SYS_STAT_H
# include <sys/stat.h>
#endif
#if STDC_HEADERS
# include <stdlib.h>
# include <stddef.h>
#else
# if HAVE_STDLIB_H
#  include <stdlib.h>
# endif
#endif
#if HAVE_STRING_H
# if !STDC_HEADERS && HAVE_MEMORY_H
#  include <memory.h>
# endif
# include <string.h>
#endif
#if HAVE_STRINGS_H
# include <strings.h>
#endif
#if HAVE_INTTYPES_H
# include <inttypes.h>
#else
# if HAVE_STDINT_H
#  include <stdint.h>
# endif
#endif
#if HAVE_UNISTD_H
# include <unistd.h>
#endif
#include <sys/conf.h>
configure:3490: result: no
configure:3494: checking sys/conf.h presence
configure:3501: gcc -E  conftest.c
configure:3497:22: sys/conf.h: No such file or directory
configure:3507: $? = 1
configure: failed program was:
#line 3496 "configure"
#include "confdefs.h"
#include <sys/conf.h>
configure:3525: result: no
configure:3543: checking for sys/conf.h
configure:3550: result: no
configure:3463: checking sys/ksym.h usability
configure:3472: gcc -c -g -O2 -Wall  conftest.c >&5
configure:3500:22: sys/ksym.h: No such file or directory
configure:3475: $? = 1
configure: failed program was:
#line 3465 "configure"
#include "confdefs.h"
#include <stdio.h>
#if HAVE_SYS_TYPES_H
# include <sys/types.h>
#endif
#if HAVE_SYS_STAT_H
# include <sys/stat.h>
#endif
#if STDC_HEADERS
# include <stdlib.h>
# include <stddef.h>
#else
# if HAVE_STDLIB_H
#  include <stdlib.h>
# endif
#endif
#if HAVE_STRING_H
# if !STDC_HEADERS && HAVE_MEMORY_H
#  include <memory.h>
# endif
# include <string.h>
#endif
#if HAVE_STRINGS_H
# include <strings.h>
#endif
#if HAVE_INTTYPES_H
# include <inttypes.h>
#else
# if HAVE_STDINT_H
#  include <stdint.h>
# endif
#endif
#if HAVE_UNISTD_H
# include <unistd.h>
#endif
#include <sys/ksym.h>
configure:3490: result: no
configure:3494: checking sys/ksym.h presence
configure:3501: gcc -E  conftest.c
configure:3497:22: sys/ksym.h: No such file or directory
configure:3507: $? = 1
configure: failed program was:
#line 3496 "configure"
#include "confdefs.h"
#include <sys/ksym.h>
configure:3525: result: no
configure:3543: checking for sys/ksym.h
configure:3550: result: no
configure:3463: checking sys/time.h usability
configure:3472: gcc -c -g -O2 -Wall  conftest.c >&5
configure:3475: $? = 0
configure:3478: test -s conftest.o
configure:3481: $? = 0
configure:3490: result: yes
configure:3494: checking sys/time.h presence
configure:3501: gcc -E  conftest.c
configure:3507: $? = 0
configure:3525: result: yes
configure:3543: checking for sys/time.h
configure:3550: result: yes
configure:3463: checking sys/times.h usability
configure:3472: gcc -c -g -O2 -Wall  conftest.c >&5
configure:3475: $? = 0
configure:3478: test -s conftest.o
configure:3481: $? = 0
configure:3490: result: yes
configure:3494: checking sys/times.h presence
configure:3501: gcc -E  conftest.c
configure:3507: $? = 0
configure:3525: result: yes
configure:3543: checking for sys/times.h
configure:3550: result: yes
configure:3463: checking sys/select.h usability
configure:3472: gcc -c -g -O2 -Wall  conftest.c >&5
configure:3475: $? = 0
configure:3478: test -s conftest.o
configure:3481: $? = 0
configure:3490: result: yes
configure:3494: checking sys/select.h presence
configure:3501: gcc -E  conftest.c
configure:3507: $? = 0
configure:3525: result: yes
configure:3543: checking for sys/select.h
configure:3550: result: yes
configure:3463: checking sys/sysctl.h usability
configure:3472: gcc -c -g -O2 -Wall  conftest.c >&5
configure:3475: $? = 0
configure:3478: test -s conftest.o
configure:3481: $? = 0
configure:3490: result: yes
configure:3494: checking sys/sysctl.h presence
configure:3501: gcc -E  conftest.c
configure:3507: $? = 0
configure:3525: result: yes
configure:3543: checking for sys/sysctl.h
configure:3550: result: yes
configure:3463: checking sys/sockio.h usability
configure:3472: gcc -c -g -O2 -Wall  conftest.c >&5
configure:3500:24: sys/sockio.h: No such file or directory
configure:3475: $? = 1
configure: failed program was:
#line 3465 "configure"
#include "confdefs.h"
#include <stdio.h>
#if HAVE_SYS_TYPES_H
# include <sys/types.h>
#endif
#if HAVE_SYS_STAT_H
# include <sys/stat.h>
#endif
#if STDC_HEADERS
# include <stdlib.h>
# include <stddef.h>
#else
# if HAVE_STDLIB_H
#  include <stdlib.h>
# endif
#endif
#if HAVE_STRING_H
# if !STDC_HEADERS && HAVE_MEMORY_H
#  include <memory.h>
# endif
# include <string.h>
#endif
#if HAVE_STRINGS_H
# include <strings.h>
#endif
#if HAVE_INTTYPES_H
# include <inttypes.h>
#else
# if HAVE_STDINT_H
#  include <stdint.h>
# endif
#endif
#if HAVE_UNISTD_H
# include <unistd.h>
#endif
#include <sys/sockio.h>
configure:3490: result: no
configure:3494: checking sys/sockio.h presence
configure:3501: gcc -E  conftest.c
configure:3497:24: sys/sockio.h: No such file or directory
configure:3507: $? = 1
configure: failed program was:
#line 3496 "configure"
#include "confdefs.h"
#include <sys/sockio.h>
configure:3525: result: no
configure:3543: checking for sys/sockio.h
configure:3550: result: no
configure:3454: checking for sys/types.h
configure:3459: result: yes
configure:3463: checking net/if_dl.h usability
configure:3472: gcc -c -g -O2 -Wall  conftest.c >&5
configure:3500:23: net/if_dl.h: No such file or directory
configure:3475: $? = 1
configure: failed program was:
#line 3465 "configure"
#include "confdefs.h"
#include <stdio.h>
#if HAVE_SYS_TYPES_H
# include <sys/types.h>
#endif
#if HAVE_SYS_STAT_H
# include <sys/stat.h>
#endif
#if STDC_HEADERS
# include <stdlib.h>
# include <stddef.h>
#else
# if HAVE_STDLIB_H
#  include <stdlib.h>
# endif
#endif
#if HAVE_STRING_H
# if !STDC_HEADERS && HAVE_MEMORY_H
#  include <memory.h>
# endif
# include <string.h>
#endif
#if HAVE_STRINGS_H
# include <strings.h>
#endif
#if HAVE_INTTYPES_H
# include <inttypes.h>
#else
# if HAVE_STDINT_H
#  include <stdint.h>
# endif
#endif
#if HAVE_UNISTD_H
# include <unistd.h>
#endif
#include <net/if_dl.h>
configure:3490: result: no
configure:3494: checking net/if_dl.h presence
configure:3501: gcc -E  conftest.c
configure:3497:23: net/if_dl.h: No such file or directory
configure:3507: $? = 1
configure: failed program was:
#line 3496 "configure"
#include "confdefs.h"
#include <net/if_dl.h>
configure:3525: result: no
configure:3543: checking for net/if_dl.h
configure:3550: result: no
configure:3463: checking net/if_var.h usability
configure:3472: gcc -c -g -O2 -Wall  conftest.c >&5
configure:3500:24: net/if_var.h: No such file or directory
configure:3475: $? = 1
configure: failed program was:
#line 3465 "configure"
#include "confdefs.h"
#include <stdio.h>
#if HAVE_SYS_TYPES_H
# include <sys/types.h>
#endif
#if HAVE_SYS_STAT_H
# include <sys/stat.h>
#endif
#if STDC_HEADERS
# include <stdlib.h>
# include <stddef.h>
#else
# if HAVE_STDLIB_H
#  include <stdlib.h>
# endif
#endif
#if HAVE_STRING_H
# if !STDC_HEADERS && HAVE_MEMORY_H
#  include <memory.h>
# endif
# include <string.h>
#endif
#if HAVE_STRINGS_H
# include <strings.h>
#endif
#if HAVE_INTTYPES_H
# include <inttypes.h>
#else
# if HAVE_STDINT_H
#  include <stdint.h>
# endif
#endif
#if HAVE_UNISTD_H
# include <unistd.h>
#endif
#include <net/if_var.h>
configure:3490: result: no
configure:3494: checking net/if_var.h presence
configure:3501: gcc -E  conftest.c
configure:3497:24: net/if_var.h: No such file or directory
configure:3507: $? = 1
configure: failed program was:
#line 3496 "configure"
#include "confdefs.h"
#include <net/if_var.h>
configure:3525: result: no
configure:3543: checking for net/if_var.h
configure:3550: result: no
configure:3463: checking linux/version.h usability
configure:3472: gcc -c -g -O2 -Wall  conftest.c >&5
configure:3475: $? = 0
configure:3478: test -s conftest.o
configure:3481: $? = 0
configure:3490: result: yes
configure:3494: checking linux/version.h presence
configure:3501: gcc -E  conftest.c
configure:3507: $? = 0
configure:3525: result: yes
configure:3543: checking for linux/version.h
configure:3550: result: yes
configure:3463: checking kvm.h usability
configure:3472: gcc -c -g -O2 -Wall  conftest.c >&5
configure:3500:17: kvm.h: No such file or directory
configure:3475: $? = 1
configure: failed program was:
#line 3465 "configure"
#include "confdefs.h"
#include <stdio.h>
#if HAVE_SYS_TYPES_H
# include <sys/types.h>
#endif
#if HAVE_SYS_STAT_H
# include <sys/stat.h>
#endif
#if STDC_HEADERS
# include <stdlib.h>
# include <stddef.h>
#else
# if HAVE_STDLIB_H
#  include <stdlib.h>
# endif
#endif
#if HAVE_STRING_H
# if !STDC_HEADERS && HAVE_MEMORY_H
#  include <memory.h>
# endif
# include <string.h>
#endif
#if HAVE_STRINGS_H
# include <strings.h>
#endif
#if HAVE_INTTYPES_H
# include <inttypes.h>
#else
# if HAVE_STDINT_H
#  include <stdint.h>
# endif
#endif
#if HAVE_UNISTD_H
# include <unistd.h>
#endif
#include <kvm.h>
configure:3490: result: no
configure:3494: checking kvm.h presence
configure:3501: gcc -E  conftest.c
configure:3497:17: kvm.h: No such file or directory
configure:3507: $? = 1
configure: failed program was:
#line 3496 "configure"
#include "confdefs.h"
#include <kvm.h>
configure:3525: result: no
configure:3543: checking for kvm.h
configure:3550: result: no
configure:3463: checking netdb.h usability
configure:3472: gcc -c -g -O2 -Wall  conftest.c >&5
configure:3475: $? = 0
configure:3478: test -s conftest.o
configure:3481: $? = 0
configure:3490: result: yes
configure:3494: checking netdb.h presence
configure:3501: gcc -E  conftest.c
configure:3507: $? = 0
configure:3525: result: yes
configure:3543: checking for netdb.h
configure:3550: result: yes
configure:3463: checking netinet/in.h usability
configure:3472: gcc -c -g -O2 -Wall  conftest.c >&5
configure:3475: $? = 0
configure:3478: test -s conftest.o
configure:3481: $? = 0
configure:3490: result: yes
configure:3494: checking netinet/in.h presence
configure:3501: gcc -E  conftest.c
configure:3507: $? = 0
configure:3525: result: yes
configure:3543: checking for netinet/in.h
configure:3550: result: yes
configure:3463: checking net/netopt.h usability
configure:3472: gcc -c -g -O2 -Wall  conftest.c >&5
configure:3500:24: net/netopt.h: No such file or directory
configure:3475: $? = 1
configure: failed program was:
#line 3465 "configure"
#include "confdefs.h"
#include <stdio.h>
#if HAVE_SYS_TYPES_H
# include <sys/types.h>
#endif
#if HAVE_SYS_STAT_H
# include <sys/stat.h>
#endif
#if STDC_HEADERS
# include <stdlib.h>
# include <stddef.h>
#else
# if HAVE_STDLIB_H
#  include <stdlib.h>
# endif
#endif
#if HAVE_STRING_H
# if !STDC_HEADERS && HAVE_MEMORY_H
#  include <memory.h>
# endif
# include <string.h>
#endif
#if HAVE_STRINGS_H
# include <strings.h>
#endif
#if HAVE_INTTYPES_H
# include <inttypes.h>
#else
# if HAVE_STDINT_H
#  include <stdint.h>
# endif
#endif
#if HAVE_UNISTD_H
# include <unistd.h>
#endif
#include <net/netopt.h>
configure:3490: result: no
configure:3494: checking net/netopt.h presence
configure:3501: gcc -E  conftest.c
configure:3497:24: net/netopt.h: No such file or directory
configure:3507: $? = 1
configure: failed program was:
#line 3496 "configure"
#include "confdefs.h"
#include <net/netopt.h>
configure:3525: result: no
configure:3543: checking for net/netopt.h
configure:3550: result: no
configure:3463: checking netinet/in_var.h usability
configure:3472: gcc -c -g -O2 -Wall  conftest.c >&5
configure:3500:28: netinet/in_var.h: No such file or directory
configure:3475: $? = 1
configure: failed program was:
#line 3465 "configure"
#include "confdefs.h"
#include <stdio.h>
#if HAVE_SYS_TYPES_H
# include <sys/types.h>
#endif
#if HAVE_SYS_STAT_H
# include <sys/stat.h>
#endif
#if STDC_HEADERS
# include <stdlib.h>
# include <stddef.h>
#else
# if HAVE_STDLIB_H
#  include <stdlib.h>
# endif
#endif
#if HAVE_STRING_H
# if !STDC_HEADERS && HAVE_MEMORY_H
#  include <memory.h>
# endif
# include <string.h>
#endif
#if HAVE_STRINGS_H
# include <strings.h>
#endif
#if HAVE_INTTYPES_H
# include <inttypes.h>
#else
# if HAVE_STDINT_H
#  include <stdint.h>
# endif
#endif
#if HAVE_UNISTD_H
# include <unistd.h>
#endif
#include <netinet/in_var.h>
configure:3490: result: no
configure:3494: checking netinet/in_var.h presence
configure:3501: gcc -E  conftest.c
configure:3497:28: netinet/in_var.h: No such file or directory
configure:3507: $? = 1
configure: failed program was:
#line 3496 "configure"
#include "confdefs.h"
#include <netinet/in_var.h>
configure:3525: result: no
configure:3543: checking for netinet/in_var.h
configure:3550: result: no
configure:3463: checking netinet/in6_var.h usability
configure:3472: gcc -c -g -O2 -Wall  conftest.c >&5
configure:3500:29: netinet/in6_var.h: No such file or directory
configure:3475: $? = 1
configure: failed program was:
#line 3465 "configure"
#include "confdefs.h"
#include <stdio.h>
#if HAVE_SYS_TYPES_H
# include <sys/types.h>
#endif
#if HAVE_SYS_STAT_H
# include <sys/stat.h>
#endif
#if STDC_HEADERS
# include <stdlib.h>
# include <stddef.h>
#else
# if HAVE_STDLIB_H
#  include <stdlib.h>
# endif
#endif
#if HAVE_STRING_H
# if !STDC_HEADERS && HAVE_MEMORY_H
#  include <memory.h>
# endif
# include <string.h>
#endif
#if HAVE_STRINGS_H
# include <strings.h>
#endif
#if HAVE_INTTYPES_H
# include <inttypes.h>
#else
# if HAVE_STDINT_H
#  include <stdint.h>
# endif
#endif
#if HAVE_UNISTD_H
# include <unistd.h>
#endif
#include <netinet/in6_var.h>
configure:3490: result: no
configure:3494: checking netinet/in6_var.h presence
configure:3501: gcc -E  conftest.c
configure:3497:29: netinet/in6_var.h: No such file or directory
configure:3507: $? = 1
configure: failed program was:
#line 3496 "configure"
#include "confdefs.h"
#include <netinet/in6_var.h>
configure:3525: result: no
configure:3543: checking for netinet/in6_var.h
configure:3550: result: no
configure:3463: checking netinet/in6.h usability
configure:3472: gcc -c -g -O2 -Wall  conftest.c >&5
configure:3500:25: netinet/in6.h: No such file or directory
configure:3475: $? = 1
configure: failed program was:
#line 3465 "configure"
#include "confdefs.h"
#include <stdio.h>
#if HAVE_SYS_TYPES_H
# include <sys/types.h>
#endif
#if HAVE_SYS_STAT_H
# include <sys/stat.h>
#endif
#if STDC_HEADERS
# include <stdlib.h>
# include <stddef.h>
#else
# if HAVE_STDLIB_H
#  include <stdlib.h>
# endif
#endif
#if HAVE_STRING_H
# if !STDC_HEADERS && HAVE_MEMORY_H
#  include <memory.h>
# endif
# include <string.h>
#endif
#if HAVE_STRINGS_H
# include <strings.h>
#endif
#if HAVE_INTTYPES_H
# include <inttypes.h>
#else
# if HAVE_STDINT_H
#  include <stdint.h>
# endif
#endif
#if HAVE_UNISTD_H
# include <unistd.h>
#endif
#include <netinet/in6.h>
configure:3490: result: no
configure:3494: checking netinet/in6.h presence
configure:3501: gcc -E  conftest.c
configure:3497:25: netinet/in6.h: No such file or directory
configure:3507: $? = 1
configure: failed program was:
#line 3496 "configure"
#include "confdefs.h"
#include <netinet/in6.h>
configure:3525: result: no
configure:3543: checking for netinet/in6.h
configure:3550: result: no
configure:3463: checking inet/nd.h usability
configure:3472: gcc -c -g -O2 -Wall  conftest.c >&5
configure:3500:21: inet/nd.h: No such file or directory
configure:3475: $? = 1
configure: failed program was:
#line 3465 "configure"
#include "confdefs.h"
#include <stdio.h>
#if HAVE_SYS_TYPES_H
# include <sys/types.h>
#endif
#if HAVE_SYS_STAT_H
# include <sys/stat.h>
#endif
#if STDC_HEADERS
# include <stdlib.h>
# include <stddef.h>
#else
# if HAVE_STDLIB_H
#  include <stdlib.h>
# endif
#endif
#if HAVE_STRING_H
# if !STDC_HEADERS && HAVE_MEMORY_H
#  include <memory.h>
# endif
# include <string.h>
#endif
#if HAVE_STRINGS_H
# include <strings.h>
#endif
#if HAVE_INTTYPES_H
# include <inttypes.h>
#else
# if HAVE_STDINT_H
#  include <stdint.h>
# endif
#endif
#if HAVE_UNISTD_H
# include <unistd.h>
#endif
#include <inet/nd.h>
configure:3490: result: no
configure:3494: checking inet/nd.h presence
configure:3501: gcc -E  conftest.c
configure:3497:21: inet/nd.h: No such file or directory
configure:3507: $? = 1
configure: failed program was:
#line 3496 "configure"
#include "confdefs.h"
#include <inet/nd.h>
configure:3525: result: no
configure:3543: checking for inet/nd.h
configure:3550: result: no
configure:3463: checking asm/types.h usability
configure:3472: gcc -c -g -O2 -Wall  conftest.c >&5
configure:3475: $? = 0
configure:3478: test -s conftest.o
configure:3481: $? = 0
configure:3490: result: yes
configure:3494: checking asm/types.h presence
configure:3501: gcc -E  conftest.c
configure:3507: $? = 0
configure:3525: result: yes
configure:3543: checking for asm/types.h
configure:3550: result: yes
configure:3463: checking netinet/icmp6.h usability
configure:3472: gcc -c -g -O2 -Wall  conftest.c >&5
configure:3475: $? = 0
configure:3478: test -s conftest.o
configure:3481: $? = 0
configure:3490: result: yes
configure:3494: checking netinet/icmp6.h presence
configure:3501: gcc -E  conftest.c
configure:3507: $? = 0
configure:3525: result: yes
configure:3543: checking for netinet/icmp6.h
configure:3550: result: yes
configure:3463: checking netinet6/nd6.h usability
configure:3472: gcc -c -g -O2 -Wall  conftest.c >&5
configure:3500:26: netinet6/nd6.h: No such file or directory
configure:3475: $? = 1
configure: failed program was:
#line 3465 "configure"
#include "confdefs.h"
#include <stdio.h>
#if HAVE_SYS_TYPES_H
# include <sys/types.h>
#endif
#if HAVE_SYS_STAT_H
# include <sys/stat.h>
#endif
#if STDC_HEADERS
# include <stdlib.h>
# include <stddef.h>
#else
# if HAVE_STDLIB_H
#  include <stdlib.h>
# endif
#endif
#if HAVE_STRING_H
# if !STDC_HEADERS && HAVE_MEMORY_H
#  include <memory.h>
# endif
# include <string.h>
#endif
#if HAVE_STRINGS_H
# include <strings.h>
#endif
#if HAVE_INTTYPES_H
# include <inttypes.h>
#else
# if HAVE_STDINT_H
#  include <stdint.h>
# endif
#endif
#if HAVE_UNISTD_H
# include <unistd.h>
#endif
#include <netinet6/nd6.h>
configure:3490: result: no
configure:3494: checking netinet6/nd6.h presence
configure:3501: gcc -E  conftest.c
configure:3497:26: netinet6/nd6.h: No such file or directory
configure:3507: $? = 1
configure: failed program was:
#line 3496 "configure"
#include "confdefs.h"
#include <netinet6/nd6.h>
configure:3525: result: no
configure:3543: checking for netinet6/nd6.h
configure:3550: result: no
configure:3463: checking libutil.h usability
configure:3472: gcc -c -g -O2 -Wall  conftest.c >&5
configure:3500:21: libutil.h: No such file or directory
configure:3475: $? = 1
configure: failed program was:
#line 3465 "configure"
#include "confdefs.h"
#include <stdio.h>
#if HAVE_SYS_TYPES_H
# include <sys/types.h>
#endif
#if HAVE_SYS_STAT_H
# include <sys/stat.h>
#endif
#if STDC_HEADERS
# include <stdlib.h>
# include <stddef.h>
#else
# if HAVE_STDLIB_H
#  include <stdlib.h>
# endif
#endif
#if HAVE_STRING_H
# if !STDC_HEADERS && HAVE_MEMORY_H
#  include <memory.h>
# endif
# include <string.h>
#endif
#if HAVE_STRINGS_H
# include <strings.h>
#endif
#if HAVE_INTTYPES_H
# include <inttypes.h>
#else
# if HAVE_STDINT_H
#  include <stdint.h>
# endif
#endif
#if HAVE_UNISTD_H
# include <unistd.h>
#endif
#include <libutil.h>
configure:3490: result: no
configure:3494: checking libutil.h presence
configure:3501: gcc -E  conftest.c
configure:3497:21: libutil.h: No such file or directory
configure:3507: $? = 1
configure: failed program was:
#line 3496 "configure"
#include "confdefs.h"
#include <libutil.h>
configure:3525: result: no
configure:3543: checking for libutil.h
configure:3550: result: no
configure:3564: checking for gcc option to accept ANSI C
configure:3627: gcc  -c -g -O2 -Wall  conftest.c >&5
configure:3630: $? = 0
configure:3633: test -s conftest.o
configure:3636: $? = 0
configure:3653: result: none needed
configure:3661: checking for an ANSI C-conforming const
configure:3731: gcc -c -g -O2 -Wall  conftest.c >&5
configure: In function `main':
configure:3700: warning: unused variable `s'
configure:3720: warning: unused variable `foo'
configure:3681: warning: unused variable `x'
configure:3687: warning: unused variable `zero'
configure:3717: warning: 'b' might be used uninitialized in this function
configure:3699: warning: 't' might be used uninitialized in this function
configure:3734: $? = 0
configure:3737: test -s conftest.o
configure:3740: $? = 0
configure:3750: result: yes
configure:3760: checking return type of signal handlers
configure:3794: gcc -c -g -O2 -Wall  conftest.c >&5
configure: In function `main':
configure:3786: warning: unused variable `i'
configure:3797: $? = 0
configure:3800: test -s conftest.o
configure:3803: $? = 0
configure:3813: result: void
configure:4841: checking for bcopy
configure:4884: gcc -o conftest -g -O2 -Wall   conftest.c  >&5
configure:4856: warning: conflicting types for built-in function 'bcopy'
configure:4887: $? = 0
configure:4890: test -s conftest
configure:4893: $? = 0
configure:4903: result: yes
configure:4841: checking for bzero
configure:4884: gcc -o conftest -g -O2 -Wall   conftest.c  >&5
configure:4856: warning: conflicting types for built-in function 'bzero'
configure:4887: $? = 0
configure:4890: test -s conftest
configure:4893: $? = 0
configure:4903: result: yes
configure:4841: checking for strerror
configure:4884: gcc -o conftest -g -O2 -Wall   conftest.c  >&5
configure:4887: $? = 0
configure:4890: test -s conftest
configure:4893: $? = 0
configure:4903: result: yes
configure:4841: checking for inet_aton
configure:4884: gcc -o conftest -g -O2 -Wall   conftest.c  >&5
configure:4887: $? = 0
configure:4890: test -s conftest
configure:4893: $? = 0
configure:4903: result: yes
configure:4841: checking for daemon
configure:4884: gcc -o conftest -g -O2 -Wall   conftest.c  >&5
configure:4887: $? = 0
configure:4890: test -s conftest
configure:4893: $? = 0
configure:4903: result: yes
configure:4841: checking for snprintf
configure:4884: gcc -o conftest -g -O2 -Wall   conftest.c  >&5
configure:4856: warning: conflicting types for built-in function 'snprintf'
configure:4887: $? = 0
configure:4890: test -s conftest
configure:4893: $? = 0
configure:4903: result: yes
configure:4841: checking for vsnprintf
configure:4884: gcc -o conftest -g -O2 -Wall   conftest.c  >&5
configure:4856: warning: conflicting types for built-in function 'vsnprintf'
configure:4887: $? = 0
configure:4890: test -s conftest
configure:4893: $? = 0
configure:4903: result: yes
configure:4841: checking for strlcat
configure:4884: gcc -o conftest -g -O2 -Wall   conftest.c  >&5
/tmp/ccQRFBkK.o(.text+0x12): In function `main':
/home/fred/0117/ap61/gpl/zebra-0.93a/configure:4874: undefined reference to `strlcat'
collect2: ld returned 1 exit status
configure:4887: $? = 1
configure: failed program was:
#line 4846 "configure"
#include "confdefs.h"
/* System header to define __stub macros and hopefully few prototypes,
    which can conflict with char strlcat (); below.  */
#include <assert.h>
/* Override any gcc2 internal prototype to avoid an error.  */
#ifdef __cplusplus
extern "C"
#endif
/* We use char because int might match the return type of a gcc2
   builtin and then its argument prototype would still apply.  */
char strlcat ();
char (*f) ();

#ifdef F77_DUMMY_MAIN
#  ifdef __cplusplus
     extern "C"
#  endif
   int F77_DUMMY_MAIN() { return 1; }
#endif
int
main ()
{
/* The GNU C library defines this for functions which it implements
    to always fail with ENOSYS.  Some functions are actually named
    something starting with __ and the normal name is an alias.  */
#if defined (__stub_strlcat) || defined (__stub___strlcat)
choke me
#else
f = strlcat;
#endif

  ;
  return 0;
}
configure:4903: result: no
configure:4841: checking for strlcpy
configure:4884: gcc -o conftest -g -O2 -Wall   conftest.c  >&5
/tmp/cceiIorV.o(.text+0x12): In function `main':
/home/fred/0117/ap61/gpl/zebra-0.93a/configure:4874: undefined reference to `strlcpy'
collect2: ld returned 1 exit status
configure:4887: $? = 1
configure: failed program was:
#line 4846 "configure"
#include "confdefs.h"
/* System header to define __stub macros and hopefully few prototypes,
    which can conflict with char strlcpy (); below.  */
#include <assert.h>
/* Override any gcc2 internal prototype to avoid an error.  */
#ifdef __cplusplus
extern "C"
#endif
/* We use char because int might match the return type of a gcc2
   builtin and then its argument prototype would still apply.  */
char strlcpy ();
char (*f) ();

#ifdef F77_DUMMY_MAIN
#  ifdef __cplusplus
     extern "C"
#  endif
   int F77_DUMMY_MAIN() { return 1; }
#endif
int
main ()
{
/* The GNU C library defines this for functions which it implements
    to always fail with ENOSYS.  Some functions are actually named
    something starting with __ and the normal name is an alias.  */
#if defined (__stub_strlcpy) || defined (__stub___strlcpy)
choke me
#else
f = strlcpy;
#endif

  ;
  return 0;
}
configure:4903: result: no
configure:4841: checking for if_nametoindex
configure:4884: gcc -o conftest -g -O2 -Wall   conftest.c  >&5
configure:4887: $? = 0
configure:4890: test -s conftest
configure:4893: $? = 0
configure:4903: result: yes
configure:4841: checking for if_indextoname
configure:4884: gcc -o conftest -g -O2 -Wall   conftest.c  >&5
configure:4887: $? = 0
configure:4890: test -s conftest
configure:4893: $? = 0
configure:4903: result: yes
configure:4841: checking for getifaddrs
configure:4884: gcc -o conftest -g -O2 -Wall   conftest.c  >&5
configure:4887: $? = 0
configure:4890: test -s conftest
configure:4893: $? = 0
configure:4903: result: yes
configure:4917: checking for setproctitle
configure:4960: gcc -o conftest -g -O2 -Wall   conftest.c  >&5
/tmp/ccA0YJao.o(.text+0x12): In function `main':
/home/fred/0117/ap61/gpl/zebra-0.93a/configure:4950: undefined reference to `setproctitle'
collect2: ld returned 1 exit status
configure:4963: $? = 1
configure: failed program was:
#line 4922 "configure"
#include "confdefs.h"
/* System header to define __stub macros and hopefully few prototypes,
    which can conflict with char setproctitle (); below.  */
#include <assert.h>
/* Override any gcc2 internal prototype to avoid an error.  */
#ifdef __cplusplus
extern "C"
#endif
/* We use char because int might match the return type of a gcc2
   builtin and then its argument prototype would still apply.  */
char setproctitle ();
char (*f) ();

#ifdef F77_DUMMY_MAIN
#  ifdef __cplusplus
     extern "C"
#  endif
   int F77_DUMMY_MAIN() { return 1; }
#endif
int
main ()
{
/* The GNU C library defines this for functions which it implements
    to always fail with ENOSYS.  Some functions are actually named
    something starting with __ and the normal name is an alias.  */
#if defined (__stub_setproctitle) || defined (__stub___setproctitle)
choke me
#else
f = setproctitle;
#endif

  ;
  return 0;
}
configure:4979: result: no
configure:4987: checking for setproctitle in -lutil
configure:5020: gcc -o conftest -g -O2 -Wall   conftest.c -lutil   >&5
/tmp/cc61VYvy.o(.text+0xd): In function `main':
/home/fred/0117/ap61/gpl/zebra-0.93a/configure:5012: undefined reference to `setproctitle'
collect2: ld returned 1 exit status
configure:5023: $? = 1
configure: failed program was:
#line 4994 "configure"
#include "confdefs.h"

/* Override any gcc2 internal prototype to avoid an error.  */
#ifdef __cplusplus
extern "C"
#endif
/* We use char because int might match the return type of a gcc2
   builtin and then its argument prototype would still apply.  */
char setproctitle ();
#ifdef F77_DUMMY_MAIN
#  ifdef __cplusplus
     extern "C"
#  endif
   int F77_DUMMY_MAIN() { return 1; }
#endif
int
main ()
{
setproctitle ();
  ;
  return 0;
}
configure:5040: result: no
configure:5053: checking zebra between kernel interface method
In file included from configure:5072:
/usr/include/linux/autoconf.h:1:2: #error Invalid kernel header included in userspace
configure:5088: result: netlink
configure:5170: checking route read method check
configure:5193: result: netlink
configure:5197: checking interface looking up method
configure:5200: result: netlink
configure:5245: checking ipforward method check
configure:5268: result: proc
configure:5276: checking for getaddrinfo
configure:5319: gcc -o conftest -g -O2 -Wall   conftest.c  >&5
configure:5322: $? = 0
configure:5325: test -s conftest
configure:5328: $? = 0
configure:5338: result: yes
configure:5351: checking whether does this OS have IPv6 stack
configure:5354: result: disabled
configure:5545: checking for inet_ntop in -lc
configure:5578: gcc -o conftest -g -O2 -Wall   conftest.c -lc   >&5
configure:5581: $? = 0
configure:5584: test -s conftest
configure:5587: $? = 0
configure:5598: result: yes
configure:5607: checking for inet_pton in -lc
configure:5640: gcc -o conftest -g -O2 -Wall   conftest.c -lc   >&5
configure:5643: $? = 0
configure:5646: test -s conftest
configure:5649: $? = 0
configure:5660: result: yes
configure:5670: checking for crypt in -lcrypt
configure:5703: gcc -o conftest -g -O2 -Wall   conftest.c -lcrypt   >&5
configure:5706: $? = 0
configure:5709: test -s conftest
configure:5712: $? = 0
configure:5723: result: yes
configure:5735: checking for res_init in -lresolv
configure:5768: gcc -o conftest -g -O2 -Wall   conftest.c -lresolv  -lcrypt  >&5
/tmp/ccGlM5bH.o(.text+0xd): In function `main':
/home/fred/0117/ap61/gpl/zebra-0.93a/configure:5760: undefined reference to `res_init'
collect2: ld returned 1 exit status
configure:5771: $? = 1
configure: failed program was:
#line 5742 "configure"
#include "confdefs.h"

/* Override any gcc2 internal prototype to avoid an error.  */
#ifdef __cplusplus
extern "C"
#endif
/* We use char because int might match the return type of a gcc2
   builtin and then its argument prototype would still apply.  */
char res_init ();
#ifdef F77_DUMMY_MAIN
#  ifdef __cplusplus
     extern "C"
#  endif
   int F77_DUMMY_MAIN() { return 1; }
#endif
int
main ()
{
res_init ();
  ;
  return 0;
}
configure:5788: result: no
configure:5800: checking for main in -lm
configure:5827: gcc -o conftest -g -O2 -Wall   conftest.c -lm  -lcrypt  >&5
configure:5830: $? = 0
configure:5833: test -s conftest
configure:5836: $? = 0
configure:5847: result: yes
configure:5859: checking for __inet_ntop
configure:5902: gcc -o conftest -g -O2 -Wall   conftest.c -lm -lcrypt  >&5
/tmp/ccGyrl43.o(.text+0x12): In function `main':
/home/fred/0117/ap61/gpl/zebra-0.93a/configure:5892: undefined reference to `__inet_ntop'
collect2: ld returned 1 exit status
configure:5905: $? = 1
configure: failed program was:
#line 5864 "configure"
#include "confdefs.h"
/* System header to define __stub macros and hopefully few prototypes,
    which can conflict with char __inet_ntop (); below.  */
#include <assert.h>
/* Override any gcc2 internal prototype to avoid an error.  */
#ifdef __cplusplus
extern "C"
#endif
/* We use char because int might match the return type of a gcc2
   builtin and then its argument prototype would still apply.  */
char __inet_ntop ();
char (*f) ();

#ifdef F77_DUMMY_MAIN
#  ifdef __cplusplus
     extern "C"
#  endif
   int F77_DUMMY_MAIN() { return 1; }
#endif
int
main ()
{
/* The GNU C library defines this for functions which it implements
    to always fail with ENOSYS.  Some functions are actually named
    something starting with __ and the normal name is an alias.  */
#if defined (__stub___inet_ntop) || defined (__stub_____inet_ntop)
choke me
#else
f = __inet_ntop;
#endif

  ;
  return 0;
}
configure:5921: result: no
configure:5930: checking for __inet_pton
configure:5973: gcc -o conftest -g -O2 -Wall   conftest.c -lm -lcrypt  >&5
/tmp/ccsxq4Me.o(.text+0x12): In function `main':
/home/fred/0117/ap61/gpl/zebra-0.93a/configure:5963: undefined reference to `__inet_pton'
collect2: ld returned 1 exit status
configure:5976: $? = 1
configure: failed program was:
#line 5935 "configure"
#include "confdefs.h"
/* System header to define __stub macros and hopefully few prototypes,
    which can conflict with char __inet_pton (); below.  */
#include <assert.h>
/* Override any gcc2 internal prototype to avoid an error.  */
#ifdef __cplusplus
extern "C"
#endif
/* We use char because int might match the return type of a gcc2
   builtin and then its argument prototype would still apply.  */
char __inet_pton ();
char (*f) ();

#ifdef F77_DUMMY_MAIN
#  ifdef __cplusplus
     extern "C"
#  endif
   int F77_DUMMY_MAIN() { return 1; }
#endif
int
main ()
{
/* The GNU C library defines this for functions which it implements
    to always fail with ENOSYS.  Some functions are actually named
    something starting with __ and the normal name is an alias.  */
#if defined (__stub___inet_pton) || defined (__stub_____inet_pton)
choke me
#else
f = __inet_pton;
#endif

  ;
  return 0;
}
configure:5992: result: no
configure:6001: checking for __inet_aton
configure:6044: gcc -o conftest -g -O2 -Wall   conftest.c -lm -lcrypt  >&5
/tmp/ccayr9Ur.o(.text+0x12): In function `main':
/home/fred/0117/ap61/gpl/zebra-0.93a/configure:6034: undefined reference to `__inet_aton'
collect2: ld returned 1 exit status
configure:6047: $? = 1
configure: failed program was:
#line 6006 "configure"
#include "confdefs.h"
/* System header to define __stub macros and hopefully few prototypes,
    which can conflict with char __inet_aton (); below.  */
#include <assert.h>
/* Override any gcc2 internal prototype to avoid an error.  */
#ifdef __cplusplus
extern "C"
#endif
/* We use char because int might match the return type of a gcc2
   builtin and then its argument prototype would still apply.  */
char __inet_aton ();
char (*f) ();

#ifdef F77_DUMMY_MAIN
#  ifdef __cplusplus
     extern "C"
#  endif
   int F77_DUMMY_MAIN() { return 1; }
#endif
int
main ()
{
/* The GNU C library defines this for functions which it implements
    to always fail with ENOSYS.  Some functions are actually named
    something starting with __ and the normal name is an alias.  */
#if defined (__stub___inet_aton) || defined (__stub_____inet_aton)
choke me
#else
f = __inet_aton;
#endif

  ;
  return 0;
}
configure:6063: result: no
configure:6073: checking for regexec in -lc
configure:6106: gcc -o conftest -g -O2 -Wall   conftest.c -lc  -lm -lcrypt  >&5
configure:6109: $? = 0
configure:6112: test -s conftest
configure:6115: $? = 0
configure:6126: result: yes
configure:6476: checking whether struct sockaddr has a sa_len field
configure:6499: gcc -c -g -O2 -Wall  conftest.c >&5
configure: In function `main':
configure:6491: error: structure has no member named `sa_len'
configure:6491: warning: unused variable `ac_j'
configure:6502: $? = 1
configure: failed program was:
#line 6478 "configure"
#include "confdefs.h"
#include <sys/types.h>
#include <sys/socket.h>

#ifdef F77_DUMMY_MAIN
#  ifdef __cplusplus
     extern "C"
#  endif
   int F77_DUMMY_MAIN() { return 1; }
#endif
int
main ()
{
static struct sockaddr ac_i;int ac_j = sizeof (ac_i.sa_len);
  ;
  return 0;
}
configure:6519: result: no
configure:6524: checking whether struct sockaddr_in has a sin_len field
configure:6547: gcc -c -g -O2 -Wall  conftest.c >&5
configure: In function `main':
configure:6539: error: structure has no member named `sin_len'
configure:6539: warning: unused variable `ac_j'
configure:6550: $? = 1
configure: failed program was:
#line 6526 "configure"
#include "confdefs.h"
#include <sys/types.h>
#include <netinet/in.h>

#ifdef F77_DUMMY_MAIN
#  ifdef __cplusplus
     extern "C"
#  endif
   int F77_DUMMY_MAIN() { return 1; }
#endif
int
main ()
{
static struct sockaddr_in ac_i;int ac_j = sizeof (ac_i.sin_len);
  ;
  return 0;
}
configure:6567: result: no
configure:6572: checking whether struct sockaddr_un has a sun_len field
configure:6595: gcc -c -g -O2 -Wall  conftest.c >&5
configure: In function `main':
configure:6587: error: structure has no member named `sun_len'
configure:6587: warning: unused variable `ac_j'
configure:6598: $? = 1
configure: failed program was:
#line 6574 "configure"
#include "confdefs.h"
#include <sys/types.h>
#include <sys/un.h>

#ifdef F77_DUMMY_MAIN
#  ifdef __cplusplus
     extern "C"
#  endif
   int F77_DUMMY_MAIN() { return 1; }
#endif
int
main ()
{
static struct sockaddr_un ac_i;int ac_j = sizeof (ac_i.sun_len);
  ;
  return 0;
}
configure:6615: result: no
configure:6670: checking whther socklen_t is defined
configure:6694: gcc -c -g -O2 -Wall  conftest.c >&5
configure: In function `main':
configure:6686: warning: unused variable `ac_x'
configure:6697: $? = 0
configure:6700: test -s conftest.o
configure:6703: $? = 0
configure:6705: result: yes
configure:6719: checking whether struct sockaddr_dl exist
configure:6722:23: net/if_dl.h: No such file or directory
configure:6736: result: no
configure:6742: checking whether struct ifaliasreq exist
configure:6759: result: no
configure:6765: checking whether struct if6_aliasreq exist
configure:6768:30: netinet6/in6_var.h: No such file or directory
configure:6782: result: no
configure:6788: checking whether struct rt_addrinfo exist
configure:6805: result: no
configure:6811: checking whether struct in_pktinfo exist
configure:6833: gcc -c -g -O2 -Wall  conftest.c >&5
configure: In function `main':
configure:6825: warning: unused variable `ac_x'
configure:6836: $? = 0
configure:6839: test -s conftest.o
configure:6842: $? = 0
configure:6844: result: yes
configure:6858: checking whether getrusage is available
configure:6880: gcc -c -g -O2 -Wall  conftest.c >&5
configure:6883: $? = 0
configure:6886: test -s conftest.o
configure:6889: $? = 0
configure:6891: result: yes
configure:6909: checking pid file directory
configure:6923: result: /var/run
configure:6951: checking for working htonl
configure:6984: gcc -o conftest -g -O2 -Wall   conftest.c -lm -lcrypt  >&5
configure:6987: $? = 0
configure:6990: test -s conftest
configure:6993: $? = 0
configure:7004: result: yes
configure:7095: creating ./config.status

## ---------------------- ##
## Running config.status. ##
## ---------------------- ##

This file was extended by config.status, which was
generated by GNU Autoconf 2.53.  Invocation command line was

  CONFIG_FILES    = 
  CONFIG_HEADERS  = 
  CONFIG_LINKS    = 
  CONFIG_COMMANDS = 
  $ ./config.status 

on localhost.localdomain

config.status:640: creating Makefile
config.status:640: creating lib/Makefile
config.status:640: creating zebra/Makefile
config.status:640: creating ripd/Makefile
config.status:640: creating ripngd/Makefile
config.status:640: creating bgpd/Makefile
config.status:640: creating ospfd/Makefile
config.status:640: creating ospf6d/Makefile
config.status:640: creating vtysh/Makefile
config.status:640: creating doc/Makefile
config.status:744: creating config.h
config.status:1056: executing depfiles commands

## ---------------- ##
## Cache variables. ##
## ---------------- ##

ac_cv_build=i686-pc-linux-gnu
ac_cv_build_alias=i686-pc-linux-gnu
ac_cv_c_compiler_gnu=yes
ac_cv_c_const=yes
ac_cv_env_CC_set=
ac_cv_env_CC_value=
ac_cv_env_CFLAGS_set=
ac_cv_env_CFLAGS_value=
ac_cv_env_CPPFLAGS_set=
ac_cv_env_CPPFLAGS_value=
ac_cv_env_CPP_set=
ac_cv_env_CPP_value=
ac_cv_env_LDFLAGS_set=
ac_cv_env_LDFLAGS_value=
ac_cv_env_build_alias_set=
ac_cv_env_build_alias_value=
ac_cv_env_host_alias_set=
ac_cv_env_host_alias_value=
ac_cv_env_target_alias_set=
ac_cv_env_target_alias_value=
ac_cv_exeext=
ac_cv_func___inet_aton=no
ac_cv_func___inet_ntop=no
ac_cv_func___inet_pton=no
ac_cv_func_bcopy=yes
ac_cv_func_bzero=yes
ac_cv_func_daemon=yes
ac_cv_func_getaddrinfo=yes
ac_cv_func_getifaddrs=yes
ac_cv_func_if_indextoname=yes
ac_cv_func_if_nametoindex=yes
ac_cv_func_inet_aton=yes
ac_cv_func_setproctitle=no
ac_cv_func_snprintf=yes
ac_cv_func_strerror=yes
ac_cv_func_strlcat=no
ac_cv_func_strlcpy=no
ac_cv_func_vsnprintf=yes
ac_cv_header_asm_types_h=yes
ac_cv_header_inet_nd_h=no
ac_cv_header_inttypes_h=yes
ac_cv_header_kvm_h=no
ac_cv_header_libutil_h=no
ac_cv_header_linux_version_h=yes
ac_cv_header_memory_h=yes
ac_cv_header_net_if_dl_h=no
ac_cv_header_net_if_var_h=no
ac_cv_header_net_netopt_h=no
ac_cv_header_netdb_h=yes
ac_cv_header_netinet6_nd6_h=no
ac_cv_header_netinet_icmp6_h=yes
ac_cv_header_netinet_in6_h=no
ac_cv_header_netinet_in6_var_h=no
ac_cv_header_netinet_in_h=yes
ac_cv_header_netinet_in_var_h=no
ac_cv_header_stdc=yes
ac_cv_header_stdint_h=yes
ac_cv_header_stdlib_h=yes
ac_cv_header_string_h=yes
ac_cv_header_strings_h=yes
ac_cv_header_stropts_h=yes
ac_cv_header_sys_conf_h=no
ac_cv_header_sys_ksym_h=no
ac_cv_header_sys_select_h=yes
ac_cv_header_sys_sockio_h=no
ac_cv_header_sys_stat_h=yes
ac_cv_header_sys_sysctl_h=yes
ac_cv_header_sys_time_h=yes
ac_cv_header_sys_times_h=yes
ac_cv_header_sys_types_h=yes
ac_cv_header_unistd_h=yes
ac_cv_host=i686-pc-linux-gnu
ac_cv_host_alias=i686-pc-linux-gnu
ac_cv_htonl_works=yes
ac_cv_lib_c_inet_ntop=yes
ac_cv_lib_c_inet_pton=yes
ac_cv_lib_c_regexec=yes
ac_cv_lib_crypt_crypt=yes
ac_cv_lib_m_main=yes
ac_cv_lib_resolv_res_init=no
ac_cv_lib_util_setproctitle=no
ac_cv_objext=o
ac_cv_path_install='/usr/bin/install -c'
ac_cv_prog_AWK=gawk
ac_cv_prog_CPP='gcc -E'
ac_cv_prog_ac_ct_AR=ar
ac_cv_prog_ac_ct_CC=gcc
ac_cv_prog_ac_ct_RANLIB=ranlib
ac_cv_prog_cc_g=yes
ac_cv_prog_cc_stdc=
ac_cv_prog_make_make_set=yes
ac_cv_type_signal=void
am_cv_CC_dependencies_compiler_type=gcc3

## ----------- ##
## confdefs.h. ##
## ----------- ##

#define PACKAGE_NAME ""
#define PACKAGE_TARNAME ""
#define PACKAGE_VERSION ""
#define PACKAGE_STRING ""
#define PACKAGE_BUGREPORT ""
#define PACKAGE "zebra"
#define VERSION "0.93"
#define HAVE_TCP_ZEBRA 1
#define STDC_HEADERS 1
#define HAVE_SYS_TYPES_H 1
#define HAVE_SYS_STAT_H 1
#define HAVE_STDLIB_H 1
#define HAVE_STRING_H 1
#define HAVE_MEMORY_H 1
#define HAVE_STRINGS_H 1
#define HAVE_INTTYPES_H 1
#define HAVE_STDINT_H 1
#define HAVE_UNISTD_H 1
#define HAVE_STRING_H 1
#define HAVE_STROPTS_H 1
#define HAVE_SYS_TIME_H 1
#define HAVE_SYS_TIMES_H 1
#define HAVE_SYS_SELECT_H 1
#define HAVE_SYS_SYSCTL_H 1
#define HAVE_SYS_TYPES_H 1
#define HAVE_LINUX_VERSION_H 1
#define HAVE_NETDB_H 1
#define HAVE_NETINET_IN_H 1
#define HAVE_ASM_TYPES_H 1
#define HAVE_NETINET_ICMP6_H 1
#define RETSIGTYPE void
#define GNU_LINUX 1
#define HAVE_BCOPY 1
#define HAVE_BZERO 1
#define HAVE_STRERROR 1
#define HAVE_INET_ATON 1
#define HAVE_DAEMON 1
#define HAVE_SNPRINTF 1
#define HAVE_VSNPRINTF 1
#define HAVE_IF_NAMETOINDEX 1
#define HAVE_IF_INDEXTONAME 1
#define HAVE_GETIFADDRS 1
#define HAVE_NETLINK 1
#define HAVE_PROC_NET_DEV 1
#define HAVE_PROC_NET_IF_INET6 1
#define HAVE_GETADDRINFO 1
#define DISABLE_BGP_ANNOUNCE 1
#define HAVE_INET_NTOP 1
#define HAVE_INET_PTON 1
#define HAVE_LIBCRYPT 1
#define HAVE_LIBM 1
#define HAVE_GNU_REGEX 1
#define HAVE_SOCKLEN_T 1
#define HAVE_INPKTINFO 1
#define HAVE_RUSAGE 1
#define PATH_ZEBRA_PID "/var/run/zebra.pid"
#define PATH_RIPD_PID "/var/run/ripd.pid"
#define PATH_RIPNGD_PID "/var/run/ripngd.pid"
#define PATH_BGPD_PID "/var/run/bgpd.pid"
#define PATH_OSPFD_PID "/var/run/ospfd.pid"
#define PATH_OSPF6D_PID "/var/run/ospf6d.pid"

configure: exit 0
